<?xml version="1.0" encoding="UTF-8"?>
<TestRun id="4578891b-bc1c-4da6-93fe-1be2b99142ba" name="Svc-BuildController@DVGEOBUILD013UK 2016-07-28 11:02:24" runUser="GLOBALDEV\Svc-BuildController" xmlns="http://microsoft.com/schemas/VisualStudio/TeamTest/2010">
  <TestSettings name="Local" id="30a74a68-e2a8-4b83-9079-b2967481116f">
    <Description>These are default test settings for a local test run.</Description>
    <Deployment userDeploymentRoot="D:\Buildoutput\RBS\TestResults" useDefaultDeploymentRoot="false" runDeploymentRoot="Svc-BuildController_DVGEOBUILD013UK 2016-07-28 11_02_24">
      <DeploymentItem filename="UnitTest\bin\Debug\Microsoft.Practices.EnterpriseLibrary.Logging.dll" />
      <DeploymentItem filename="UnitTest\bin\Debug\Microsoft.Practices.EnterpriseLibrary.ExceptionHandling.Logging.dll" />
      <DeploymentItem filename="UnitTest\Tesco.Com.Rewards.Services.RBS.unity.config" />
      <DeploymentItem filename="UnitTest\bin\Debug\Microsoft.Practices.EnterpriseLibrary.ExceptionHandling.dll" />
      <DeploymentItem filename="UnitTest\bin\Debug\Microsoft.Practices.EnterpriseLibrary.Logging.Database.dll" />
      <DeploymentItem filename="UnitTest\bin\Debug\Microsoft.Practices.EnterpriseLibrary.Common.dll" />
      <DeploymentItem filename="UnitTest\App.Config" />
      <DeploymentItem filename="UnitTest\bin\Debug\Microsoft.Practices.ServiceLocation.dll" />
      <DeploymentItem filename="UnitTest\Tesco.Com.Rewards.Services.RBS.Provider.dll.config" />
      <DeploymentItem filename="UnitTest\bin\Debug\Microsoft.Practices.EnterpriseLibrary.Data.dll" />
    </Deployment>
    <Execution>
      <TestTypeSpecific>
        <UnitTestRunConfig testTypeId="13cdc9d9-ddb5-4fa4-a97d-d965ccfc6d4b">
          <AssemblyResolution>
            <TestDirectory useLoadContext="true" />
          </AssemblyResolution>
        </UnitTestRunConfig>
        <WebTestRunConfiguration testTypeId="4e7599fa-5ecb-43e9-a887-cd63cf72d207">
          <Browser name="Internet Explorer 7.0">
            <Headers>
              <Header name="User-Agent" value="Mozilla/4.0 (compatible; MSIE 7.0; Windows NT 5.1)" />
              <Header name="Accept" value="*/*" />
              <Header name="Accept-Language" value="{{$IEAcceptLanguage}}" />
              <Header name="Accept-Encoding" value="GZIP" />
            </Headers>
          </Browser>
        </WebTestRunConfiguration>
      </TestTypeSpecific>
      <AgentRule name="LocalMachineDefaultRole">
        <DataCollectors>
          <DataCollector uri="datacollector://microsoft/CodeCoverage/1.0" assemblyQualifiedName="Microsoft.VisualStudio.TestTools.CodeCoverage.CoveragePlugIn, Microsoft.VisualStudio.QualityTools.Plugins.CodeCoverage, Version=10.0.0.0, Culture=neutral, PublicKeyToken=b03f5f7f11d50a3a" friendlyName="Code Coverage">
            <Configuration>
              <CodeCoverage xmlns="">
                <Regular>
                  <CodeCoverageItem binaryFile="D:\Buildoutput\RBS\Binaries\Tesco.Com.Rewards.Services.RBS.Provider.dll" pdbFile="D:\Buildoutput\RBS\Binaries\Tesco.Com.Rewards.Services.RBS.Provider.instr.pdb" instrumentInPlace="true" />
                  <CodeCoverageItem binaryFile="D:\Buildoutput\RBS\Binaries\Tesco.Com.Rewards.Services.RBS.Repositories.dll" pdbFile="D:\Buildoutput\RBS\Binaries\Tesco.Com.Rewards.Services.RBS.Repositories.instr.pdb" instrumentInPlace="true" />
                </Regular>
              </CodeCoverage>
            </Configuration>
          </DataCollector>
        </DataCollectors>
      </AgentRule>
    </Execution>
  </TestSettings>
  <Times creation="2016-07-28T11:02:24.8933206+01:00" queuing="2016-07-28T11:02:32.1843206+01:00" start="2016-07-28T11:02:32.4793206+01:00" finish="2016-07-28T11:02:54.0293206+01:00" />
  <ResultSummary outcome="Failed">
    <Counters total="139" executed="139" passed="132" error="0" failed="7" timeout="0" aborted="0" inconclusive="0" passedButRunAborted="0" notRunnable="0" notExecuted="0" disconnected="0" warning="0" completed="0" inProgress="0" pending="0" />
    <RunInfos>
      <RunInfo computerName="DVGEOBUILD013UK" outcome="Warning" timestamp="2016-07-28T11:02:32.1773206+01:00">
        <Text>Warning: Test Run deployment issue: The assembly or module 'System.Reactive' directly or indirectly referenced by the test container 'd:\buildoutput\rbs\binaries\tesco.com.rewards.services.rbs.unittest.dll' was not found.</Text>
      </RunInfo>
      <RunInfo computerName="DVGEOBUILD013UK" outcome="Warning" timestamp="2016-07-28T11:02:32.1773206+01:00">
        <Text>Warning: Test Run deployment issue: The assembly or module 'RemoteConfiguration.Contracts' directly or indirectly referenced by the test container 'd:\buildoutput\rbs\binaries\tesco.com.rewards.services.rbs.unittest.dll' was not found.</Text>
      </RunInfo>
    </RunInfos>
    <ResultFiles>
      <ResultFile path="DVGEOBUILD013UK\data.coverage" />
    </ResultFiles>
  </ResultSummary>
  <TestDefinitions>
    <UnitTest name="SearchContentGroupTest" storage="d:\buildoutput\rbs\binaries\tesco.com.rewards.services.rbs.unittest.dll" id="7cc20874-b023-825c-8262-162fddef25cd">
      <DeploymentItems>
        <DeploymentItem filename="Tesco.Com.Rewards.Services.RBS.unity.config" />
        <DeploymentItem filename="App.Config" />
        <DeploymentItem filename="Tesco.Com.Rewards.Services.RBS.Provider.dll.config" />
      </DeploymentItems>
      <Execution id="785ee472-05f4-4439-bbfc-bc987e72595f" />
      <TestMethod codeBase="D:/Buildoutput/RBS/Binaries/Tesco.Com.Rewards.Services.RBS.UnitTest.DLL" adapterTypeName="Microsoft.VisualStudio.TestTools.TestTypes.Unit.UnitTestAdapter, Microsoft.VisualStudio.QualityTools.Tips.UnitTest.Adapter, Version=10.0.0.0, Culture=neutral, PublicKeyToken=b03f5f7f11d50a3a" className="Tesco.Com.Rewards.Services.RBS.UnitTest.RBSProviderTest, Tesco.Com.Rewards.Services.RBS.UnitTest, Version=1.0.0.0, Culture=neutral, PublicKeyToken=null" name="SearchContentGroupTest" />
    </UnitTest>
    <UnitTest name="GetRemindersByStyleIdTest" storage="d:\buildoutput\rbs\binaries\tesco.com.rewards.services.rbs.unittest.dll" id="ba89b6f6-7b14-b41a-e761-fc2f3b98fa38">
      <DeploymentItems>
        <DeploymentItem filename="Tesco.Com.Rewards.Services.RBS.unity.config" />
        <DeploymentItem filename="App.Config" />
        <DeploymentItem filename="Tesco.Com.Rewards.Services.RBS.Provider.dll.config" />
      </DeploymentItems>
      <Execution id="d66db738-635e-4d5b-9027-05979a6f937b" />
      <TestMethod codeBase="D:/Buildoutput/RBS/Binaries/Tesco.Com.Rewards.Services.RBS.UnitTest.DLL" adapterTypeName="Microsoft.VisualStudio.TestTools.TestTypes.Unit.UnitTestAdapter, Microsoft.VisualStudio.QualityTools.Tips.UnitTest.Adapter, Version=10.0.0.0, Culture=neutral, PublicKeyToken=b03f5f7f11d50a3a" className="Tesco.Com.Rewards.Services.RBS.UnitTest.RBSProviderTest, Tesco.Com.Rewards.Services.RBS.UnitTest, Version=1.0.0.0, Culture=neutral, PublicKeyToken=null" name="GetRemindersByStyleIdTest" />
    </UnitTest>
    <UnitTest name="SaveVariantValuesValidTest" storage="d:\buildoutput\rbs\binaries\tesco.com.rewards.services.rbs.unittest.dll" id="b1a9ecfb-cfbb-5b4f-d589-a50b9f51e1a8">
      <DeploymentItems>
        <DeploymentItem filename="Tesco.Com.Rewards.Services.RBS.unity.config" />
        <DeploymentItem filename="App.Config" />
        <DeploymentItem filename="Tesco.Com.Rewards.Services.RBS.Provider.dll.config" />
      </DeploymentItems>
      <Execution id="e53eeed4-f926-4997-9a5a-28a63be63f5d" />
      <TestMethod codeBase="D:/Buildoutput/RBS/Binaries/Tesco.Com.Rewards.Services.RBS.UnitTest.DLL" adapterTypeName="Microsoft.VisualStudio.TestTools.TestTypes.Unit.UnitTestAdapter, Microsoft.VisualStudio.QualityTools.Tips.UnitTest.Adapter, Version=10.0.0.0, Culture=neutral, PublicKeyToken=b03f5f7f11d50a3a" className="Tesco.Com.Rewards.Services.RBS.UnitTest.RBSProviderTest, Tesco.Com.Rewards.Services.RBS.UnitTest, Version=1.0.0.0, Culture=neutral, PublicKeyToken=null" name="SaveVariantValuesValidTest" />
    </UnitTest>
    <UnitTest name="GetContentGroupTest" storage="d:\buildoutput\rbs\binaries\tesco.com.rewards.services.rbs.unittest.dll" id="d45a0a77-b0f2-84c9-7c63-e803b008f9df">
      <DeploymentItems>
        <DeploymentItem filename="Tesco.Com.Rewards.Services.RBS.unity.config" />
        <DeploymentItem filename="App.Config" />
        <DeploymentItem filename="Tesco.Com.Rewards.Services.RBS.Provider.dll.config" />
      </DeploymentItems>
      <Execution id="c2c44a11-5b12-4f22-8973-aff94f11b9d9" />
      <TestMethod codeBase="D:/Buildoutput/RBS/Binaries/Tesco.Com.Rewards.Services.RBS.UnitTest.DLL" adapterTypeName="Microsoft.VisualStudio.TestTools.TestTypes.Unit.UnitTestAdapter, Microsoft.VisualStudio.QualityTools.Tips.UnitTest.Adapter, Version=10.0.0.0, Culture=neutral, PublicKeyToken=b03f5f7f11d50a3a" className="Tesco.Com.Rewards.Services.RBS.UnitTest.RBSProviderTest, Tesco.Com.Rewards.Services.RBS.UnitTest, Version=1.0.0.0, Culture=neutral, PublicKeyToken=null" name="GetContentGroupTest" />
    </UnitTest>
    <UnitTest name="SearchContentGroupRepositoryTest" storage="d:\buildoutput\rbs\binaries\tesco.com.rewards.services.rbs.unittest.dll" id="4ada6f89-2f4f-feca-c858-4edb9a6fc4bf">
      <DeploymentItems>
        <DeploymentItem filename="Tesco.Com.Rewards.Services.RBS.unity.config" />
        <DeploymentItem filename="App.Config" />
        <DeploymentItem filename="Tesco.Com.Rewards.Services.RBS.Provider.dll.config" />
      </DeploymentItems>
      <Execution id="f018603e-751b-4d86-ba49-689804509e68" />
      <TestMethod codeBase="D:/Buildoutput/RBS/Binaries/Tesco.Com.Rewards.Services.RBS.UnitTest.DLL" adapterTypeName="Microsoft.VisualStudio.TestTools.TestTypes.Unit.UnitTestAdapter, Microsoft.VisualStudio.QualityTools.Tips.UnitTest.Adapter, Version=10.0.0.0, Culture=neutral, PublicKeyToken=b03f5f7f11d50a3a" className="Tesco.Com.Rewards.Services.RBS.UnitTest.RBSRepositoryTest, Tesco.Com.Rewards.Services.RBS.UnitTest, Version=1.0.0.0, Culture=neutral, PublicKeyToken=null" name="SearchContentGroupRepositoryTest" />
    </UnitTest>
    <UnitTest name="GetStandingDataValueValidTest" storage="d:\buildoutput\rbs\binaries\tesco.com.rewards.services.rbs.unittest.dll" id="e0b1d61c-b5d3-161f-836e-166c0793ad9c">
      <DeploymentItems>
        <DeploymentItem filename="Tesco.Com.Rewards.Services.RBS.unity.config" />
        <DeploymentItem filename="App.Config" />
        <DeploymentItem filename="Tesco.Com.Rewards.Services.RBS.Provider.dll.config" />
      </DeploymentItems>
      <Execution id="440f95ec-6414-48a5-a692-07ffe828cd93" />
      <TestMethod codeBase="D:/Buildoutput/RBS/Binaries/Tesco.Com.Rewards.Services.RBS.UnitTest.DLL" adapterTypeName="Microsoft.VisualStudio.TestTools.TestTypes.Unit.UnitTestAdapter, Microsoft.VisualStudio.QualityTools.Tips.UnitTest.Adapter, Version=10.0.0.0, Culture=neutral, PublicKeyToken=b03f5f7f11d50a3a" className="Tesco.Com.Rewards.Services.RBS.UnitTest.RBSProviderTest, Tesco.Com.Rewards.Services.RBS.UnitTest, Version=1.0.0.0, Culture=neutral, PublicKeyToken=null" name="GetStandingDataValueValidTest" />
    </UnitTest>
    <UnitTest name="GetContentGroupContentValidTest" storage="d:\buildoutput\rbs\binaries\tesco.com.rewards.services.rbs.unittest.dll" id="08e2153b-b626-7394-c5a1-0abde608d7fb">
      <DeploymentItems>
        <DeploymentItem filename="Tesco.Com.Rewards.Services.RBS.unity.config" />
        <DeploymentItem filename="App.Config" />
        <DeploymentItem filename="Tesco.Com.Rewards.Services.RBS.Provider.dll.config" />
      </DeploymentItems>
      <Execution id="807cddd0-d6b7-484f-9277-2f9fe2906737" />
      <TestMethod codeBase="D:/Buildoutput/RBS/Binaries/Tesco.Com.Rewards.Services.RBS.UnitTest.DLL" adapterTypeName="Microsoft.VisualStudio.TestTools.TestTypes.Unit.UnitTestAdapter, Microsoft.VisualStudio.QualityTools.Tips.UnitTest.Adapter, Version=10.0.0.0, Culture=neutral, PublicKeyToken=b03f5f7f11d50a3a" className="Tesco.Com.Rewards.Services.RBS.UnitTest.RBSRepositoryTest, Tesco.Com.Rewards.Services.RBS.UnitTest, Version=1.0.0.0, Culture=neutral, PublicKeyToken=null" name="GetContentGroupContentValidTest" />
    </UnitTest>
    <UnitTest name="CreateContentGroupForContentValidTest" storage="d:\buildoutput\rbs\binaries\tesco.com.rewards.services.rbs.unittest.dll" id="e3a280e5-b50f-c39b-9533-286708fb1de1">
      <DeploymentItems>
        <DeploymentItem filename="Tesco.Com.Rewards.Services.RBS.unity.config" />
        <DeploymentItem filename="App.Config" />
        <DeploymentItem filename="Tesco.Com.Rewards.Services.RBS.Provider.dll.config" />
      </DeploymentItems>
      <Execution id="a00cfaf0-7d0f-47e8-8987-cd0b1bf6188b" />
      <TestMethod codeBase="D:/Buildoutput/RBS/Binaries/Tesco.Com.Rewards.Services.RBS.UnitTest.DLL" adapterTypeName="Microsoft.VisualStudio.TestTools.TestTypes.Unit.UnitTestAdapter, Microsoft.VisualStudio.QualityTools.Tips.UnitTest.Adapter, Version=10.0.0.0, Culture=neutral, PublicKeyToken=b03f5f7f11d50a3a" className="Tesco.Com.Rewards.Services.RBS.UnitTest.RBSRepositoryTest, Tesco.Com.Rewards.Services.RBS.UnitTest, Version=1.0.0.0, Culture=neutral, PublicKeyToken=null" name="CreateContentGroupForContentValidTest" />
    </UnitTest>
    <UnitTest name="SaveEntitlementTest" storage="d:\buildoutput\rbs\binaries\tesco.com.rewards.services.rbs.unittest.dll" id="3f57a210-2c20-5f5a-1893-aac742c4cb9d">
      <DeploymentItems>
        <DeploymentItem filename="Tesco.Com.Rewards.Services.RBS.unity.config" />
        <DeploymentItem filename="App.Config" />
        <DeploymentItem filename="Tesco.Com.Rewards.Services.RBS.Provider.dll.config" />
      </DeploymentItems>
      <Execution id="ad1bf05a-1757-47d3-b922-181fc886c4de" />
      <TestMethod codeBase="D:/Buildoutput/RBS/Binaries/Tesco.Com.Rewards.Services.RBS.UnitTest.DLL" adapterTypeName="Microsoft.VisualStudio.TestTools.TestTypes.Unit.UnitTestAdapter, Microsoft.VisualStudio.QualityTools.Tips.UnitTest.Adapter, Version=10.0.0.0, Culture=neutral, PublicKeyToken=b03f5f7f11d50a3a" className="Tesco.Com.Rewards.Services.RBS.UnitTest.RBSProviderTest, Tesco.Com.Rewards.Services.RBS.UnitTest, Version=1.0.0.0, Culture=neutral, PublicKeyToken=null" name="SaveEntitlementTest" />
    </UnitTest>
    <UnitTest name="SaveVariantType_UpdateSQLExceptionTest" storage="d:\buildoutput\rbs\binaries\tesco.com.rewards.services.rbs.unittest.dll" id="efe0ce90-5328-c99c-1421-6704602fc7a3">
      <DeploymentItems>
        <DeploymentItem filename="Tesco.Com.Rewards.Services.RBS.unity.config" />
        <DeploymentItem filename="App.Config" />
        <DeploymentItem filename="Tesco.Com.Rewards.Services.RBS.Provider.dll.config" />
      </DeploymentItems>
      <Execution id="546ff036-0132-46cd-8c65-0ec8572f76ff" />
      <TestMethod codeBase="D:/Buildoutput/RBS/Binaries/Tesco.Com.Rewards.Services.RBS.UnitTest.DLL" adapterTypeName="Microsoft.VisualStudio.TestTools.TestTypes.Unit.UnitTestAdapter, Microsoft.VisualStudio.QualityTools.Tips.UnitTest.Adapter, Version=10.0.0.0, Culture=neutral, PublicKeyToken=b03f5f7f11d50a3a" className="Tesco.Com.Rewards.Services.RBS.UnitTest.RBSRepositoryTest, Tesco.Com.Rewards.Services.RBS.UnitTest, Version=1.0.0.0, Culture=neutral, PublicKeyToken=null" name="SaveVariantType_UpdateSQLExceptionTest" />
    </UnitTest>
    <UnitTest name="CreateNotificationTemplateDBExceptionTest" storage="d:\buildoutput\rbs\binaries\tesco.com.rewards.services.rbs.unittest.dll" id="26f4c849-a2f2-9bef-4bec-2212344ff75a">
      <DeploymentItems>
        <DeploymentItem filename="Tesco.Com.Rewards.Services.RBS.unity.config" />
        <DeploymentItem filename="App.Config" />
        <DeploymentItem filename="Tesco.Com.Rewards.Services.RBS.Provider.dll.config" />
      </DeploymentItems>
      <Execution id="9966fc7d-7fc6-407f-a807-7b15fbe58535" />
      <TestMethod codeBase="D:/Buildoutput/RBS/Binaries/Tesco.Com.Rewards.Services.RBS.UnitTest.DLL" adapterTypeName="Microsoft.VisualStudio.TestTools.TestTypes.Unit.UnitTestAdapter, Microsoft.VisualStudio.QualityTools.Tips.UnitTest.Adapter, Version=10.0.0.0, Culture=neutral, PublicKeyToken=b03f5f7f11d50a3a" className="Tesco.Com.Rewards.Services.RBS.UnitTest.RBSRepositoryTest, Tesco.Com.Rewards.Services.RBS.UnitTest, Version=1.0.0.0, Culture=neutral, PublicKeyToken=null" name="CreateNotificationTemplateDBExceptionTest" />
    </UnitTest>
    <UnitTest name="UpdateUser_UpdateLastLogin" storage="d:\buildoutput\rbs\binaries\tesco.com.rewards.services.rbs.unittest.dll" id="21d2c53d-f829-e37c-fe13-951faf49a82b">
      <DeploymentItems>
        <DeploymentItem filename="Tesco.Com.Rewards.Services.RBS.unity.config" />
        <DeploymentItem filename="App.Config" />
        <DeploymentItem filename="Tesco.Com.Rewards.Services.RBS.Provider.dll.config" />
      </DeploymentItems>
      <Execution id="49d38463-e054-486f-bf75-cd2a39f07fe0" />
      <TestMethod codeBase="D:/Buildoutput/RBS/Binaries/Tesco.Com.Rewards.Services.RBS.UnitTest.DLL" adapterTypeName="Microsoft.VisualStudio.TestTools.TestTypes.Unit.UnitTestAdapter, Microsoft.VisualStudio.QualityTools.Tips.UnitTest.Adapter, Version=10.0.0.0, Culture=neutral, PublicKeyToken=b03f5f7f11d50a3a" className="Tesco.Com.Rewards.Services.RBS.UnitTest.RBSRepositoryTest, Tesco.Com.Rewards.Services.RBS.UnitTest, Version=1.0.0.0, Culture=neutral, PublicKeyToken=null" name="UpdateUser_UpdateLastLogin" />
    </UnitTest>
    <UnitTest name="UpdateUser_AuthTokenTest" storage="d:\buildoutput\rbs\binaries\tesco.com.rewards.services.rbs.unittest.dll" id="3308cc3c-c0a8-22fb-d30c-92b6d0b49034">
      <DeploymentItems>
        <DeploymentItem filename="Tesco.Com.Rewards.Services.RBS.unity.config" />
        <DeploymentItem filename="App.Config" />
        <DeploymentItem filename="Tesco.Com.Rewards.Services.RBS.Provider.dll.config" />
      </DeploymentItems>
      <Execution id="18f90abe-329f-44e6-8154-a1bb79e79fd7" />
      <TestMethod codeBase="D:/Buildoutput/RBS/Binaries/Tesco.Com.Rewards.Services.RBS.UnitTest.DLL" adapterTypeName="Microsoft.VisualStudio.TestTools.TestTypes.Unit.UnitTestAdapter, Microsoft.VisualStudio.QualityTools.Tips.UnitTest.Adapter, Version=10.0.0.0, Culture=neutral, PublicKeyToken=b03f5f7f11d50a3a" className="Tesco.Com.Rewards.Services.RBS.UnitTest.RBSRepositoryTest, Tesco.Com.Rewards.Services.RBS.UnitTest, Version=1.0.0.0, Culture=neutral, PublicKeyToken=null" name="UpdateUser_AuthTokenTest" />
    </UnitTest>
    <UnitTest name="GetDenominationsTest" storage="d:\buildoutput\rbs\binaries\tesco.com.rewards.services.rbs.unittest.dll" id="7bfa9a20-a3d1-a8db-7b6d-719ec6736d6b">
      <DeploymentItems>
        <DeploymentItem filename="Tesco.Com.Rewards.Services.RBS.unity.config" />
        <DeploymentItem filename="App.Config" />
        <DeploymentItem filename="Tesco.Com.Rewards.Services.RBS.Provider.dll.config" />
      </DeploymentItems>
      <Execution id="0536b2d8-7451-41d0-ba3c-c8ae4fe1814f" />
      <TestMethod codeBase="D:/Buildoutput/RBS/Binaries/Tesco.Com.Rewards.Services.RBS.UnitTest.DLL" adapterTypeName="Microsoft.VisualStudio.TestTools.TestTypes.Unit.UnitTestAdapter, Microsoft.VisualStudio.QualityTools.Tips.UnitTest.Adapter, Version=10.0.0.0, Culture=neutral, PublicKeyToken=b03f5f7f11d50a3a" className="Tesco.Com.Rewards.Services.RBS.UnitTest.RBSProviderTest, Tesco.Com.Rewards.Services.RBS.UnitTest, Version=1.0.0.0, Culture=neutral, PublicKeyToken=null" name="GetDenominationsTest" />
    </UnitTest>
    <UnitTest name="CreateFeedGenerationRequestTest" storage="d:\buildoutput\rbs\binaries\tesco.com.rewards.services.rbs.unittest.dll" id="fdd6a2bd-b087-f435-8759-3c75bba25a4d">
      <DeploymentItems>
        <DeploymentItem filename="Tesco.Com.Rewards.Services.RBS.unity.config" />
        <DeploymentItem filename="App.Config" />
        <DeploymentItem filename="Tesco.Com.Rewards.Services.RBS.Provider.dll.config" />
      </DeploymentItems>
      <Execution id="30fc07d6-85e8-4994-b870-646f73dfcd13" />
      <TestMethod codeBase="D:/Buildoutput/RBS/Binaries/Tesco.Com.Rewards.Services.RBS.UnitTest.DLL" adapterTypeName="Microsoft.VisualStudio.TestTools.TestTypes.Unit.UnitTestAdapter, Microsoft.VisualStudio.QualityTools.Tips.UnitTest.Adapter, Version=10.0.0.0, Culture=neutral, PublicKeyToken=b03f5f7f11d50a3a" className="Tesco.Com.Rewards.Services.RBS.UnitTest.RBSProviderTest, Tesco.Com.Rewards.Services.RBS.UnitTest, Version=1.0.0.0, Culture=neutral, PublicKeyToken=null" name="CreateFeedGenerationRequestTest" />
    </UnitTest>
    <UnitTest name="GetAllContentGroupDetailValidTest" storage="d:\buildoutput\rbs\binaries\tesco.com.rewards.services.rbs.unittest.dll" id="d01ef75b-7d94-3249-acde-e422bb6db3e3">
      <DeploymentItems>
        <DeploymentItem filename="Tesco.Com.Rewards.Services.RBS.unity.config" />
        <DeploymentItem filename="App.Config" />
        <DeploymentItem filename="Tesco.Com.Rewards.Services.RBS.Provider.dll.config" />
      </DeploymentItems>
      <Execution id="254c1c4a-3091-47a9-8cdc-c2d3d3fc8601" />
      <TestMethod codeBase="D:/Buildoutput/RBS/Binaries/Tesco.Com.Rewards.Services.RBS.UnitTest.DLL" adapterTypeName="Microsoft.VisualStudio.TestTools.TestTypes.Unit.UnitTestAdapter, Microsoft.VisualStudio.QualityTools.Tips.UnitTest.Adapter, Version=10.0.0.0, Culture=neutral, PublicKeyToken=b03f5f7f11d50a3a" className="Tesco.Com.Rewards.Services.RBS.UnitTest.RBSRepositoryTest, Tesco.Com.Rewards.Services.RBS.UnitTest, Version=1.0.0.0, Culture=neutral, PublicKeyToken=null" name="GetAllContentGroupDetailValidTest" />
    </UnitTest>
    <UnitTest name="GetApplicationsTest" storage="d:\buildoutput\rbs\binaries\tesco.com.rewards.services.rbs.unittest.dll" id="ec282ad7-663f-2e43-1083-5f801d0bdd72">
      <DeploymentItems>
        <DeploymentItem filename="Tesco.Com.Rewards.Services.RBS.unity.config" />
        <DeploymentItem filename="App.Config" />
        <DeploymentItem filename="Tesco.Com.Rewards.Services.RBS.Provider.dll.config" />
      </DeploymentItems>
      <Execution id="6498af5d-a738-4e81-b13e-667f257b59a3" />
      <TestMethod codeBase="D:/Buildoutput/RBS/Binaries/Tesco.Com.Rewards.Services.RBS.UnitTest.DLL" adapterTypeName="Microsoft.VisualStudio.TestTools.TestTypes.Unit.UnitTestAdapter, Microsoft.VisualStudio.QualityTools.Tips.UnitTest.Adapter, Version=10.0.0.0, Culture=neutral, PublicKeyToken=b03f5f7f11d50a3a" className="Tesco.Com.Rewards.Services.RBS.UnitTest.RBSRepositoryTest, Tesco.Com.Rewards.Services.RBS.UnitTest, Version=1.0.0.0, Culture=neutral, PublicKeyToken=null" name="GetApplicationsTest" />
    </UnitTest>
    <UnitTest name="GetStandingDataTypeValidTest" storage="d:\buildoutput\rbs\binaries\tesco.com.rewards.services.rbs.unittest.dll" id="4bef76f2-7479-33a7-2598-9f85c02bf0f4">
      <DeploymentItems>
        <DeploymentItem filename="Tesco.Com.Rewards.Services.RBS.unity.config" />
        <DeploymentItem filename="App.Config" />
        <DeploymentItem filename="Tesco.Com.Rewards.Services.RBS.Provider.dll.config" />
      </DeploymentItems>
      <Execution id="22167090-7639-42f7-b2f1-03ed155c8e08" />
      <TestMethod codeBase="D:/Buildoutput/RBS/Binaries/Tesco.Com.Rewards.Services.RBS.UnitTest.DLL" adapterTypeName="Microsoft.VisualStudio.TestTools.TestTypes.Unit.UnitTestAdapter, Microsoft.VisualStudio.QualityTools.Tips.UnitTest.Adapter, Version=10.0.0.0, Culture=neutral, PublicKeyToken=b03f5f7f11d50a3a" className="Tesco.Com.Rewards.Services.RBS.UnitTest.RBSProviderTest, Tesco.Com.Rewards.Services.RBS.UnitTest, Version=1.0.0.0, Culture=neutral, PublicKeyToken=null" name="GetStandingDataTypeValidTest" />
    </UnitTest>
    <UnitTest name="GetUserBusinessValidationException" storage="d:\buildoutput\rbs\binaries\tesco.com.rewards.services.rbs.unittest.dll" id="9733b250-a20c-da11-9878-fbcb5a5d31a9">
      <DeploymentItems>
        <DeploymentItem filename="Tesco.Com.Rewards.Services.RBS.unity.config" />
        <DeploymentItem filename="App.Config" />
        <DeploymentItem filename="Tesco.Com.Rewards.Services.RBS.Provider.dll.config" />
      </DeploymentItems>
      <Execution id="c1cb40f3-e943-410e-a3d9-52b8eeb2cbb8" />
      <TestMethod codeBase="D:/Buildoutput/RBS/Binaries/Tesco.Com.Rewards.Services.RBS.UnitTest.DLL" adapterTypeName="Microsoft.VisualStudio.TestTools.TestTypes.Unit.UnitTestAdapter, Microsoft.VisualStudio.QualityTools.Tips.UnitTest.Adapter, Version=10.0.0.0, Culture=neutral, PublicKeyToken=b03f5f7f11d50a3a" className="Tesco.Com.Rewards.Services.RBS.UnitTest.RBSProviderTest, Tesco.Com.Rewards.Services.RBS.UnitTest, Version=1.0.0.0, Culture=neutral, PublicKeyToken=null" name="GetUserBusinessValidationException" />
    </UnitTest>
    <UnitTest name="CreateUpdateRegionDetailsValidTest" storage="d:\buildoutput\rbs\binaries\tesco.com.rewards.services.rbs.unittest.dll" id="0a402ddd-7eda-deba-f39e-c2717cf1b920">
      <DeploymentItems>
        <DeploymentItem filename="Tesco.Com.Rewards.Services.RBS.unity.config" />
        <DeploymentItem filename="App.Config" />
        <DeploymentItem filename="Tesco.Com.Rewards.Services.RBS.Provider.dll.config" />
      </DeploymentItems>
      <Execution id="a48485f2-ef9c-44bb-99c8-7aeb0f14c341" />
      <TestMethod codeBase="D:/Buildoutput/RBS/Binaries/Tesco.Com.Rewards.Services.RBS.UnitTest.DLL" adapterTypeName="Microsoft.VisualStudio.TestTools.TestTypes.Unit.UnitTestAdapter, Microsoft.VisualStudio.QualityTools.Tips.UnitTest.Adapter, Version=10.0.0.0, Culture=neutral, PublicKeyToken=b03f5f7f11d50a3a" className="Tesco.Com.Rewards.Services.RBS.UnitTest.RBSProviderTest, Tesco.Com.Rewards.Services.RBS.UnitTest, Version=1.0.0.0, Culture=neutral, PublicKeyToken=null" name="CreateUpdateRegionDetailsValidTest" />
    </UnitTest>
    <UnitTest name="SaveVariantTypeBusinessExceptionTest" storage="d:\buildoutput\rbs\binaries\tesco.com.rewards.services.rbs.unittest.dll" id="96c12807-605f-abf0-a0a9-50c6e8318c1e">
      <DeploymentItems>
        <DeploymentItem filename="Tesco.Com.Rewards.Services.RBS.unity.config" />
        <DeploymentItem filename="App.Config" />
        <DeploymentItem filename="Tesco.Com.Rewards.Services.RBS.Provider.dll.config" />
      </DeploymentItems>
      <Execution id="2cf7ee2c-328c-429a-9997-64692ba537f4" />
      <TestMethod codeBase="D:/Buildoutput/RBS/Binaries/Tesco.Com.Rewards.Services.RBS.UnitTest.DLL" adapterTypeName="Microsoft.VisualStudio.TestTools.TestTypes.Unit.UnitTestAdapter, Microsoft.VisualStudio.QualityTools.Tips.UnitTest.Adapter, Version=10.0.0.0, Culture=neutral, PublicKeyToken=b03f5f7f11d50a3a" className="Tesco.Com.Rewards.Services.RBS.UnitTest.RBSProviderTest, Tesco.Com.Rewards.Services.RBS.UnitTest, Version=1.0.0.0, Culture=neutral, PublicKeyToken=null" name="SaveVariantTypeBusinessExceptionTest" />
    </UnitTest>
    <UnitTest name="GetStandingDataValueInValidTest" storage="d:\buildoutput\rbs\binaries\tesco.com.rewards.services.rbs.unittest.dll" id="1d4fb90e-78fb-0c6b-8b9d-69a2d137630d">
      <DeploymentItems>
        <DeploymentItem filename="Tesco.Com.Rewards.Services.RBS.unity.config" />
        <DeploymentItem filename="App.Config" />
        <DeploymentItem filename="Tesco.Com.Rewards.Services.RBS.Provider.dll.config" />
      </DeploymentItems>
      <Execution id="8006fef9-fb19-432e-8b57-414985106de8" />
      <TestMethod codeBase="D:/Buildoutput/RBS/Binaries/Tesco.Com.Rewards.Services.RBS.UnitTest.DLL" adapterTypeName="Microsoft.VisualStudio.TestTools.TestTypes.Unit.UnitTestAdapter, Microsoft.VisualStudio.QualityTools.Tips.UnitTest.Adapter, Version=10.0.0.0, Culture=neutral, PublicKeyToken=b03f5f7f11d50a3a" className="Tesco.Com.Rewards.Services.RBS.UnitTest.RBSProviderTest, Tesco.Com.Rewards.Services.RBS.UnitTest, Version=1.0.0.0, Culture=neutral, PublicKeyToken=null" name="GetStandingDataValueInValidTest" />
    </UnitTest>
    <UnitTest name="GetDenominationInvalidTest" storage="d:\buildoutput\rbs\binaries\tesco.com.rewards.services.rbs.unittest.dll" id="918987c2-bbe8-22f1-86ee-a7e68f0f851e">
      <DeploymentItems>
        <DeploymentItem filename="Tesco.Com.Rewards.Services.RBS.unity.config" />
        <DeploymentItem filename="App.Config" />
        <DeploymentItem filename="Tesco.Com.Rewards.Services.RBS.Provider.dll.config" />
      </DeploymentItems>
      <Execution id="06915c55-34d3-49cb-96fb-e0323f2c8458" />
      <TestMethod codeBase="D:/Buildoutput/RBS/Binaries/Tesco.Com.Rewards.Services.RBS.UnitTest.DLL" adapterTypeName="Microsoft.VisualStudio.TestTools.TestTypes.Unit.UnitTestAdapter, Microsoft.VisualStudio.QualityTools.Tips.UnitTest.Adapter, Version=10.0.0.0, Culture=neutral, PublicKeyToken=b03f5f7f11d50a3a" className="Tesco.Com.Rewards.Services.RBS.UnitTest.RBSProviderTest, Tesco.Com.Rewards.Services.RBS.UnitTest, Version=1.0.0.0, Culture=neutral, PublicKeyToken=null" name="GetDenominationInvalidTest" />
    </UnitTest>
    <UnitTest name="CreateUpdateContentGroupinValidTest" storage="d:\buildoutput\rbs\binaries\tesco.com.rewards.services.rbs.unittest.dll" id="e00cf12d-5ba9-12a1-4009-8b66ddf5767c">
      <DeploymentItems>
        <DeploymentItem filename="Tesco.Com.Rewards.Services.RBS.unity.config" />
        <DeploymentItem filename="App.Config" />
        <DeploymentItem filename="Tesco.Com.Rewards.Services.RBS.Provider.dll.config" />
      </DeploymentItems>
      <Execution id="07a1ad08-16d7-4c57-9c24-b4e321d70ad5" />
      <TestMethod codeBase="D:/Buildoutput/RBS/Binaries/Tesco.Com.Rewards.Services.RBS.UnitTest.DLL" adapterTypeName="Microsoft.VisualStudio.TestTools.TestTypes.Unit.UnitTestAdapter, Microsoft.VisualStudio.QualityTools.Tips.UnitTest.Adapter, Version=10.0.0.0, Culture=neutral, PublicKeyToken=b03f5f7f11d50a3a" className="Tesco.Com.Rewards.Services.RBS.UnitTest.RBSProviderTest, Tesco.Com.Rewards.Services.RBS.UnitTest, Version=1.0.0.0, Culture=neutral, PublicKeyToken=null" name="CreateUpdateContentGroupinValidTest" />
    </UnitTest>
    <UnitTest name="SaveVariantValues_AddDBExceptionTest" storage="d:\buildoutput\rbs\binaries\tesco.com.rewards.services.rbs.unittest.dll" id="53313eb6-364b-3d51-edfe-3c1cc527aa02">
      <DeploymentItems>
        <DeploymentItem filename="Tesco.Com.Rewards.Services.RBS.unity.config" />
        <DeploymentItem filename="App.Config" />
        <DeploymentItem filename="Tesco.Com.Rewards.Services.RBS.Provider.dll.config" />
      </DeploymentItems>
      <Execution id="22436b80-1db6-42ac-a0c5-65e785578d99" />
      <TestMethod codeBase="D:/Buildoutput/RBS/Binaries/Tesco.Com.Rewards.Services.RBS.UnitTest.DLL" adapterTypeName="Microsoft.VisualStudio.TestTools.TestTypes.Unit.UnitTestAdapter, Microsoft.VisualStudio.QualityTools.Tips.UnitTest.Adapter, Version=10.0.0.0, Culture=neutral, PublicKeyToken=b03f5f7f11d50a3a" className="Tesco.Com.Rewards.Services.RBS.UnitTest.RBSRepositoryTest, Tesco.Com.Rewards.Services.RBS.UnitTest, Version=1.0.0.0, Culture=neutral, PublicKeyToken=null" name="SaveVariantValues_AddDBExceptionTest" />
    </UnitTest>
    <UnitTest name="SearchUserBusinessValidationException" storage="d:\buildoutput\rbs\binaries\tesco.com.rewards.services.rbs.unittest.dll" id="ca300c55-12d3-bfc9-77cf-3094c63d901b">
      <DeploymentItems>
        <DeploymentItem filename="Tesco.Com.Rewards.Services.RBS.unity.config" />
        <DeploymentItem filename="App.Config" />
        <DeploymentItem filename="Tesco.Com.Rewards.Services.RBS.Provider.dll.config" />
      </DeploymentItems>
      <Execution id="a970127e-4a0a-4092-bf39-9ddb2cb5420a" />
      <TestMethod codeBase="D:/Buildoutput/RBS/Binaries/Tesco.Com.Rewards.Services.RBS.UnitTest.DLL" adapterTypeName="Microsoft.VisualStudio.TestTools.TestTypes.Unit.UnitTestAdapter, Microsoft.VisualStudio.QualityTools.Tips.UnitTest.Adapter, Version=10.0.0.0, Culture=neutral, PublicKeyToken=b03f5f7f11d50a3a" className="Tesco.Com.Rewards.Services.RBS.UnitTest.RBSProviderTest, Tesco.Com.Rewards.Services.RBS.UnitTest, Version=1.0.0.0, Culture=neutral, PublicKeyToken=null" name="SearchUserBusinessValidationException" />
    </UnitTest>
    <UnitTest name="AuthenticateUserTest" storage="d:\buildoutput\rbs\binaries\tesco.com.rewards.services.rbs.unittest.dll" id="1e4bd745-cfd1-51fd-329f-36bfcbdc9421">
      <DeploymentItems>
        <DeploymentItem filename="Tesco.Com.Rewards.Services.RBS.unity.config" />
        <DeploymentItem filename="App.Config" />
        <DeploymentItem filename="Tesco.Com.Rewards.Services.RBS.Provider.dll.config" />
      </DeploymentItems>
      <Execution id="fc7999a7-b539-41e5-af0c-cce9d556380e" />
      <TestMethod codeBase="D:/Buildoutput/RBS/Binaries/Tesco.Com.Rewards.Services.RBS.UnitTest.DLL" adapterTypeName="Microsoft.VisualStudio.TestTools.TestTypes.Unit.UnitTestAdapter, Microsoft.VisualStudio.QualityTools.Tips.UnitTest.Adapter, Version=10.0.0.0, Culture=neutral, PublicKeyToken=b03f5f7f11d50a3a" className="Tesco.Com.Rewards.Services.RBS.UnitTest.RBSProviderTest, Tesco.Com.Rewards.Services.RBS.UnitTest, Version=1.0.0.0, Culture=neutral, PublicKeyToken=null" name="AuthenticateUserTest" />
    </UnitTest>
    <UnitTest name="GetRegionHierarchyValidTest" storage="d:\buildoutput\rbs\binaries\tesco.com.rewards.services.rbs.unittest.dll" id="61775daa-4038-d53d-8fc5-ab9e23034188">
      <DeploymentItems>
        <DeploymentItem filename="Tesco.Com.Rewards.Services.RBS.unity.config" />
        <DeploymentItem filename="App.Config" />
        <DeploymentItem filename="Tesco.Com.Rewards.Services.RBS.Provider.dll.config" />
      </DeploymentItems>
      <Execution id="3037070e-c237-4569-9e8f-c5554c81e58c" />
      <TestMethod codeBase="D:/Buildoutput/RBS/Binaries/Tesco.Com.Rewards.Services.RBS.UnitTest.DLL" adapterTypeName="Microsoft.VisualStudio.TestTools.TestTypes.Unit.UnitTestAdapter, Microsoft.VisualStudio.QualityTools.Tips.UnitTest.Adapter, Version=10.0.0.0, Culture=neutral, PublicKeyToken=b03f5f7f11d50a3a" className="Tesco.Com.Rewards.Services.RBS.UnitTest.RBSRepositoryTest, Tesco.Com.Rewards.Services.RBS.UnitTest, Version=1.0.0.0, Culture=neutral, PublicKeyToken=null" name="GetRegionHierarchyValidTest" />
    </UnitTest>
    <UnitTest name="GetConfigItem" storage="d:\buildoutput\rbs\binaries\tesco.com.rewards.services.rbs.unittest.dll" id="03257761-8964-1833-7045-7606058fc3ad">
      <DeploymentItems>
        <DeploymentItem filename="Tesco.Com.Rewards.Services.RBS.unity.config" />
        <DeploymentItem filename="App.Config" />
        <DeploymentItem filename="Tesco.Com.Rewards.Services.RBS.Provider.dll.config" />
      </DeploymentItems>
      <Execution id="2c3d8341-d0cf-4bfb-a7bb-fa65ee742d1b" />
      <TestMethod codeBase="D:/Buildoutput/RBS/Binaries/Tesco.Com.Rewards.Services.RBS.UnitTest.DLL" adapterTypeName="Microsoft.VisualStudio.TestTools.TestTypes.Unit.UnitTestAdapter, Microsoft.VisualStudio.QualityTools.Tips.UnitTest.Adapter, Version=10.0.0.0, Culture=neutral, PublicKeyToken=b03f5f7f11d50a3a" className="Tesco.Com.Rewards.Services.RBS.UnitTest.RBSRepositoryTest, Tesco.Com.Rewards.Services.RBS.UnitTest, Version=1.0.0.0, Culture=neutral, PublicKeyToken=null" name="GetConfigItem" />
    </UnitTest>
    <UnitTest name="GetStandingDataArgumentEmptyExceptionTest" storage="d:\buildoutput\rbs\binaries\tesco.com.rewards.services.rbs.unittest.dll" id="3c82bb9e-0e7f-9982-e2e6-fed0e912a637">
      <DeploymentItems>
        <DeploymentItem filename="Tesco.Com.Rewards.Services.RBS.unity.config" />
        <DeploymentItem filename="App.Config" />
        <DeploymentItem filename="Tesco.Com.Rewards.Services.RBS.Provider.dll.config" />
      </DeploymentItems>
      <Execution id="5f2a9b34-5359-4cea-8f2a-b84d14a1b092" />
      <TestMethod codeBase="D:/Buildoutput/RBS/Binaries/Tesco.Com.Rewards.Services.RBS.UnitTest.DLL" adapterTypeName="Microsoft.VisualStudio.TestTools.TestTypes.Unit.UnitTestAdapter, Microsoft.VisualStudio.QualityTools.Tips.UnitTest.Adapter, Version=10.0.0.0, Culture=neutral, PublicKeyToken=b03f5f7f11d50a3a" className="Tesco.Com.Rewards.Services.RBS.UnitTest.RBSProviderTest, Tesco.Com.Rewards.Services.RBS.UnitTest, Version=1.0.0.0, Culture=neutral, PublicKeyToken=null" name="GetStandingDataArgumentEmptyExceptionTest" />
    </UnitTest>
    <UnitTest name="CreateUserTest" storage="d:\buildoutput\rbs\binaries\tesco.com.rewards.services.rbs.unittest.dll" id="23a02786-4f80-e7fc-0f93-9de7b3c76954">
      <DeploymentItems>
        <DeploymentItem filename="Tesco.Com.Rewards.Services.RBS.unity.config" />
        <DeploymentItem filename="App.Config" />
        <DeploymentItem filename="Tesco.Com.Rewards.Services.RBS.Provider.dll.config" />
      </DeploymentItems>
      <Execution id="227f42b3-a3cf-4a53-bddb-2e4e9e703672" />
      <TestMethod codeBase="D:/Buildoutput/RBS/Binaries/Tesco.Com.Rewards.Services.RBS.UnitTest.DLL" adapterTypeName="Microsoft.VisualStudio.TestTools.TestTypes.Unit.UnitTestAdapter, Microsoft.VisualStudio.QualityTools.Tips.UnitTest.Adapter, Version=10.0.0.0, Culture=neutral, PublicKeyToken=b03f5f7f11d50a3a" className="Tesco.Com.Rewards.Services.RBS.UnitTest.RBSProviderTest, Tesco.Com.Rewards.Services.RBS.UnitTest, Version=1.0.0.0, Culture=neutral, PublicKeyToken=null" name="CreateUserTest" />
    </UnitTest>
    <UnitTest name="CreateUserTest" storage="d:\buildoutput\rbs\binaries\tesco.com.rewards.services.rbs.unittest.dll" id="74902e82-4569-04b2-df61-a3dd5e15b2aa">
      <DeploymentItems>
        <DeploymentItem filename="Tesco.Com.Rewards.Services.RBS.unity.config" />
        <DeploymentItem filename="App.Config" />
        <DeploymentItem filename="Tesco.Com.Rewards.Services.RBS.Provider.dll.config" />
      </DeploymentItems>
      <Execution id="da9155e0-c07c-49ba-bfd4-f110d5eae2fb" />
      <TestMethod codeBase="D:/Buildoutput/RBS/Binaries/Tesco.Com.Rewards.Services.RBS.UnitTest.DLL" adapterTypeName="Microsoft.VisualStudio.TestTools.TestTypes.Unit.UnitTestAdapter, Microsoft.VisualStudio.QualityTools.Tips.UnitTest.Adapter, Version=10.0.0.0, Culture=neutral, PublicKeyToken=b03f5f7f11d50a3a" className="Tesco.Com.Rewards.Services.RBS.UnitTest.RBSRepositoryTest, Tesco.Com.Rewards.Services.RBS.UnitTest, Version=1.0.0.0, Culture=neutral, PublicKeyToken=null" name="CreateUserTest" />
    </UnitTest>
    <UnitTest name="SaveupdateEntitlementTest" storage="d:\buildoutput\rbs\binaries\tesco.com.rewards.services.rbs.unittest.dll" id="9a7fda46-438e-41f3-5e98-7959c71d474c">
      <DeploymentItems>
        <DeploymentItem filename="Tesco.Com.Rewards.Services.RBS.unity.config" />
        <DeploymentItem filename="App.Config" />
        <DeploymentItem filename="Tesco.Com.Rewards.Services.RBS.Provider.dll.config" />
      </DeploymentItems>
      <Execution id="6a0cb3ef-044e-4bd4-b7d5-b3e672ba5069" />
      <TestMethod codeBase="D:/Buildoutput/RBS/Binaries/Tesco.Com.Rewards.Services.RBS.UnitTest.DLL" adapterTypeName="Microsoft.VisualStudio.TestTools.TestTypes.Unit.UnitTestAdapter, Microsoft.VisualStudio.QualityTools.Tips.UnitTest.Adapter, Version=10.0.0.0, Culture=neutral, PublicKeyToken=b03f5f7f11d50a3a" className="Tesco.Com.Rewards.Services.RBS.UnitTest.RBSRepositoryTest, Tesco.Com.Rewards.Services.RBS.UnitTest, Version=1.0.0.0, Culture=neutral, PublicKeyToken=null" name="SaveupdateEntitlementTest" />
    </UnitTest>
    <UnitTest name="GetStandingDataValidTest" storage="d:\buildoutput\rbs\binaries\tesco.com.rewards.services.rbs.unittest.dll" id="bcd904d0-0fc6-47a5-062f-1d000b6785ba">
      <DeploymentItems>
        <DeploymentItem filename="Tesco.Com.Rewards.Services.RBS.unity.config" />
        <DeploymentItem filename="App.Config" />
        <DeploymentItem filename="Tesco.Com.Rewards.Services.RBS.Provider.dll.config" />
      </DeploymentItems>
      <Execution id="2dfb8550-302f-4c2d-90d8-6e926d62cf58" />
      <TestMethod codeBase="D:/Buildoutput/RBS/Binaries/Tesco.Com.Rewards.Services.RBS.UnitTest.DLL" adapterTypeName="Microsoft.VisualStudio.TestTools.TestTypes.Unit.UnitTestAdapter, Microsoft.VisualStudio.QualityTools.Tips.UnitTest.Adapter, Version=10.0.0.0, Culture=neutral, PublicKeyToken=b03f5f7f11d50a3a" className="Tesco.Com.Rewards.Services.RBS.UnitTest.RBSRepositoryTest, Tesco.Com.Rewards.Services.RBS.UnitTest, Version=1.0.0.0, Culture=neutral, PublicKeyToken=null" name="GetStandingDataValidTest" />
    </UnitTest>
    <UnitTest name="SaveVariantTypeExceptionTest" storage="d:\buildoutput\rbs\binaries\tesco.com.rewards.services.rbs.unittest.dll" id="a95f9d3f-1d6a-b958-b0cf-6369ba9cf960">
      <DeploymentItems>
        <DeploymentItem filename="Tesco.Com.Rewards.Services.RBS.unity.config" />
        <DeploymentItem filename="App.Config" />
        <DeploymentItem filename="Tesco.Com.Rewards.Services.RBS.Provider.dll.config" />
      </DeploymentItems>
      <Execution id="b1ef6f6f-601e-478f-b075-352ff5a8b700" />
      <TestMethod codeBase="D:/Buildoutput/RBS/Binaries/Tesco.Com.Rewards.Services.RBS.UnitTest.DLL" adapterTypeName="Microsoft.VisualStudio.TestTools.TestTypes.Unit.UnitTestAdapter, Microsoft.VisualStudio.QualityTools.Tips.UnitTest.Adapter, Version=10.0.0.0, Culture=neutral, PublicKeyToken=b03f5f7f11d50a3a" className="Tesco.Com.Rewards.Services.RBS.UnitTest.RBSProviderTest, Tesco.Com.Rewards.Services.RBS.UnitTest, Version=1.0.0.0, Culture=neutral, PublicKeyToken=null" name="SaveVariantTypeExceptionTest" />
    </UnitTest>
    <UnitTest name="GetProductVariantsTest" storage="d:\buildoutput\rbs\binaries\tesco.com.rewards.services.rbs.unittest.dll" id="32c5a955-0ca3-3a34-9545-a0d08d589242">
      <DeploymentItems>
        <DeploymentItem filename="Tesco.Com.Rewards.Services.RBS.unity.config" />
        <DeploymentItem filename="App.Config" />
        <DeploymentItem filename="Tesco.Com.Rewards.Services.RBS.Provider.dll.config" />
      </DeploymentItems>
      <Execution id="25c43d17-3d1f-4ba2-bb0c-fe42d84c605f" />
      <TestMethod codeBase="D:/Buildoutput/RBS/Binaries/Tesco.Com.Rewards.Services.RBS.UnitTest.DLL" adapterTypeName="Microsoft.VisualStudio.TestTools.TestTypes.Unit.UnitTestAdapter, Microsoft.VisualStudio.QualityTools.Tips.UnitTest.Adapter, Version=10.0.0.0, Culture=neutral, PublicKeyToken=b03f5f7f11d50a3a" className="Tesco.Com.Rewards.Services.RBS.UnitTest.RBSRepositoryTest, Tesco.Com.Rewards.Services.RBS.UnitTest, Version=1.0.0.0, Culture=neutral, PublicKeyToken=null" name="GetProductVariantsTest" />
    </UnitTest>
    <UnitTest name="SearchUserTest" storage="d:\buildoutput\rbs\binaries\tesco.com.rewards.services.rbs.unittest.dll" id="cf90ab8f-c818-db82-3c44-ff8ce04f200f">
      <DeploymentItems>
        <DeploymentItem filename="Tesco.Com.Rewards.Services.RBS.unity.config" />
        <DeploymentItem filename="App.Config" />
        <DeploymentItem filename="Tesco.Com.Rewards.Services.RBS.Provider.dll.config" />
      </DeploymentItems>
      <Execution id="c6eeea45-9a87-4991-9030-9d5907515bf4" />
      <TestMethod codeBase="D:/Buildoutput/RBS/Binaries/Tesco.Com.Rewards.Services.RBS.UnitTest.DLL" adapterTypeName="Microsoft.VisualStudio.TestTools.TestTypes.Unit.UnitTestAdapter, Microsoft.VisualStudio.QualityTools.Tips.UnitTest.Adapter, Version=10.0.0.0, Culture=neutral, PublicKeyToken=b03f5f7f11d50a3a" className="Tesco.Com.Rewards.Services.RBS.UnitTest.RBSProviderTest, Tesco.Com.Rewards.Services.RBS.UnitTest, Version=1.0.0.0, Culture=neutral, PublicKeyToken=null" name="SearchUserTest" />
    </UnitTest>
    <UnitTest name="GetVariantsTest" storage="d:\buildoutput\rbs\binaries\tesco.com.rewards.services.rbs.unittest.dll" id="13ebfc4d-751f-6ba3-ecda-8d5328fbf3d3">
      <DeploymentItems>
        <DeploymentItem filename="Tesco.Com.Rewards.Services.RBS.unity.config" />
        <DeploymentItem filename="App.Config" />
        <DeploymentItem filename="Tesco.Com.Rewards.Services.RBS.Provider.dll.config" />
      </DeploymentItems>
      <Execution id="d2485ec1-b90d-43cb-b3c5-36cb61323581" />
      <TestMethod codeBase="D:/Buildoutput/RBS/Binaries/Tesco.Com.Rewards.Services.RBS.UnitTest.DLL" adapterTypeName="Microsoft.VisualStudio.TestTools.TestTypes.Unit.UnitTestAdapter, Microsoft.VisualStudio.QualityTools.Tips.UnitTest.Adapter, Version=10.0.0.0, Culture=neutral, PublicKeyToken=b03f5f7f11d50a3a" className="Tesco.Com.Rewards.Services.RBS.UnitTest.RBSRepositoryTest, Tesco.Com.Rewards.Services.RBS.UnitTest, Version=1.0.0.0, Culture=neutral, PublicKeyToken=null" name="GetVariantsTest" />
    </UnitTest>
    <UnitTest name="GetAllRegionsInValidTest" storage="d:\buildoutput\rbs\binaries\tesco.com.rewards.services.rbs.unittest.dll" id="23047ca5-8236-6645-3ffe-e26bd04b9948">
      <DeploymentItems>
        <DeploymentItem filename="Tesco.Com.Rewards.Services.RBS.unity.config" />
        <DeploymentItem filename="App.Config" />
        <DeploymentItem filename="Tesco.Com.Rewards.Services.RBS.Provider.dll.config" />
      </DeploymentItems>
      <Execution id="6a7641e1-e598-470a-a3a6-bd9d0ff3ca69" />
      <TestMethod codeBase="D:/Buildoutput/RBS/Binaries/Tesco.Com.Rewards.Services.RBS.UnitTest.DLL" adapterTypeName="Microsoft.VisualStudio.TestTools.TestTypes.Unit.UnitTestAdapter, Microsoft.VisualStudio.QualityTools.Tips.UnitTest.Adapter, Version=10.0.0.0, Culture=neutral, PublicKeyToken=b03f5f7f11d50a3a" className="Tesco.Com.Rewards.Services.RBS.UnitTest.RBSProviderTest, Tesco.Com.Rewards.Services.RBS.UnitTest, Version=1.0.0.0, Culture=neutral, PublicKeyToken=null" name="GetAllRegionsInValidTest" />
    </UnitTest>
    <UnitTest name="GetEntitlementTestBusinessValidationTest" storage="d:\buildoutput\rbs\binaries\tesco.com.rewards.services.rbs.unittest.dll" id="7649f395-aa12-5b26-6082-3d456c95f399">
      <DeploymentItems>
        <DeploymentItem filename="Tesco.Com.Rewards.Services.RBS.unity.config" />
        <DeploymentItem filename="App.Config" />
        <DeploymentItem filename="Tesco.Com.Rewards.Services.RBS.Provider.dll.config" />
      </DeploymentItems>
      <Execution id="12aa3330-bfa9-4b98-903b-1022e4542eb2" />
      <TestMethod codeBase="D:/Buildoutput/RBS/Binaries/Tesco.Com.Rewards.Services.RBS.UnitTest.DLL" adapterTypeName="Microsoft.VisualStudio.TestTools.TestTypes.Unit.UnitTestAdapter, Microsoft.VisualStudio.QualityTools.Tips.UnitTest.Adapter, Version=10.0.0.0, Culture=neutral, PublicKeyToken=b03f5f7f11d50a3a" className="Tesco.Com.Rewards.Services.RBS.UnitTest.RBSProviderTest, Tesco.Com.Rewards.Services.RBS.UnitTest, Version=1.0.0.0, Culture=neutral, PublicKeyToken=null" name="GetEntitlementTestBusinessValidationTest" />
    </UnitTest>
    <UnitTest name="GetRemindersByStyleIdTest" storage="d:\buildoutput\rbs\binaries\tesco.com.rewards.services.rbs.unittest.dll" id="80392374-d775-2993-8af1-d144582252e6">
      <DeploymentItems>
        <DeploymentItem filename="Tesco.Com.Rewards.Services.RBS.unity.config" />
        <DeploymentItem filename="App.Config" />
        <DeploymentItem filename="Tesco.Com.Rewards.Services.RBS.Provider.dll.config" />
      </DeploymentItems>
      <Execution id="00c34d95-6741-45d6-8a7d-917be6efed87" />
      <TestMethod codeBase="D:/Buildoutput/RBS/Binaries/Tesco.Com.Rewards.Services.RBS.UnitTest.DLL" adapterTypeName="Microsoft.VisualStudio.TestTools.TestTypes.Unit.UnitTestAdapter, Microsoft.VisualStudio.QualityTools.Tips.UnitTest.Adapter, Version=10.0.0.0, Culture=neutral, PublicKeyToken=b03f5f7f11d50a3a" className="Tesco.Com.Rewards.Services.RBS.UnitTest.RBSRepositoryTest, Tesco.Com.Rewards.Services.RBS.UnitTest, Version=1.0.0.0, Culture=neutral, PublicKeyToken=null" name="GetRemindersByStyleIdTest" />
    </UnitTest>
    <UnitTest name="GetStandingDataValueArgumentEmptyExceptionTest" storage="d:\buildoutput\rbs\binaries\tesco.com.rewards.services.rbs.unittest.dll" id="846ea746-828b-c0b0-59a4-6cea1f666f32">
      <DeploymentItems>
        <DeploymentItem filename="Tesco.Com.Rewards.Services.RBS.unity.config" />
        <DeploymentItem filename="App.Config" />
        <DeploymentItem filename="Tesco.Com.Rewards.Services.RBS.Provider.dll.config" />
      </DeploymentItems>
      <Execution id="d5615b3d-9622-41d0-a690-15cc756fd5c3" />
      <TestMethod codeBase="D:/Buildoutput/RBS/Binaries/Tesco.Com.Rewards.Services.RBS.UnitTest.DLL" adapterTypeName="Microsoft.VisualStudio.TestTools.TestTypes.Unit.UnitTestAdapter, Microsoft.VisualStudio.QualityTools.Tips.UnitTest.Adapter, Version=10.0.0.0, Culture=neutral, PublicKeyToken=b03f5f7f11d50a3a" className="Tesco.Com.Rewards.Services.RBS.UnitTest.RBSProviderTest, Tesco.Com.Rewards.Services.RBS.UnitTest, Version=1.0.0.0, Culture=neutral, PublicKeyToken=null" name="GetStandingDataValueArgumentEmptyExceptionTest" />
    </UnitTest>
    <UnitTest name="CreateUpdateConfigItem" storage="d:\buildoutput\rbs\binaries\tesco.com.rewards.services.rbs.unittest.dll" id="f4da7313-3faa-e1a1-d7c3-b44851c4fa3c">
      <DeploymentItems>
        <DeploymentItem filename="Tesco.Com.Rewards.Services.RBS.unity.config" />
        <DeploymentItem filename="App.Config" />
        <DeploymentItem filename="Tesco.Com.Rewards.Services.RBS.Provider.dll.config" />
      </DeploymentItems>
      <Execution id="3d764bed-c7a9-4e33-afd6-fe089ada95e0" />
      <TestMethod codeBase="D:/Buildoutput/RBS/Binaries/Tesco.Com.Rewards.Services.RBS.UnitTest.DLL" adapterTypeName="Microsoft.VisualStudio.TestTools.TestTypes.Unit.UnitTestAdapter, Microsoft.VisualStudio.QualityTools.Tips.UnitTest.Adapter, Version=10.0.0.0, Culture=neutral, PublicKeyToken=b03f5f7f11d50a3a" className="Tesco.Com.Rewards.Services.RBS.UnitTest.RBSRepositoryTest, Tesco.Com.Rewards.Services.RBS.UnitTest, Version=1.0.0.0, Culture=neutral, PublicKeyToken=null" name="CreateUpdateConfigItem" />
    </UnitTest>
    <UnitTest name="UpdateUserTest" storage="d:\buildoutput\rbs\binaries\tesco.com.rewards.services.rbs.unittest.dll" id="213606a8-6de7-62b2-f0cb-5525f41b276f">
      <DeploymentItems>
        <DeploymentItem filename="Tesco.Com.Rewards.Services.RBS.unity.config" />
        <DeploymentItem filename="App.Config" />
        <DeploymentItem filename="Tesco.Com.Rewards.Services.RBS.Provider.dll.config" />
      </DeploymentItems>
      <Execution id="bb98bad1-76b4-45f4-aaba-212e9121ab83" />
      <TestMethod codeBase="D:/Buildoutput/RBS/Binaries/Tesco.Com.Rewards.Services.RBS.UnitTest.DLL" adapterTypeName="Microsoft.VisualStudio.TestTools.TestTypes.Unit.UnitTestAdapter, Microsoft.VisualStudio.QualityTools.Tips.UnitTest.Adapter, Version=10.0.0.0, Culture=neutral, PublicKeyToken=b03f5f7f11d50a3a" className="Tesco.Com.Rewards.Services.RBS.UnitTest.RBSRepositoryTest, Tesco.Com.Rewards.Services.RBS.UnitTest, Version=1.0.0.0, Culture=neutral, PublicKeyToken=null" name="UpdateUserTest" />
    </UnitTest>
    <UnitTest name="GetStandingDataInValidTest" storage="d:\buildoutput\rbs\binaries\tesco.com.rewards.services.rbs.unittest.dll" id="77891b94-e144-2d64-b364-05b7bb65d065">
      <DeploymentItems>
        <DeploymentItem filename="Tesco.Com.Rewards.Services.RBS.unity.config" />
        <DeploymentItem filename="App.Config" />
        <DeploymentItem filename="Tesco.Com.Rewards.Services.RBS.Provider.dll.config" />
      </DeploymentItems>
      <Execution id="6bb52a5b-df62-4086-9f6e-84a207016b5e" />
      <TestMethod codeBase="D:/Buildoutput/RBS/Binaries/Tesco.Com.Rewards.Services.RBS.UnitTest.DLL" adapterTypeName="Microsoft.VisualStudio.TestTools.TestTypes.Unit.UnitTestAdapter, Microsoft.VisualStudio.QualityTools.Tips.UnitTest.Adapter, Version=10.0.0.0, Culture=neutral, PublicKeyToken=b03f5f7f11d50a3a" className="Tesco.Com.Rewards.Services.RBS.UnitTest.RBSProviderTest, Tesco.Com.Rewards.Services.RBS.UnitTest, Version=1.0.0.0, Culture=neutral, PublicKeyToken=null" name="GetStandingDataInValidTest" />
    </UnitTest>
    <UnitTest name="GetDenominations" storage="d:\buildoutput\rbs\binaries\tesco.com.rewards.services.rbs.unittest.dll" id="03a8daaf-f3f8-04e3-fd31-2a099620e2e7">
      <DeploymentItems>
        <DeploymentItem filename="Tesco.Com.Rewards.Services.RBS.unity.config" />
        <DeploymentItem filename="App.Config" />
        <DeploymentItem filename="Tesco.Com.Rewards.Services.RBS.Provider.dll.config" />
      </DeploymentItems>
      <Execution id="f3004e4e-15cd-4bd4-83ac-9f679b876b76" />
      <TestMethod codeBase="D:/Buildoutput/RBS/Binaries/Tesco.Com.Rewards.Services.RBS.UnitTest.DLL" adapterTypeName="Microsoft.VisualStudio.TestTools.TestTypes.Unit.UnitTestAdapter, Microsoft.VisualStudio.QualityTools.Tips.UnitTest.Adapter, Version=10.0.0.0, Culture=neutral, PublicKeyToken=b03f5f7f11d50a3a" className="Tesco.Com.Rewards.Services.RBS.UnitTest.RBSRepositoryTest, Tesco.Com.Rewards.Services.RBS.UnitTest, Version=1.0.0.0, Culture=neutral, PublicKeyToken=null" name="GetDenominations" />
    </UnitTest>
    <UnitTest name="UpdateNotificationTemplateDetailTest" storage="d:\buildoutput\rbs\binaries\tesco.com.rewards.services.rbs.unittest.dll" id="9f26dde3-d1e7-9a44-00f8-1af5570ebe20">
      <DeploymentItems>
        <DeploymentItem filename="Tesco.Com.Rewards.Services.RBS.unity.config" />
        <DeploymentItem filename="App.Config" />
        <DeploymentItem filename="Tesco.Com.Rewards.Services.RBS.Provider.dll.config" />
      </DeploymentItems>
      <Execution id="022852f8-e721-4402-9770-be31ca01ca38" />
      <TestMethod codeBase="D:/Buildoutput/RBS/Binaries/Tesco.Com.Rewards.Services.RBS.UnitTest.DLL" adapterTypeName="Microsoft.VisualStudio.TestTools.TestTypes.Unit.UnitTestAdapter, Microsoft.VisualStudio.QualityTools.Tips.UnitTest.Adapter, Version=10.0.0.0, Culture=neutral, PublicKeyToken=b03f5f7f11d50a3a" className="Tesco.Com.Rewards.Services.RBS.UnitTest.RBSProviderTest, Tesco.Com.Rewards.Services.RBS.UnitTest, Version=1.0.0.0, Culture=neutral, PublicKeyToken=null" name="UpdateNotificationTemplateDetailTest" />
    </UnitTest>
    <UnitTest name="GetLanguagesWithCallContextNullExceptionTest" storage="d:\buildoutput\rbs\binaries\tesco.com.rewards.services.rbs.unittest.dll" id="f07d5c3e-89b4-bf43-3494-5d9f21e96bbe">
      <DeploymentItems>
        <DeploymentItem filename="Tesco.Com.Rewards.Services.RBS.unity.config" />
        <DeploymentItem filename="App.Config" />
        <DeploymentItem filename="Tesco.Com.Rewards.Services.RBS.Provider.dll.config" />
      </DeploymentItems>
      <Execution id="30c22c3a-5a24-4281-8b0a-b4fafac62fb4" />
      <TestMethod codeBase="D:/Buildoutput/RBS/Binaries/Tesco.Com.Rewards.Services.RBS.UnitTest.DLL" adapterTypeName="Microsoft.VisualStudio.TestTools.TestTypes.Unit.UnitTestAdapter, Microsoft.VisualStudio.QualityTools.Tips.UnitTest.Adapter, Version=10.0.0.0, Culture=neutral, PublicKeyToken=b03f5f7f11d50a3a" className="Tesco.Com.Rewards.Services.RBS.UnitTest.RBSProviderTest, Tesco.Com.Rewards.Services.RBS.UnitTest, Version=1.0.0.0, Culture=neutral, PublicKeyToken=null" name="GetLanguagesWithCallContextNullExceptionTest" />
    </UnitTest>
    <UnitTest name="GetContentGroupForAllValidTest" storage="d:\buildoutput\rbs\binaries\tesco.com.rewards.services.rbs.unittest.dll" id="9399a8bf-243b-c27a-a8b8-8eb6dd2ba3f4">
      <DeploymentItems>
        <DeploymentItem filename="Tesco.Com.Rewards.Services.RBS.unity.config" />
        <DeploymentItem filename="App.Config" />
        <DeploymentItem filename="Tesco.Com.Rewards.Services.RBS.Provider.dll.config" />
      </DeploymentItems>
      <Execution id="de4ffd93-ac55-4148-b0d4-81210b176200" />
      <TestMethod codeBase="D:/Buildoutput/RBS/Binaries/Tesco.Com.Rewards.Services.RBS.UnitTest.DLL" adapterTypeName="Microsoft.VisualStudio.TestTools.TestTypes.Unit.UnitTestAdapter, Microsoft.VisualStudio.QualityTools.Tips.UnitTest.Adapter, Version=10.0.0.0, Culture=neutral, PublicKeyToken=b03f5f7f11d50a3a" className="Tesco.Com.Rewards.Services.RBS.UnitTest.RBSRepositoryTest, Tesco.Com.Rewards.Services.RBS.UnitTest, Version=1.0.0.0, Culture=neutral, PublicKeyToken=null" name="GetContentGroupForAllValidTest" />
    </UnitTest>
    <UnitTest name="GetStandingDataValidTest" storage="d:\buildoutput\rbs\binaries\tesco.com.rewards.services.rbs.unittest.dll" id="dac0e0a1-fe86-0534-413b-5a412d6b127b">
      <DeploymentItems>
        <DeploymentItem filename="Tesco.Com.Rewards.Services.RBS.unity.config" />
        <DeploymentItem filename="App.Config" />
        <DeploymentItem filename="Tesco.Com.Rewards.Services.RBS.Provider.dll.config" />
      </DeploymentItems>
      <Execution id="7a616c75-ba0f-476f-a742-0f1045fcfbef" />
      <TestMethod codeBase="D:/Buildoutput/RBS/Binaries/Tesco.Com.Rewards.Services.RBS.UnitTest.DLL" adapterTypeName="Microsoft.VisualStudio.TestTools.TestTypes.Unit.UnitTestAdapter, Microsoft.VisualStudio.QualityTools.Tips.UnitTest.Adapter, Version=10.0.0.0, Culture=neutral, PublicKeyToken=b03f5f7f11d50a3a" className="Tesco.Com.Rewards.Services.RBS.UnitTest.RBSProviderTest, Tesco.Com.Rewards.Services.RBS.UnitTest, Version=1.0.0.0, Culture=neutral, PublicKeyToken=null" name="GetStandingDataValidTest" />
    </UnitTest>
    <UnitTest name="UpdateUserTest" storage="d:\buildoutput\rbs\binaries\tesco.com.rewards.services.rbs.unittest.dll" id="a9c629cd-107f-f26e-5738-5f623456e801">
      <DeploymentItems>
        <DeploymentItem filename="Tesco.Com.Rewards.Services.RBS.unity.config" />
        <DeploymentItem filename="App.Config" />
        <DeploymentItem filename="Tesco.Com.Rewards.Services.RBS.Provider.dll.config" />
      </DeploymentItems>
      <Execution id="a053f799-9ee4-408f-ae35-45f67ea79217" />
      <TestMethod codeBase="D:/Buildoutput/RBS/Binaries/Tesco.Com.Rewards.Services.RBS.UnitTest.DLL" adapterTypeName="Microsoft.VisualStudio.TestTools.TestTypes.Unit.UnitTestAdapter, Microsoft.VisualStudio.QualityTools.Tips.UnitTest.Adapter, Version=10.0.0.0, Culture=neutral, PublicKeyToken=b03f5f7f11d50a3a" className="Tesco.Com.Rewards.Services.RBS.UnitTest.RBSProviderTest, Tesco.Com.Rewards.Services.RBS.UnitTest, Version=1.0.0.0, Culture=neutral, PublicKeyToken=null" name="UpdateUserTest" />
    </UnitTest>
    <UnitTest name="GetProductVariantValidTest" storage="d:\buildoutput\rbs\binaries\tesco.com.rewards.services.rbs.unittest.dll" id="d60a0867-7f08-8f90-5840-861f739b957a">
      <DeploymentItems>
        <DeploymentItem filename="Tesco.Com.Rewards.Services.RBS.unity.config" />
        <DeploymentItem filename="App.Config" />
        <DeploymentItem filename="Tesco.Com.Rewards.Services.RBS.Provider.dll.config" />
      </DeploymentItems>
      <Execution id="f30cddf3-adf6-46ad-a573-ad37f9982211" />
      <TestMethod codeBase="D:/Buildoutput/RBS/Binaries/Tesco.Com.Rewards.Services.RBS.UnitTest.DLL" adapterTypeName="Microsoft.VisualStudio.TestTools.TestTypes.Unit.UnitTestAdapter, Microsoft.VisualStudio.QualityTools.Tips.UnitTest.Adapter, Version=10.0.0.0, Culture=neutral, PublicKeyToken=b03f5f7f11d50a3a" className="Tesco.Com.Rewards.Services.RBS.UnitTest.RBSProviderTest, Tesco.Com.Rewards.Services.RBS.UnitTest, Version=1.0.0.0, Culture=neutral, PublicKeyToken=null" name="GetProductVariantValidTest" />
    </UnitTest>
    <UnitTest name="GetStandingDataValueDetailsTest" storage="d:\buildoutput\rbs\binaries\tesco.com.rewards.services.rbs.unittest.dll" id="96db3675-fd66-e53a-70f4-4e65470117c4">
      <DeploymentItems>
        <DeploymentItem filename="Tesco.Com.Rewards.Services.RBS.unity.config" />
        <DeploymentItem filename="App.Config" />
        <DeploymentItem filename="Tesco.Com.Rewards.Services.RBS.Provider.dll.config" />
      </DeploymentItems>
      <Execution id="5cc4fcff-d21d-4678-a860-b6a469caa677" />
      <TestMethod codeBase="D:/Buildoutput/RBS/Binaries/Tesco.Com.Rewards.Services.RBS.UnitTest.DLL" adapterTypeName="Microsoft.VisualStudio.TestTools.TestTypes.Unit.UnitTestAdapter, Microsoft.VisualStudio.QualityTools.Tips.UnitTest.Adapter, Version=10.0.0.0, Culture=neutral, PublicKeyToken=b03f5f7f11d50a3a" className="Tesco.Com.Rewards.Services.RBS.UnitTest.RBSProviderTest, Tesco.Com.Rewards.Services.RBS.UnitTest, Version=1.0.0.0, Culture=neutral, PublicKeyToken=null" name="GetStandingDataValueDetailsTest" />
    </UnitTest>
    <UnitTest name="CreateUserBusinessValidationException" storage="d:\buildoutput\rbs\binaries\tesco.com.rewards.services.rbs.unittest.dll" id="7223a1e8-dd07-753e-86e6-cde6728659ed">
      <DeploymentItems>
        <DeploymentItem filename="Tesco.Com.Rewards.Services.RBS.unity.config" />
        <DeploymentItem filename="App.Config" />
        <DeploymentItem filename="Tesco.Com.Rewards.Services.RBS.Provider.dll.config" />
      </DeploymentItems>
      <Execution id="de793b5d-193d-40f7-a445-420362cbcb4c" />
      <TestMethod codeBase="D:/Buildoutput/RBS/Binaries/Tesco.Com.Rewards.Services.RBS.UnitTest.DLL" adapterTypeName="Microsoft.VisualStudio.TestTools.TestTypes.Unit.UnitTestAdapter, Microsoft.VisualStudio.QualityTools.Tips.UnitTest.Adapter, Version=10.0.0.0, Culture=neutral, PublicKeyToken=b03f5f7f11d50a3a" className="Tesco.Com.Rewards.Services.RBS.UnitTest.RBSProviderTest, Tesco.Com.Rewards.Services.RBS.UnitTest, Version=1.0.0.0, Culture=neutral, PublicKeyToken=null" name="CreateUserBusinessValidationException" />
    </UnitTest>
    <UnitTest name="GetRolesTest" storage="d:\buildoutput\rbs\binaries\tesco.com.rewards.services.rbs.unittest.dll" id="a0f7abb9-61d7-30cf-01a5-fd909ee73ccd">
      <DeploymentItems>
        <DeploymentItem filename="Tesco.Com.Rewards.Services.RBS.unity.config" />
        <DeploymentItem filename="App.Config" />
        <DeploymentItem filename="Tesco.Com.Rewards.Services.RBS.Provider.dll.config" />
      </DeploymentItems>
      <Execution id="d2d1c99a-80d4-4ec7-98ba-1cd9bb3a7063" />
      <TestMethod codeBase="D:/Buildoutput/RBS/Binaries/Tesco.Com.Rewards.Services.RBS.UnitTest.DLL" adapterTypeName="Microsoft.VisualStudio.TestTools.TestTypes.Unit.UnitTestAdapter, Microsoft.VisualStudio.QualityTools.Tips.UnitTest.Adapter, Version=10.0.0.0, Culture=neutral, PublicKeyToken=b03f5f7f11d50a3a" className="Tesco.Com.Rewards.Services.RBS.UnitTest.RBSProviderTest, Tesco.Com.Rewards.Services.RBS.UnitTest, Version=1.0.0.0, Culture=neutral, PublicKeyToken=null" name="GetRolesTest" />
    </UnitTest>
    <UnitTest name="GetAllRegionsValidTest" storage="d:\buildoutput\rbs\binaries\tesco.com.rewards.services.rbs.unittest.dll" id="8b316335-53d8-7e3b-c332-6bdc0c3ca890">
      <DeploymentItems>
        <DeploymentItem filename="Tesco.Com.Rewards.Services.RBS.unity.config" />
        <DeploymentItem filename="App.Config" />
        <DeploymentItem filename="Tesco.Com.Rewards.Services.RBS.Provider.dll.config" />
      </DeploymentItems>
      <Execution id="a778b787-8e6a-419b-a45f-7549dcb1832d" />
      <TestMethod codeBase="D:/Buildoutput/RBS/Binaries/Tesco.Com.Rewards.Services.RBS.UnitTest.DLL" adapterTypeName="Microsoft.VisualStudio.TestTools.TestTypes.Unit.UnitTestAdapter, Microsoft.VisualStudio.QualityTools.Tips.UnitTest.Adapter, Version=10.0.0.0, Culture=neutral, PublicKeyToken=b03f5f7f11d50a3a" className="Tesco.Com.Rewards.Services.RBS.UnitTest.RBSRepositoryTest, Tesco.Com.Rewards.Services.RBS.UnitTest, Version=1.0.0.0, Culture=neutral, PublicKeyToken=null" name="GetAllRegionsValidTest" />
    </UnitTest>
    <UnitTest name="CreateContentGroupValidTest" storage="d:\buildoutput\rbs\binaries\tesco.com.rewards.services.rbs.unittest.dll" id="f6389799-0f4c-2597-db6f-e74f868584bf">
      <DeploymentItems>
        <DeploymentItem filename="Tesco.Com.Rewards.Services.RBS.unity.config" />
        <DeploymentItem filename="App.Config" />
        <DeploymentItem filename="Tesco.Com.Rewards.Services.RBS.Provider.dll.config" />
      </DeploymentItems>
      <Execution id="f6f24e12-2948-40c0-9a5d-75d15691d459" />
      <TestMethod codeBase="D:/Buildoutput/RBS/Binaries/Tesco.Com.Rewards.Services.RBS.UnitTest.DLL" adapterTypeName="Microsoft.VisualStudio.TestTools.TestTypes.Unit.UnitTestAdapter, Microsoft.VisualStudio.QualityTools.Tips.UnitTest.Adapter, Version=10.0.0.0, Culture=neutral, PublicKeyToken=b03f5f7f11d50a3a" className="Tesco.Com.Rewards.Services.RBS.UnitTest.RBSRepositoryTest, Tesco.Com.Rewards.Services.RBS.UnitTest, Version=1.0.0.0, Culture=neutral, PublicKeyToken=null" name="CreateContentGroupValidTest" />
    </UnitTest>
    <UnitTest name="SaveVariantType_ArgExceptionTest" storage="d:\buildoutput\rbs\binaries\tesco.com.rewards.services.rbs.unittest.dll" id="b2d1b920-6e9a-6eb7-585d-0f230028fe4a">
      <DeploymentItems>
        <DeploymentItem filename="Tesco.Com.Rewards.Services.RBS.unity.config" />
        <DeploymentItem filename="App.Config" />
        <DeploymentItem filename="Tesco.Com.Rewards.Services.RBS.Provider.dll.config" />
      </DeploymentItems>
      <Execution id="332f86c5-c277-4f0e-9bfc-87d0fb1d8369" />
      <TestMethod codeBase="D:/Buildoutput/RBS/Binaries/Tesco.Com.Rewards.Services.RBS.UnitTest.DLL" adapterTypeName="Microsoft.VisualStudio.TestTools.TestTypes.Unit.UnitTestAdapter, Microsoft.VisualStudio.QualityTools.Tips.UnitTest.Adapter, Version=10.0.0.0, Culture=neutral, PublicKeyToken=b03f5f7f11d50a3a" className="Tesco.Com.Rewards.Services.RBS.UnitTest.RBSRepositoryTest, Tesco.Com.Rewards.Services.RBS.UnitTest, Version=1.0.0.0, Culture=neutral, PublicKeyToken=null" name="SaveVariantType_ArgExceptionTest" />
    </UnitTest>
    <UnitTest name="CreateUpdateRegionDetailsValidTest" storage="d:\buildoutput\rbs\binaries\tesco.com.rewards.services.rbs.unittest.dll" id="570a61aa-151f-8301-134e-f1c019023510">
      <DeploymentItems>
        <DeploymentItem filename="Tesco.Com.Rewards.Services.RBS.unity.config" />
        <DeploymentItem filename="App.Config" />
        <DeploymentItem filename="Tesco.Com.Rewards.Services.RBS.Provider.dll.config" />
      </DeploymentItems>
      <Execution id="503dd9c4-e8de-461a-b008-b7edde4fe7e6" />
      <TestMethod codeBase="D:/Buildoutput/RBS/Binaries/Tesco.Com.Rewards.Services.RBS.UnitTest.DLL" adapterTypeName="Microsoft.VisualStudio.TestTools.TestTypes.Unit.UnitTestAdapter, Microsoft.VisualStudio.QualityTools.Tips.UnitTest.Adapter, Version=10.0.0.0, Culture=neutral, PublicKeyToken=b03f5f7f11d50a3a" className="Tesco.Com.Rewards.Services.RBS.UnitTest.RBSRepositoryTest, Tesco.Com.Rewards.Services.RBS.UnitTest, Version=1.0.0.0, Culture=neutral, PublicKeyToken=null" name="CreateUpdateRegionDetailsValidTest" />
    </UnitTest>
    <UnitTest name="CreateNotificationTemplateTest" storage="d:\buildoutput\rbs\binaries\tesco.com.rewards.services.rbs.unittest.dll" id="4e96e227-5ad0-80d9-5eef-90374a7c2a42">
      <DeploymentItems>
        <DeploymentItem filename="Tesco.Com.Rewards.Services.RBS.unity.config" />
        <DeploymentItem filename="App.Config" />
        <DeploymentItem filename="Tesco.Com.Rewards.Services.RBS.Provider.dll.config" />
      </DeploymentItems>
      <Execution id="4cade2e1-3c16-4a5c-891c-c93d8b6f22bf" />
      <TestMethod codeBase="D:/Buildoutput/RBS/Binaries/Tesco.Com.Rewards.Services.RBS.UnitTest.DLL" adapterTypeName="Microsoft.VisualStudio.TestTools.TestTypes.Unit.UnitTestAdapter, Microsoft.VisualStudio.QualityTools.Tips.UnitTest.Adapter, Version=10.0.0.0, Culture=neutral, PublicKeyToken=b03f5f7f11d50a3a" className="Tesco.Com.Rewards.Services.RBS.UnitTest.RBSRepositoryTest, Tesco.Com.Rewards.Services.RBS.UnitTest, Version=1.0.0.0, Culture=neutral, PublicKeyToken=null" name="CreateNotificationTemplateTest" />
    </UnitTest>
    <UnitTest name="SearchUserTestForEmptyQuery" storage="d:\buildoutput\rbs\binaries\tesco.com.rewards.services.rbs.unittest.dll" id="d84c2977-2a4e-0204-cb2a-233374115f16">
      <DeploymentItems>
        <DeploymentItem filename="Tesco.Com.Rewards.Services.RBS.unity.config" />
        <DeploymentItem filename="App.Config" />
        <DeploymentItem filename="Tesco.Com.Rewards.Services.RBS.Provider.dll.config" />
      </DeploymentItems>
      <Execution id="95a3d85f-0454-4749-b361-5e9882633027" />
      <TestMethod codeBase="D:/Buildoutput/RBS/Binaries/Tesco.Com.Rewards.Services.RBS.UnitTest.DLL" adapterTypeName="Microsoft.VisualStudio.TestTools.TestTypes.Unit.UnitTestAdapter, Microsoft.VisualStudio.QualityTools.Tips.UnitTest.Adapter, Version=10.0.0.0, Culture=neutral, PublicKeyToken=b03f5f7f11d50a3a" className="Tesco.Com.Rewards.Services.RBS.UnitTest.RBSRepositoryTest, Tesco.Com.Rewards.Services.RBS.UnitTest, Version=1.0.0.0, Culture=neutral, PublicKeyToken=null" name="SearchUserTestForEmptyQuery" />
    </UnitTest>
    <UnitTest name="GetLanguagesValidTest" storage="d:\buildoutput\rbs\binaries\tesco.com.rewards.services.rbs.unittest.dll" id="2f480ca1-def1-8439-526d-133c5cdea65f">
      <DeploymentItems>
        <DeploymentItem filename="Tesco.Com.Rewards.Services.RBS.unity.config" />
        <DeploymentItem filename="App.Config" />
        <DeploymentItem filename="Tesco.Com.Rewards.Services.RBS.Provider.dll.config" />
      </DeploymentItems>
      <Execution id="2059f6e0-cd9f-4929-b3a6-4a8060e46c15" />
      <TestMethod codeBase="D:/Buildoutput/RBS/Binaries/Tesco.Com.Rewards.Services.RBS.UnitTest.DLL" adapterTypeName="Microsoft.VisualStudio.TestTools.TestTypes.Unit.UnitTestAdapter, Microsoft.VisualStudio.QualityTools.Tips.UnitTest.Adapter, Version=10.0.0.0, Culture=neutral, PublicKeyToken=b03f5f7f11d50a3a" className="Tesco.Com.Rewards.Services.RBS.UnitTest.RBSRepositoryTest, Tesco.Com.Rewards.Services.RBS.UnitTest, Version=1.0.0.0, Culture=neutral, PublicKeyToken=null" name="GetLanguagesValidTest" />
    </UnitTest>
    <UnitTest name="CreateUpdateConfigItemValidTest" storage="d:\buildoutput\rbs\binaries\tesco.com.rewards.services.rbs.unittest.dll" id="f6afd971-96da-ce2b-00e2-eaab08ffe7f7">
      <DeploymentItems>
        <DeploymentItem filename="Tesco.Com.Rewards.Services.RBS.unity.config" />
        <DeploymentItem filename="App.Config" />
        <DeploymentItem filename="Tesco.Com.Rewards.Services.RBS.Provider.dll.config" />
      </DeploymentItems>
      <Execution id="9fd6978e-4dd0-4034-8c43-2953051576a9" />
      <TestMethod codeBase="D:/Buildoutput/RBS/Binaries/Tesco.Com.Rewards.Services.RBS.UnitTest.DLL" adapterTypeName="Microsoft.VisualStudio.TestTools.TestTypes.Unit.UnitTestAdapter, Microsoft.VisualStudio.QualityTools.Tips.UnitTest.Adapter, Version=10.0.0.0, Culture=neutral, PublicKeyToken=b03f5f7f11d50a3a" className="Tesco.Com.Rewards.Services.RBS.UnitTest.RBSProviderTest, Tesco.Com.Rewards.Services.RBS.UnitTest, Version=1.0.0.0, Culture=neutral, PublicKeyToken=null" name="CreateUpdateConfigItemValidTest" />
    </UnitTest>
    <UnitTest name="SaveVariantType_AddTest" storage="d:\buildoutput\rbs\binaries\tesco.com.rewards.services.rbs.unittest.dll" id="62b688ae-fcf8-9c0d-7ccd-75d6cba24ba6">
      <DeploymentItems>
        <DeploymentItem filename="Tesco.Com.Rewards.Services.RBS.unity.config" />
        <DeploymentItem filename="App.Config" />
        <DeploymentItem filename="Tesco.Com.Rewards.Services.RBS.Provider.dll.config" />
      </DeploymentItems>
      <Execution id="c945eef2-74cf-4906-b868-d2b80c3b5113" />
      <TestMethod codeBase="D:/Buildoutput/RBS/Binaries/Tesco.Com.Rewards.Services.RBS.UnitTest.DLL" adapterTypeName="Microsoft.VisualStudio.TestTools.TestTypes.Unit.UnitTestAdapter, Microsoft.VisualStudio.QualityTools.Tips.UnitTest.Adapter, Version=10.0.0.0, Culture=neutral, PublicKeyToken=b03f5f7f11d50a3a" className="Tesco.Com.Rewards.Services.RBS.UnitTest.RBSRepositoryTest, Tesco.Com.Rewards.Services.RBS.UnitTest, Version=1.0.0.0, Culture=neutral, PublicKeyToken=null" name="SaveVariantType_AddTest" />
    </UnitTest>
    <UnitTest name="SaveNewEntitlementTest" storage="d:\buildoutput\rbs\binaries\tesco.com.rewards.services.rbs.unittest.dll" id="2e30d1a4-f531-27e4-9878-1c0560736c2a">
      <DeploymentItems>
        <DeploymentItem filename="Tesco.Com.Rewards.Services.RBS.unity.config" />
        <DeploymentItem filename="App.Config" />
        <DeploymentItem filename="Tesco.Com.Rewards.Services.RBS.Provider.dll.config" />
      </DeploymentItems>
      <Execution id="a9ad8e3c-1b35-4e50-9563-e02e76dbd0be" />
      <TestMethod codeBase="D:/Buildoutput/RBS/Binaries/Tesco.Com.Rewards.Services.RBS.UnitTest.DLL" adapterTypeName="Microsoft.VisualStudio.TestTools.TestTypes.Unit.UnitTestAdapter, Microsoft.VisualStudio.QualityTools.Tips.UnitTest.Adapter, Version=10.0.0.0, Culture=neutral, PublicKeyToken=b03f5f7f11d50a3a" className="Tesco.Com.Rewards.Services.RBS.UnitTest.RBSRepositoryTest, Tesco.Com.Rewards.Services.RBS.UnitTest, Version=1.0.0.0, Culture=neutral, PublicKeyToken=null" name="SaveNewEntitlementTest" />
    </UnitTest>
    <UnitTest name="CreateReminderDetailsTest" storage="d:\buildoutput\rbs\binaries\tesco.com.rewards.services.rbs.unittest.dll" id="32a5b315-b790-eabd-01ea-27a85ca151ba">
      <DeploymentItems>
        <DeploymentItem filename="Tesco.Com.Rewards.Services.RBS.unity.config" />
        <DeploymentItem filename="App.Config" />
        <DeploymentItem filename="Tesco.Com.Rewards.Services.RBS.Provider.dll.config" />
      </DeploymentItems>
      <Execution id="d11eee45-da57-453c-b308-4d6a64316707" />
      <TestMethod codeBase="D:/Buildoutput/RBS/Binaries/Tesco.Com.Rewards.Services.RBS.UnitTest.DLL" adapterTypeName="Microsoft.VisualStudio.TestTools.TestTypes.Unit.UnitTestAdapter, Microsoft.VisualStudio.QualityTools.Tips.UnitTest.Adapter, Version=10.0.0.0, Culture=neutral, PublicKeyToken=b03f5f7f11d50a3a" className="Tesco.Com.Rewards.Services.RBS.UnitTest.RBSProviderTest, Tesco.Com.Rewards.Services.RBS.UnitTest, Version=1.0.0.0, Culture=neutral, PublicKeyToken=null" name="CreateReminderDetailsTest" />
    </UnitTest>
    <UnitTest name="GetRegionDetailsValidTest" storage="d:\buildoutput\rbs\binaries\tesco.com.rewards.services.rbs.unittest.dll" id="09487928-b927-8027-c2bc-d2b508f1f6b2">
      <DeploymentItems>
        <DeploymentItem filename="Tesco.Com.Rewards.Services.RBS.unity.config" />
        <DeploymentItem filename="App.Config" />
        <DeploymentItem filename="Tesco.Com.Rewards.Services.RBS.Provider.dll.config" />
      </DeploymentItems>
      <Execution id="5aece247-a9bb-42bd-987c-f31acef1cc8e" />
      <TestMethod codeBase="D:/Buildoutput/RBS/Binaries/Tesco.Com.Rewards.Services.RBS.UnitTest.DLL" adapterTypeName="Microsoft.VisualStudio.TestTools.TestTypes.Unit.UnitTestAdapter, Microsoft.VisualStudio.QualityTools.Tips.UnitTest.Adapter, Version=10.0.0.0, Culture=neutral, PublicKeyToken=b03f5f7f11d50a3a" className="Tesco.Com.Rewards.Services.RBS.UnitTest.RBSRepositoryTest, Tesco.Com.Rewards.Services.RBS.UnitTest, Version=1.0.0.0, Culture=neutral, PublicKeyToken=null" name="GetRegionDetailsValidTest" />
    </UnitTest>
    <UnitTest name="SaveVariantType_AddexistingTest" storage="d:\buildoutput\rbs\binaries\tesco.com.rewards.services.rbs.unittest.dll" id="29e53ac0-519a-da58-a3b1-48c0199c51da">
      <DeploymentItems>
        <DeploymentItem filename="Tesco.Com.Rewards.Services.RBS.unity.config" />
        <DeploymentItem filename="App.Config" />
        <DeploymentItem filename="Tesco.Com.Rewards.Services.RBS.Provider.dll.config" />
      </DeploymentItems>
      <Execution id="ea48ca34-f479-4731-a47c-7ce241d554f5" />
      <TestMethod codeBase="D:/Buildoutput/RBS/Binaries/Tesco.Com.Rewards.Services.RBS.UnitTest.DLL" adapterTypeName="Microsoft.VisualStudio.TestTools.TestTypes.Unit.UnitTestAdapter, Microsoft.VisualStudio.QualityTools.Tips.UnitTest.Adapter, Version=10.0.0.0, Culture=neutral, PublicKeyToken=b03f5f7f11d50a3a" className="Tesco.Com.Rewards.Services.RBS.UnitTest.RBSRepositoryTest, Tesco.Com.Rewards.Services.RBS.UnitTest, Version=1.0.0.0, Culture=neutral, PublicKeyToken=null" name="SaveVariantType_AddexistingTest" />
    </UnitTest>
    <UnitTest name="Update_Roletest" storage="d:\buildoutput\rbs\binaries\tesco.com.rewards.services.rbs.unittest.dll" id="96ceb9b2-9bb6-0cca-9402-80aa02d8877c">
      <DeploymentItems>
        <DeploymentItem filename="Tesco.Com.Rewards.Services.RBS.unity.config" />
        <DeploymentItem filename="App.Config" />
        <DeploymentItem filename="Tesco.Com.Rewards.Services.RBS.Provider.dll.config" />
      </DeploymentItems>
      <Execution id="bfece0cf-afa9-4d12-80c7-3af292b085de" />
      <TestMethod codeBase="D:/Buildoutput/RBS/Binaries/Tesco.Com.Rewards.Services.RBS.UnitTest.DLL" adapterTypeName="Microsoft.VisualStudio.TestTools.TestTypes.Unit.UnitTestAdapter, Microsoft.VisualStudio.QualityTools.Tips.UnitTest.Adapter, Version=10.0.0.0, Culture=neutral, PublicKeyToken=b03f5f7f11d50a3a" className="Tesco.Com.Rewards.Services.RBS.UnitTest.RBSRepositoryTest, Tesco.Com.Rewards.Services.RBS.UnitTest, Version=1.0.0.0, Culture=neutral, PublicKeyToken=null" name="Update_Roletest" />
    </UnitTest>
    <UnitTest name="GetStandingDataInValidTest" storage="d:\buildoutput\rbs\binaries\tesco.com.rewards.services.rbs.unittest.dll" id="111a7ef6-286e-2ce0-d7cf-b40fa9568c18">
      <DeploymentItems>
        <DeploymentItem filename="Tesco.Com.Rewards.Services.RBS.unity.config" />
        <DeploymentItem filename="App.Config" />
        <DeploymentItem filename="Tesco.Com.Rewards.Services.RBS.Provider.dll.config" />
      </DeploymentItems>
      <Execution id="0ce7230c-e5a2-4c0c-a6e1-8b9193966a9a" />
      <TestMethod codeBase="D:/Buildoutput/RBS/Binaries/Tesco.Com.Rewards.Services.RBS.UnitTest.DLL" adapterTypeName="Microsoft.VisualStudio.TestTools.TestTypes.Unit.UnitTestAdapter, Microsoft.VisualStudio.QualityTools.Tips.UnitTest.Adapter, Version=10.0.0.0, Culture=neutral, PublicKeyToken=b03f5f7f11d50a3a" className="Tesco.Com.Rewards.Services.RBS.UnitTest.RBSRepositoryTest, Tesco.Com.Rewards.Services.RBS.UnitTest, Version=1.0.0.0, Culture=neutral, PublicKeyToken=null" name="GetStandingDataInValidTest" />
    </UnitTest>
    <UnitTest name="GetStandingDataTypeBaseExceptionTest" storage="d:\buildoutput\rbs\binaries\tesco.com.rewards.services.rbs.unittest.dll" id="772122b0-f2b6-21c4-1fa1-61338ad600b0">
      <DeploymentItems>
        <DeploymentItem filename="Tesco.Com.Rewards.Services.RBS.unity.config" />
        <DeploymentItem filename="App.Config" />
        <DeploymentItem filename="Tesco.Com.Rewards.Services.RBS.Provider.dll.config" />
      </DeploymentItems>
      <Execution id="bfbff001-f8c5-46b6-aa7e-ee4dde22fccc" />
      <TestMethod codeBase="D:/Buildoutput/RBS/Binaries/Tesco.Com.Rewards.Services.RBS.UnitTest.DLL" adapterTypeName="Microsoft.VisualStudio.TestTools.TestTypes.Unit.UnitTestAdapter, Microsoft.VisualStudio.QualityTools.Tips.UnitTest.Adapter, Version=10.0.0.0, Culture=neutral, PublicKeyToken=b03f5f7f11d50a3a" className="Tesco.Com.Rewards.Services.RBS.UnitTest.RBSProviderTest, Tesco.Com.Rewards.Services.RBS.UnitTest, Version=1.0.0.0, Culture=neutral, PublicKeyToken=null" name="GetStandingDataTypeBaseExceptionTest" />
    </UnitTest>
    <UnitTest name="GetStandingDataValueDetailValidTest" storage="d:\buildoutput\rbs\binaries\tesco.com.rewards.services.rbs.unittest.dll" id="d6fa2ac4-0ed7-fe05-9d42-0d8a0b2d15a6">
      <DeploymentItems>
        <DeploymentItem filename="Tesco.Com.Rewards.Services.RBS.unity.config" />
        <DeploymentItem filename="App.Config" />
        <DeploymentItem filename="Tesco.Com.Rewards.Services.RBS.Provider.dll.config" />
      </DeploymentItems>
      <Execution id="be11cd75-ea27-49a8-94b8-cf411b614867" />
      <TestMethod codeBase="D:/Buildoutput/RBS/Binaries/Tesco.Com.Rewards.Services.RBS.UnitTest.DLL" adapterTypeName="Microsoft.VisualStudio.TestTools.TestTypes.Unit.UnitTestAdapter, Microsoft.VisualStudio.QualityTools.Tips.UnitTest.Adapter, Version=10.0.0.0, Culture=neutral, PublicKeyToken=b03f5f7f11d50a3a" className="Tesco.Com.Rewards.Services.RBS.UnitTest.RBSRepositoryTest, Tesco.Com.Rewards.Services.RBS.UnitTest, Version=1.0.0.0, Culture=neutral, PublicKeyToken=null" name="GetStandingDataValueDetailValidTest" />
    </UnitTest>
    <UnitTest name="SaveVariantValue_ArgExceptionTest" storage="d:\buildoutput\rbs\binaries\tesco.com.rewards.services.rbs.unittest.dll" id="310b7b15-60d6-17c8-42cc-e325ce6a46aa">
      <DeploymentItems>
        <DeploymentItem filename="Tesco.Com.Rewards.Services.RBS.unity.config" />
        <DeploymentItem filename="App.Config" />
        <DeploymentItem filename="Tesco.Com.Rewards.Services.RBS.Provider.dll.config" />
      </DeploymentItems>
      <Execution id="2cd10195-4c65-44dc-ab6c-219d133d217e" />
      <TestMethod codeBase="D:/Buildoutput/RBS/Binaries/Tesco.Com.Rewards.Services.RBS.UnitTest.DLL" adapterTypeName="Microsoft.VisualStudio.TestTools.TestTypes.Unit.UnitTestAdapter, Microsoft.VisualStudio.QualityTools.Tips.UnitTest.Adapter, Version=10.0.0.0, Culture=neutral, PublicKeyToken=b03f5f7f11d50a3a" className="Tesco.Com.Rewards.Services.RBS.UnitTest.RBSRepositoryTest, Tesco.Com.Rewards.Services.RBS.UnitTest, Version=1.0.0.0, Culture=neutral, PublicKeyToken=null" name="SaveVariantValue_ArgExceptionTest" />
    </UnitTest>
    <UnitTest name="SaveVariantTypeValidTest" storage="d:\buildoutput\rbs\binaries\tesco.com.rewards.services.rbs.unittest.dll" id="fe09175e-a2a3-b5fb-e464-f507d428d228">
      <DeploymentItems>
        <DeploymentItem filename="Tesco.Com.Rewards.Services.RBS.unity.config" />
        <DeploymentItem filename="App.Config" />
        <DeploymentItem filename="Tesco.Com.Rewards.Services.RBS.Provider.dll.config" />
      </DeploymentItems>
      <Execution id="845547c6-d31e-463f-b84f-39bd9df70deb" />
      <TestMethod codeBase="D:/Buildoutput/RBS/Binaries/Tesco.Com.Rewards.Services.RBS.UnitTest.DLL" adapterTypeName="Microsoft.VisualStudio.TestTools.TestTypes.Unit.UnitTestAdapter, Microsoft.VisualStudio.QualityTools.Tips.UnitTest.Adapter, Version=10.0.0.0, Culture=neutral, PublicKeyToken=b03f5f7f11d50a3a" className="Tesco.Com.Rewards.Services.RBS.UnitTest.RBSProviderTest, Tesco.Com.Rewards.Services.RBS.UnitTest, Version=1.0.0.0, Culture=neutral, PublicKeyToken=null" name="SaveVariantTypeValidTest" />
    </UnitTest>
    <UnitTest name="GetStandingDataValueWithArgumentNullExceptionTest" storage="d:\buildoutput\rbs\binaries\tesco.com.rewards.services.rbs.unittest.dll" id="6e6b0b3d-71a5-04f8-674f-4968e69ec1fa">
      <DeploymentItems>
        <DeploymentItem filename="Tesco.Com.Rewards.Services.RBS.unity.config" />
        <DeploymentItem filename="App.Config" />
        <DeploymentItem filename="Tesco.Com.Rewards.Services.RBS.Provider.dll.config" />
      </DeploymentItems>
      <Execution id="328d4fac-1fcd-44be-8593-b330c416f17b" />
      <TestMethod codeBase="D:/Buildoutput/RBS/Binaries/Tesco.Com.Rewards.Services.RBS.UnitTest.DLL" adapterTypeName="Microsoft.VisualStudio.TestTools.TestTypes.Unit.UnitTestAdapter, Microsoft.VisualStudio.QualityTools.Tips.UnitTest.Adapter, Version=10.0.0.0, Culture=neutral, PublicKeyToken=b03f5f7f11d50a3a" className="Tesco.Com.Rewards.Services.RBS.UnitTest.RBSProviderTest, Tesco.Com.Rewards.Services.RBS.UnitTest, Version=1.0.0.0, Culture=neutral, PublicKeyToken=null" name="GetStandingDataValueWithArgumentNullExceptionTest" />
    </UnitTest>
    <UnitTest name="GetVariantsValidTest" storage="d:\buildoutput\rbs\binaries\tesco.com.rewards.services.rbs.unittest.dll" id="c87c9eaa-83bc-f98c-45fb-0b3780a94194">
      <DeploymentItems>
        <DeploymentItem filename="Tesco.Com.Rewards.Services.RBS.unity.config" />
        <DeploymentItem filename="App.Config" />
        <DeploymentItem filename="Tesco.Com.Rewards.Services.RBS.Provider.dll.config" />
      </DeploymentItems>
      <Execution id="988ecd46-e83a-459d-b11b-d8815329de97" />
      <TestMethod codeBase="D:/Buildoutput/RBS/Binaries/Tesco.Com.Rewards.Services.RBS.UnitTest.DLL" adapterTypeName="Microsoft.VisualStudio.TestTools.TestTypes.Unit.UnitTestAdapter, Microsoft.VisualStudio.QualityTools.Tips.UnitTest.Adapter, Version=10.0.0.0, Culture=neutral, PublicKeyToken=b03f5f7f11d50a3a" className="Tesco.Com.Rewards.Services.RBS.UnitTest.RBSProviderTest, Tesco.Com.Rewards.Services.RBS.UnitTest, Version=1.0.0.0, Culture=neutral, PublicKeyToken=null" name="GetVariantsValidTest" />
    </UnitTest>
    <UnitTest name="CreateUpdateContentGroupTest" storage="d:\buildoutput\rbs\binaries\tesco.com.rewards.services.rbs.unittest.dll" id="b6c5096c-b5fe-2ad0-6754-2f61fe280e91">
      <DeploymentItems>
        <DeploymentItem filename="Tesco.Com.Rewards.Services.RBS.unity.config" />
        <DeploymentItem filename="App.Config" />
        <DeploymentItem filename="Tesco.Com.Rewards.Services.RBS.Provider.dll.config" />
      </DeploymentItems>
      <Execution id="c9124338-dce6-4110-9296-e44aeb0aadbc" />
      <TestMethod codeBase="D:/Buildoutput/RBS/Binaries/Tesco.Com.Rewards.Services.RBS.UnitTest.DLL" adapterTypeName="Microsoft.VisualStudio.TestTools.TestTypes.Unit.UnitTestAdapter, Microsoft.VisualStudio.QualityTools.Tips.UnitTest.Adapter, Version=10.0.0.0, Culture=neutral, PublicKeyToken=b03f5f7f11d50a3a" className="Tesco.Com.Rewards.Services.RBS.UnitTest.RBSProviderTest, Tesco.Com.Rewards.Services.RBS.UnitTest, Version=1.0.0.0, Culture=neutral, PublicKeyToken=null" name="CreateUpdateContentGroupTest" />
    </UnitTest>
    <UnitTest name="GetContentGroupDocumentValidTest" storage="d:\buildoutput\rbs\binaries\tesco.com.rewards.services.rbs.unittest.dll" id="a77a19db-9bf1-d5d6-28fe-95a7e6cb779d">
      <DeploymentItems>
        <DeploymentItem filename="Tesco.Com.Rewards.Services.RBS.unity.config" />
        <DeploymentItem filename="App.Config" />
        <DeploymentItem filename="Tesco.Com.Rewards.Services.RBS.Provider.dll.config" />
      </DeploymentItems>
      <Execution id="3eadbb9b-e1e3-4a53-89a7-cc144dad5f73" />
      <TestMethod codeBase="D:/Buildoutput/RBS/Binaries/Tesco.Com.Rewards.Services.RBS.UnitTest.DLL" adapterTypeName="Microsoft.VisualStudio.TestTools.TestTypes.Unit.UnitTestAdapter, Microsoft.VisualStudio.QualityTools.Tips.UnitTest.Adapter, Version=10.0.0.0, Culture=neutral, PublicKeyToken=b03f5f7f11d50a3a" className="Tesco.Com.Rewards.Services.RBS.UnitTest.RBSRepositoryTest, Tesco.Com.Rewards.Services.RBS.UnitTest, Version=1.0.0.0, Culture=neutral, PublicKeyToken=null" name="GetContentGroupDocumentValidTest" />
    </UnitTest>
    <UnitTest name="CreateContentGroupDocumentValidTest" storage="d:\buildoutput\rbs\binaries\tesco.com.rewards.services.rbs.unittest.dll" id="9a2e6db0-acbf-c877-7524-0e84c78719a3">
      <DeploymentItems>
        <DeploymentItem filename="Tesco.Com.Rewards.Services.RBS.unity.config" />
        <DeploymentItem filename="App.Config" />
        <DeploymentItem filename="Tesco.Com.Rewards.Services.RBS.Provider.dll.config" />
      </DeploymentItems>
      <Execution id="22fb40e1-e0fa-4791-ac46-87d74f0c5a86" />
      <TestMethod codeBase="D:/Buildoutput/RBS/Binaries/Tesco.Com.Rewards.Services.RBS.UnitTest.DLL" adapterTypeName="Microsoft.VisualStudio.TestTools.TestTypes.Unit.UnitTestAdapter, Microsoft.VisualStudio.QualityTools.Tips.UnitTest.Adapter, Version=10.0.0.0, Culture=neutral, PublicKeyToken=b03f5f7f11d50a3a" className="Tesco.Com.Rewards.Services.RBS.UnitTest.RBSRepositoryTest, Tesco.Com.Rewards.Services.RBS.UnitTest, Version=1.0.0.0, Culture=neutral, PublicKeyToken=null" name="CreateContentGroupDocumentValidTest" />
    </UnitTest>
    <UnitTest name="CreateNotificationTemplateDetailTest" storage="d:\buildoutput\rbs\binaries\tesco.com.rewards.services.rbs.unittest.dll" id="7e8ec043-eba3-add6-e1c0-a2a0e6b3ebd6">
      <DeploymentItems>
        <DeploymentItem filename="Tesco.Com.Rewards.Services.RBS.unity.config" />
        <DeploymentItem filename="App.Config" />
        <DeploymentItem filename="Tesco.Com.Rewards.Services.RBS.Provider.dll.config" />
      </DeploymentItems>
      <Execution id="bc749842-68be-4a7b-ae72-5959c31ba367" />
      <TestMethod codeBase="D:/Buildoutput/RBS/Binaries/Tesco.Com.Rewards.Services.RBS.UnitTest.DLL" adapterTypeName="Microsoft.VisualStudio.TestTools.TestTypes.Unit.UnitTestAdapter, Microsoft.VisualStudio.QualityTools.Tips.UnitTest.Adapter, Version=10.0.0.0, Culture=neutral, PublicKeyToken=b03f5f7f11d50a3a" className="Tesco.Com.Rewards.Services.RBS.UnitTest.RBSProviderTest, Tesco.Com.Rewards.Services.RBS.UnitTest, Version=1.0.0.0, Culture=neutral, PublicKeyToken=null" name="CreateNotificationTemplateDetailTest" />
    </UnitTest>
    <UnitTest name="SearchUserTest" storage="d:\buildoutput\rbs\binaries\tesco.com.rewards.services.rbs.unittest.dll" id="048b1af9-d32c-12c5-27bd-81f927eb7006">
      <DeploymentItems>
        <DeploymentItem filename="Tesco.Com.Rewards.Services.RBS.unity.config" />
        <DeploymentItem filename="App.Config" />
        <DeploymentItem filename="Tesco.Com.Rewards.Services.RBS.Provider.dll.config" />
      </DeploymentItems>
      <Execution id="d5a7d318-4a51-494e-a7cb-9c36721b264c" />
      <TestMethod codeBase="D:/Buildoutput/RBS/Binaries/Tesco.Com.Rewards.Services.RBS.UnitTest.DLL" adapterTypeName="Microsoft.VisualStudio.TestTools.TestTypes.Unit.UnitTestAdapter, Microsoft.VisualStudio.QualityTools.Tips.UnitTest.Adapter, Version=10.0.0.0, Culture=neutral, PublicKeyToken=b03f5f7f11d50a3a" className="Tesco.Com.Rewards.Services.RBS.UnitTest.RBSRepositoryTest, Tesco.Com.Rewards.Services.RBS.UnitTest, Version=1.0.0.0, Culture=neutral, PublicKeyToken=null" name="SearchUserTest" />
    </UnitTest>
    <UnitTest name="GetApplicationsTest" storage="d:\buildoutput\rbs\binaries\tesco.com.rewards.services.rbs.unittest.dll" id="eb9d6e46-6374-0fb1-ea86-b95709f42965">
      <DeploymentItems>
        <DeploymentItem filename="Tesco.Com.Rewards.Services.RBS.unity.config" />
        <DeploymentItem filename="App.Config" />
        <DeploymentItem filename="Tesco.Com.Rewards.Services.RBS.Provider.dll.config" />
      </DeploymentItems>
      <Execution id="f013fbcc-e8e4-423f-9a74-efc7bba3ab91" />
      <TestMethod codeBase="D:/Buildoutput/RBS/Binaries/Tesco.Com.Rewards.Services.RBS.UnitTest.DLL" adapterTypeName="Microsoft.VisualStudio.TestTools.TestTypes.Unit.UnitTestAdapter, Microsoft.VisualStudio.QualityTools.Tips.UnitTest.Adapter, Version=10.0.0.0, Culture=neutral, PublicKeyToken=b03f5f7f11d50a3a" className="Tesco.Com.Rewards.Services.RBS.UnitTest.RBSProviderTest, Tesco.Com.Rewards.Services.RBS.UnitTest, Version=1.0.0.0, Culture=neutral, PublicKeyToken=null" name="GetApplicationsTest" />
    </UnitTest>
    <UnitTest name="GetRegionHierarchyTest" storage="d:\buildoutput\rbs\binaries\tesco.com.rewards.services.rbs.unittest.dll" id="22ac27bc-681a-a975-2541-9897f5d967c0">
      <DeploymentItems>
        <DeploymentItem filename="Tesco.Com.Rewards.Services.RBS.unity.config" />
        <DeploymentItem filename="App.Config" />
        <DeploymentItem filename="Tesco.Com.Rewards.Services.RBS.Provider.dll.config" />
      </DeploymentItems>
      <Execution id="30f9d9e4-14c7-46a9-8349-dec5d1309f4a" />
      <TestMethod codeBase="D:/Buildoutput/RBS/Binaries/Tesco.Com.Rewards.Services.RBS.UnitTest.DLL" adapterTypeName="Microsoft.VisualStudio.TestTools.TestTypes.Unit.UnitTestAdapter, Microsoft.VisualStudio.QualityTools.Tips.UnitTest.Adapter, Version=10.0.0.0, Culture=neutral, PublicKeyToken=b03f5f7f11d50a3a" className="Tesco.Com.Rewards.Services.RBS.UnitTest.RBSProviderTest, Tesco.Com.Rewards.Services.RBS.UnitTest, Version=1.0.0.0, Culture=neutral, PublicKeyToken=null" name="GetRegionHierarchyTest" />
    </UnitTest>
    <UnitTest name="GetNotificationTemplateDetailsTest" storage="d:\buildoutput\rbs\binaries\tesco.com.rewards.services.rbs.unittest.dll" id="de9cd659-3511-7e6f-386c-e23d9297c1e5">
      <DeploymentItems>
        <DeploymentItem filename="Tesco.Com.Rewards.Services.RBS.unity.config" />
        <DeploymentItem filename="App.Config" />
        <DeploymentItem filename="Tesco.Com.Rewards.Services.RBS.Provider.dll.config" />
      </DeploymentItems>
      <Execution id="6ee9191a-553f-4922-857a-6c69a7cd6d79" />
      <TestMethod codeBase="D:/Buildoutput/RBS/Binaries/Tesco.Com.Rewards.Services.RBS.UnitTest.DLL" adapterTypeName="Microsoft.VisualStudio.TestTools.TestTypes.Unit.UnitTestAdapter, Microsoft.VisualStudio.QualityTools.Tips.UnitTest.Adapter, Version=10.0.0.0, Culture=neutral, PublicKeyToken=b03f5f7f11d50a3a" className="Tesco.Com.Rewards.Services.RBS.UnitTest.RBSProviderTest, Tesco.Com.Rewards.Services.RBS.UnitTest, Version=1.0.0.0, Culture=neutral, PublicKeyToken=null" name="GetNotificationTemplateDetailsTest" />
    </UnitTest>
    <UnitTest name="GetStandingDataWithArgumentNullExceptionTest" storage="d:\buildoutput\rbs\binaries\tesco.com.rewards.services.rbs.unittest.dll" id="1ff15fb4-9444-0c71-b915-63f54737e08c">
      <DeploymentItems>
        <DeploymentItem filename="Tesco.Com.Rewards.Services.RBS.unity.config" />
        <DeploymentItem filename="App.Config" />
        <DeploymentItem filename="Tesco.Com.Rewards.Services.RBS.Provider.dll.config" />
      </DeploymentItems>
      <Execution id="c53591fa-b2b2-42e3-b0ef-2c9c45151fee" />
      <TestMethod codeBase="D:/Buildoutput/RBS/Binaries/Tesco.Com.Rewards.Services.RBS.UnitTest.DLL" adapterTypeName="Microsoft.VisualStudio.TestTools.TestTypes.Unit.UnitTestAdapter, Microsoft.VisualStudio.QualityTools.Tips.UnitTest.Adapter, Version=10.0.0.0, Culture=neutral, PublicKeyToken=b03f5f7f11d50a3a" className="Tesco.Com.Rewards.Services.RBS.UnitTest.RBSProviderTest, Tesco.Com.Rewards.Services.RBS.UnitTest, Version=1.0.0.0, Culture=neutral, PublicKeyToken=null" name="GetStandingDataWithArgumentNullExceptionTest" />
    </UnitTest>
    <UnitTest name="GetStandingDataTypeValidTest" storage="d:\buildoutput\rbs\binaries\tesco.com.rewards.services.rbs.unittest.dll" id="d1102c3f-fa10-4478-2abd-ee5f54705b4b">
      <DeploymentItems>
        <DeploymentItem filename="Tesco.Com.Rewards.Services.RBS.unity.config" />
        <DeploymentItem filename="App.Config" />
        <DeploymentItem filename="Tesco.Com.Rewards.Services.RBS.Provider.dll.config" />
      </DeploymentItems>
      <Execution id="b173b615-29f7-4d6b-9835-f84a78a035ba" />
      <TestMethod codeBase="D:/Buildoutput/RBS/Binaries/Tesco.Com.Rewards.Services.RBS.UnitTest.DLL" adapterTypeName="Microsoft.VisualStudio.TestTools.TestTypes.Unit.UnitTestAdapter, Microsoft.VisualStudio.QualityTools.Tips.UnitTest.Adapter, Version=10.0.0.0, Culture=neutral, PublicKeyToken=b03f5f7f11d50a3a" className="Tesco.Com.Rewards.Services.RBS.UnitTest.RBSRepositoryTest, Tesco.Com.Rewards.Services.RBS.UnitTest, Version=1.0.0.0, Culture=neutral, PublicKeyToken=null" name="GetStandingDataTypeValidTest" />
    </UnitTest>
    <UnitTest name="GetStandingDataValueValidTest" storage="d:\buildoutput\rbs\binaries\tesco.com.rewards.services.rbs.unittest.dll" id="d46ee61a-b7d0-4493-1d2b-c3a45e761034">
      <DeploymentItems>
        <DeploymentItem filename="Tesco.Com.Rewards.Services.RBS.unity.config" />
        <DeploymentItem filename="App.Config" />
        <DeploymentItem filename="Tesco.Com.Rewards.Services.RBS.Provider.dll.config" />
      </DeploymentItems>
      <Execution id="4c8031fc-1380-4b3e-9e07-fa0354ae4cdc" />
      <TestMethod codeBase="D:/Buildoutput/RBS/Binaries/Tesco.Com.Rewards.Services.RBS.UnitTest.DLL" adapterTypeName="Microsoft.VisualStudio.TestTools.TestTypes.Unit.UnitTestAdapter, Microsoft.VisualStudio.QualityTools.Tips.UnitTest.Adapter, Version=10.0.0.0, Culture=neutral, PublicKeyToken=b03f5f7f11d50a3a" className="Tesco.Com.Rewards.Services.RBS.UnitTest.RBSRepositoryTest, Tesco.Com.Rewards.Services.RBS.UnitTest, Version=1.0.0.0, Culture=neutral, PublicKeyToken=null" name="GetStandingDataValueValidTest" />
    </UnitTest>
    <UnitTest name="GetStandingDataBaseExceptionTest" storage="d:\buildoutput\rbs\binaries\tesco.com.rewards.services.rbs.unittest.dll" id="097bf186-30fe-2b39-171f-46c9833b6643">
      <DeploymentItems>
        <DeploymentItem filename="Tesco.Com.Rewards.Services.RBS.unity.config" />
        <DeploymentItem filename="App.Config" />
        <DeploymentItem filename="Tesco.Com.Rewards.Services.RBS.Provider.dll.config" />
      </DeploymentItems>
      <Execution id="cfcca0c0-eae5-4fd0-9910-94e9307e8a19" />
      <TestMethod codeBase="D:/Buildoutput/RBS/Binaries/Tesco.Com.Rewards.Services.RBS.UnitTest.DLL" adapterTypeName="Microsoft.VisualStudio.TestTools.TestTypes.Unit.UnitTestAdapter, Microsoft.VisualStudio.QualityTools.Tips.UnitTest.Adapter, Version=10.0.0.0, Culture=neutral, PublicKeyToken=b03f5f7f11d50a3a" className="Tesco.Com.Rewards.Services.RBS.UnitTest.RBSProviderTest, Tesco.Com.Rewards.Services.RBS.UnitTest, Version=1.0.0.0, Culture=neutral, PublicKeyToken=null" name="GetStandingDataBaseExceptionTest" />
    </UnitTest>
    <UnitTest name="InsertIntoRbcRequestDetailTestMethod" storage="d:\buildoutput\rbs\binaries\tesco.com.rewards.services.rbs.unittest.dll" id="89bf8703-af6e-2351-7c1a-1206ef5bb74d">
      <DeploymentItems>
        <DeploymentItem filename="Tesco.Com.Rewards.Services.RBS.unity.config" />
        <DeploymentItem filename="App.Config" />
        <DeploymentItem filename="Tesco.Com.Rewards.Services.RBS.Provider.dll.config" />
      </DeploymentItems>
      <Execution id="85770baf-6792-4e92-9407-69824402ac5c" />
      <TestMethod codeBase="D:/Buildoutput/RBS/Binaries/Tesco.Com.Rewards.Services.RBS.UnitTest.DLL" adapterTypeName="Microsoft.VisualStudio.TestTools.TestTypes.Unit.UnitTestAdapter, Microsoft.VisualStudio.QualityTools.Tips.UnitTest.Adapter, Version=10.0.0.0, Culture=neutral, PublicKeyToken=b03f5f7f11d50a3a" className="Tesco.Com.Rewards.Services.RBS.UnitTest.RBSRepositoryTest, Tesco.Com.Rewards.Services.RBS.UnitTest, Version=1.0.0.0, Culture=neutral, PublicKeyToken=null" name="InsertIntoRbcRequestDetailTestMethod" />
    </UnitTest>
    <UnitTest name="GetEntitlementGenericException" storage="d:\buildoutput\rbs\binaries\tesco.com.rewards.services.rbs.unittest.dll" id="71df9a08-d351-7add-13a6-62ec3e44b6fe">
      <DeploymentItems>
        <DeploymentItem filename="Tesco.Com.Rewards.Services.RBS.unity.config" />
        <DeploymentItem filename="App.Config" />
        <DeploymentItem filename="Tesco.Com.Rewards.Services.RBS.Provider.dll.config" />
      </DeploymentItems>
      <Execution id="427543ef-d2a2-41f8-b69d-df343094ae11" />
      <TestMethod codeBase="D:/Buildoutput/RBS/Binaries/Tesco.Com.Rewards.Services.RBS.UnitTest.DLL" adapterTypeName="Microsoft.VisualStudio.TestTools.TestTypes.Unit.UnitTestAdapter, Microsoft.VisualStudio.QualityTools.Tips.UnitTest.Adapter, Version=10.0.0.0, Culture=neutral, PublicKeyToken=b03f5f7f11d50a3a" className="Tesco.Com.Rewards.Services.RBS.UnitTest.RBSRepositoryTest, Tesco.Com.Rewards.Services.RBS.UnitTest, Version=1.0.0.0, Culture=neutral, PublicKeyToken=null" name="GetEntitlementGenericException" />
    </UnitTest>
    <UnitTest name="GetEntitlementBasedOnRoleId" storage="d:\buildoutput\rbs\binaries\tesco.com.rewards.services.rbs.unittest.dll" id="1cd80781-097b-70b5-cf7e-3db29fac9684">
      <DeploymentItems>
        <DeploymentItem filename="Tesco.Com.Rewards.Services.RBS.unity.config" />
        <DeploymentItem filename="App.Config" />
        <DeploymentItem filename="Tesco.Com.Rewards.Services.RBS.Provider.dll.config" />
      </DeploymentItems>
      <Execution id="74ed85c1-ffb4-4163-b97a-aedf5a69332d" />
      <TestMethod codeBase="D:/Buildoutput/RBS/Binaries/Tesco.Com.Rewards.Services.RBS.UnitTest.DLL" adapterTypeName="Microsoft.VisualStudio.TestTools.TestTypes.Unit.UnitTestAdapter, Microsoft.VisualStudio.QualityTools.Tips.UnitTest.Adapter, Version=10.0.0.0, Culture=neutral, PublicKeyToken=b03f5f7f11d50a3a" className="Tesco.Com.Rewards.Services.RBS.UnitTest.RBSRepositoryTest, Tesco.Com.Rewards.Services.RBS.UnitTest, Version=1.0.0.0, Culture=neutral, PublicKeyToken=null" name="GetEntitlementBasedOnRoleId" />
    </UnitTest>
    <UnitTest name="SaveEntitlementTestForBusinessValidation" storage="d:\buildoutput\rbs\binaries\tesco.com.rewards.services.rbs.unittest.dll" id="63b05f62-ade9-b8dd-7bf9-6ef490ee9db0">
      <DeploymentItems>
        <DeploymentItem filename="Tesco.Com.Rewards.Services.RBS.unity.config" />
        <DeploymentItem filename="App.Config" />
        <DeploymentItem filename="Tesco.Com.Rewards.Services.RBS.Provider.dll.config" />
      </DeploymentItems>
      <Execution id="ae3d2294-2a15-4936-9342-0be7103119bc" />
      <TestMethod codeBase="D:/Buildoutput/RBS/Binaries/Tesco.Com.Rewards.Services.RBS.UnitTest.DLL" adapterTypeName="Microsoft.VisualStudio.TestTools.TestTypes.Unit.UnitTestAdapter, Microsoft.VisualStudio.QualityTools.Tips.UnitTest.Adapter, Version=10.0.0.0, Culture=neutral, PublicKeyToken=b03f5f7f11d50a3a" className="Tesco.Com.Rewards.Services.RBS.UnitTest.RBSProviderTest, Tesco.Com.Rewards.Services.RBS.UnitTest, Version=1.0.0.0, Culture=neutral, PublicKeyToken=null" name="SaveEntitlementTestForBusinessValidation" />
    </UnitTest>
    <UnitTest name="UpdateReminderDetailDBExceptionTest" storage="d:\buildoutput\rbs\binaries\tesco.com.rewards.services.rbs.unittest.dll" id="19e05672-1369-a11f-0464-402b0c771357">
      <DeploymentItems>
        <DeploymentItem filename="Tesco.Com.Rewards.Services.RBS.unity.config" />
        <DeploymentItem filename="App.Config" />
        <DeploymentItem filename="Tesco.Com.Rewards.Services.RBS.Provider.dll.config" />
      </DeploymentItems>
      <Execution id="7dbce1fc-6041-4781-8203-6c494393aefa" />
      <TestMethod codeBase="D:/Buildoutput/RBS/Binaries/Tesco.Com.Rewards.Services.RBS.UnitTest.DLL" adapterTypeName="Microsoft.VisualStudio.TestTools.TestTypes.Unit.UnitTestAdapter, Microsoft.VisualStudio.QualityTools.Tips.UnitTest.Adapter, Version=10.0.0.0, Culture=neutral, PublicKeyToken=b03f5f7f11d50a3a" className="Tesco.Com.Rewards.Services.RBS.UnitTest.RBSRepositoryTest, Tesco.Com.Rewards.Services.RBS.UnitTest, Version=1.0.0.0, Culture=neutral, PublicKeyToken=null" name="UpdateReminderDetailDBExceptionTest" />
    </UnitTest>
    <UnitTest name="UpdateContentGroupValidTest" storage="d:\buildoutput\rbs\binaries\tesco.com.rewards.services.rbs.unittest.dll" id="0b537d71-5929-385e-f1b2-ee26cbe040c1">
      <DeploymentItems>
        <DeploymentItem filename="Tesco.Com.Rewards.Services.RBS.unity.config" />
        <DeploymentItem filename="App.Config" />
        <DeploymentItem filename="Tesco.Com.Rewards.Services.RBS.Provider.dll.config" />
      </DeploymentItems>
      <Execution id="40188b31-82e7-4aa5-a19d-ecdac115a0b5" />
      <TestMethod codeBase="D:/Buildoutput/RBS/Binaries/Tesco.Com.Rewards.Services.RBS.UnitTest.DLL" adapterTypeName="Microsoft.VisualStudio.TestTools.TestTypes.Unit.UnitTestAdapter, Microsoft.VisualStudio.QualityTools.Tips.UnitTest.Adapter, Version=10.0.0.0, Culture=neutral, PublicKeyToken=b03f5f7f11d50a3a" className="Tesco.Com.Rewards.Services.RBS.UnitTest.RBSRepositoryTest, Tesco.Com.Rewards.Services.RBS.UnitTest, Version=1.0.0.0, Culture=neutral, PublicKeyToken=null" name="UpdateContentGroupValidTest" />
    </UnitTest>
    <UnitTest name="GetStandingDataValueDetailsInvalidTest" storage="d:\buildoutput\rbs\binaries\tesco.com.rewards.services.rbs.unittest.dll" id="d16f2316-f8b0-2ff2-ca63-19da1a26520b">
      <DeploymentItems>
        <DeploymentItem filename="Tesco.Com.Rewards.Services.RBS.unity.config" />
        <DeploymentItem filename="App.Config" />
        <DeploymentItem filename="Tesco.Com.Rewards.Services.RBS.Provider.dll.config" />
      </DeploymentItems>
      <Execution id="67964292-9c93-4f80-bf93-98d4cf820e29" />
      <TestMethod codeBase="D:/Buildoutput/RBS/Binaries/Tesco.Com.Rewards.Services.RBS.UnitTest.DLL" adapterTypeName="Microsoft.VisualStudio.TestTools.TestTypes.Unit.UnitTestAdapter, Microsoft.VisualStudio.QualityTools.Tips.UnitTest.Adapter, Version=10.0.0.0, Culture=neutral, PublicKeyToken=b03f5f7f11d50a3a" className="Tesco.Com.Rewards.Services.RBS.UnitTest.RBSProviderTest, Tesco.Com.Rewards.Services.RBS.UnitTest, Version=1.0.0.0, Culture=neutral, PublicKeyToken=null" name="GetStandingDataValueDetailsInvalidTest" />
    </UnitTest>
    <UnitTest name="CreateUpdateConfigItemWithCallContextNullExceptionTest" storage="d:\buildoutput\rbs\binaries\tesco.com.rewards.services.rbs.unittest.dll" id="58b7dc99-f711-2905-df1a-691a5d14e02d">
      <DeploymentItems>
        <DeploymentItem filename="Tesco.Com.Rewards.Services.RBS.unity.config" />
        <DeploymentItem filename="App.Config" />
        <DeploymentItem filename="Tesco.Com.Rewards.Services.RBS.Provider.dll.config" />
      </DeploymentItems>
      <Execution id="5b357207-8e6b-4510-9dbc-d95deaceee96" />
      <TestMethod codeBase="D:/Buildoutput/RBS/Binaries/Tesco.Com.Rewards.Services.RBS.UnitTest.DLL" adapterTypeName="Microsoft.VisualStudio.TestTools.TestTypes.Unit.UnitTestAdapter, Microsoft.VisualStudio.QualityTools.Tips.UnitTest.Adapter, Version=10.0.0.0, Culture=neutral, PublicKeyToken=b03f5f7f11d50a3a" className="Tesco.Com.Rewards.Services.RBS.UnitTest.RBSProviderTest, Tesco.Com.Rewards.Services.RBS.UnitTest, Version=1.0.0.0, Culture=neutral, PublicKeyToken=null" name="CreateUpdateConfigItemWithCallContextNullExceptionTest" />
    </UnitTest>
    <UnitTest name="GetConfigItemValidTest" storage="d:\buildoutput\rbs\binaries\tesco.com.rewards.services.rbs.unittest.dll" id="9803778d-a24a-3b80-8933-fc79d572ce79">
      <DeploymentItems>
        <DeploymentItem filename="Tesco.Com.Rewards.Services.RBS.unity.config" />
        <DeploymentItem filename="App.Config" />
        <DeploymentItem filename="Tesco.Com.Rewards.Services.RBS.Provider.dll.config" />
      </DeploymentItems>
      <Execution id="5cc46dbd-2480-4ee0-992a-2cfa079b7b55" />
      <TestMethod codeBase="D:/Buildoutput/RBS/Binaries/Tesco.Com.Rewards.Services.RBS.UnitTest.DLL" adapterTypeName="Microsoft.VisualStudio.TestTools.TestTypes.Unit.UnitTestAdapter, Microsoft.VisualStudio.QualityTools.Tips.UnitTest.Adapter, Version=10.0.0.0, Culture=neutral, PublicKeyToken=b03f5f7f11d50a3a" className="Tesco.Com.Rewards.Services.RBS.UnitTest.RBSProviderTest, Tesco.Com.Rewards.Services.RBS.UnitTest, Version=1.0.0.0, Culture=neutral, PublicKeyToken=null" name="GetConfigItemValidTest" />
    </UnitTest>
    <UnitTest name="ThrowArgumentNullExceptionIfFeedGenerationRequestIsNull" storage="d:\buildoutput\rbs\binaries\tesco.com.rewards.services.rbs.unittest.dll" id="3c77227a-ee2e-5a8f-c76c-181206f4a6af">
      <DeploymentItems>
        <DeploymentItem filename="Tesco.Com.Rewards.Services.RBS.unity.config" />
        <DeploymentItem filename="App.Config" />
        <DeploymentItem filename="Tesco.Com.Rewards.Services.RBS.Provider.dll.config" />
      </DeploymentItems>
      <Execution id="0ff3047d-7814-46b8-a825-672eeb896b74" />
      <TestMethod codeBase="D:/Buildoutput/RBS/Binaries/Tesco.Com.Rewards.Services.RBS.UnitTest.DLL" adapterTypeName="Microsoft.VisualStudio.TestTools.TestTypes.Unit.UnitTestAdapter, Microsoft.VisualStudio.QualityTools.Tips.UnitTest.Adapter, Version=10.0.0.0, Culture=neutral, PublicKeyToken=b03f5f7f11d50a3a" className="Tesco.Com.Rewards.Services.RBS.UnitTest.RBSProviderTest, Tesco.Com.Rewards.Services.RBS.UnitTest, Version=1.0.0.0, Culture=neutral, PublicKeyToken=null" name="ThrowArgumentNullExceptionIfFeedGenerationRequestIsNull" />
    </UnitTest>
    <UnitTest name="GetStandingDataValueWithCallContextNullExceptionTest" storage="d:\buildoutput\rbs\binaries\tesco.com.rewards.services.rbs.unittest.dll" id="354c3612-c693-edd3-99e6-fc93d7bbdac1">
      <DeploymentItems>
        <DeploymentItem filename="Tesco.Com.Rewards.Services.RBS.unity.config" />
        <DeploymentItem filename="App.Config" />
        <DeploymentItem filename="Tesco.Com.Rewards.Services.RBS.Provider.dll.config" />
      </DeploymentItems>
      <Execution id="b242bf54-17b2-445f-8ce7-acb18309c175" />
      <TestMethod codeBase="D:/Buildoutput/RBS/Binaries/Tesco.Com.Rewards.Services.RBS.UnitTest.DLL" adapterTypeName="Microsoft.VisualStudio.TestTools.TestTypes.Unit.UnitTestAdapter, Microsoft.VisualStudio.QualityTools.Tips.UnitTest.Adapter, Version=10.0.0.0, Culture=neutral, PublicKeyToken=b03f5f7f11d50a3a" className="Tesco.Com.Rewards.Services.RBS.UnitTest.RBSProviderTest, Tesco.Com.Rewards.Services.RBS.UnitTest, Version=1.0.0.0, Culture=neutral, PublicKeyToken=null" name="GetStandingDataValueWithCallContextNullExceptionTest" />
    </UnitTest>
    <UnitTest name="GetStandingDataValueBaseExceptionTest" storage="d:\buildoutput\rbs\binaries\tesco.com.rewards.services.rbs.unittest.dll" id="f4a900c7-d47a-7aab-d35e-6d9868b75a28">
      <DeploymentItems>
        <DeploymentItem filename="Tesco.Com.Rewards.Services.RBS.unity.config" />
        <DeploymentItem filename="App.Config" />
        <DeploymentItem filename="Tesco.Com.Rewards.Services.RBS.Provider.dll.config" />
      </DeploymentItems>
      <Execution id="ccb55a4f-ba38-4b44-a18f-d326944a7cbe" />
      <TestMethod codeBase="D:/Buildoutput/RBS/Binaries/Tesco.Com.Rewards.Services.RBS.UnitTest.DLL" adapterTypeName="Microsoft.VisualStudio.TestTools.TestTypes.Unit.UnitTestAdapter, Microsoft.VisualStudio.QualityTools.Tips.UnitTest.Adapter, Version=10.0.0.0, Culture=neutral, PublicKeyToken=b03f5f7f11d50a3a" className="Tesco.Com.Rewards.Services.RBS.UnitTest.RBSProviderTest, Tesco.Com.Rewards.Services.RBS.UnitTest, Version=1.0.0.0, Culture=neutral, PublicKeyToken=null" name="GetStandingDataValueBaseExceptionTest" />
    </UnitTest>
    <UnitTest name="CreateUpdateRegionDetailsWithCallContextNullExceptionTest" storage="d:\buildoutput\rbs\binaries\tesco.com.rewards.services.rbs.unittest.dll" id="b08d3468-998f-0352-d958-5216578f7405">
      <DeploymentItems>
        <DeploymentItem filename="Tesco.Com.Rewards.Services.RBS.unity.config" />
        <DeploymentItem filename="App.Config" />
        <DeploymentItem filename="Tesco.Com.Rewards.Services.RBS.Provider.dll.config" />
      </DeploymentItems>
      <Execution id="0309f036-ddb0-416a-818d-140ab03905a8" />
      <TestMethod codeBase="D:/Buildoutput/RBS/Binaries/Tesco.Com.Rewards.Services.RBS.UnitTest.DLL" adapterTypeName="Microsoft.VisualStudio.TestTools.TestTypes.Unit.UnitTestAdapter, Microsoft.VisualStudio.QualityTools.Tips.UnitTest.Adapter, Version=10.0.0.0, Culture=neutral, PublicKeyToken=b03f5f7f11d50a3a" className="Tesco.Com.Rewards.Services.RBS.UnitTest.RBSProviderTest, Tesco.Com.Rewards.Services.RBS.UnitTest, Version=1.0.0.0, Culture=neutral, PublicKeyToken=null" name="CreateUpdateRegionDetailsWithCallContextNullExceptionTest" />
    </UnitTest>
    <UnitTest name="SaveVariantValuesBusinessExceptionTest" storage="d:\buildoutput\rbs\binaries\tesco.com.rewards.services.rbs.unittest.dll" id="f91de834-12e8-aab3-64f9-316a03000655">
      <DeploymentItems>
        <DeploymentItem filename="Tesco.Com.Rewards.Services.RBS.unity.config" />
        <DeploymentItem filename="App.Config" />
        <DeploymentItem filename="Tesco.Com.Rewards.Services.RBS.Provider.dll.config" />
      </DeploymentItems>
      <Execution id="cfbcc31c-aa00-4455-9c63-2e19d508915c" />
      <TestMethod codeBase="D:/Buildoutput/RBS/Binaries/Tesco.Com.Rewards.Services.RBS.UnitTest.DLL" adapterTypeName="Microsoft.VisualStudio.TestTools.TestTypes.Unit.UnitTestAdapter, Microsoft.VisualStudio.QualityTools.Tips.UnitTest.Adapter, Version=10.0.0.0, Culture=neutral, PublicKeyToken=b03f5f7f11d50a3a" className="Tesco.Com.Rewards.Services.RBS.UnitTest.RBSProviderTest, Tesco.Com.Rewards.Services.RBS.UnitTest, Version=1.0.0.0, Culture=neutral, PublicKeyToken=null" name="SaveVariantValuesBusinessExceptionTest" />
    </UnitTest>
    <UnitTest name="SaveVariantValues_AddTest" storage="d:\buildoutput\rbs\binaries\tesco.com.rewards.services.rbs.unittest.dll" id="ff57cbb1-c966-b6e6-deee-1ef64b77ddd8">
      <DeploymentItems>
        <DeploymentItem filename="Tesco.Com.Rewards.Services.RBS.unity.config" />
        <DeploymentItem filename="App.Config" />
        <DeploymentItem filename="Tesco.Com.Rewards.Services.RBS.Provider.dll.config" />
      </DeploymentItems>
      <Execution id="e24b5302-d8c5-4e7a-86a0-7fc09d3f5daf" />
      <TestMethod codeBase="D:/Buildoutput/RBS/Binaries/Tesco.Com.Rewards.Services.RBS.UnitTest.DLL" adapterTypeName="Microsoft.VisualStudio.TestTools.TestTypes.Unit.UnitTestAdapter, Microsoft.VisualStudio.QualityTools.Tips.UnitTest.Adapter, Version=10.0.0.0, Culture=neutral, PublicKeyToken=b03f5f7f11d50a3a" className="Tesco.Com.Rewards.Services.RBS.UnitTest.RBSRepositoryTest, Tesco.Com.Rewards.Services.RBS.UnitTest, Version=1.0.0.0, Culture=neutral, PublicKeyToken=null" name="SaveVariantValues_AddTest" />
    </UnitTest>
    <UnitTest name="GetVariantsExceptionTest" storage="d:\buildoutput\rbs\binaries\tesco.com.rewards.services.rbs.unittest.dll" id="beb62a84-ef1d-a2bf-fd1b-34fd3b7d356c">
      <DeploymentItems>
        <DeploymentItem filename="Tesco.Com.Rewards.Services.RBS.unity.config" />
        <DeploymentItem filename="App.Config" />
        <DeploymentItem filename="Tesco.Com.Rewards.Services.RBS.Provider.dll.config" />
      </DeploymentItems>
      <Execution id="58d929b3-5938-4e12-83af-7db2a7d37a6a" />
      <TestMethod codeBase="D:/Buildoutput/RBS/Binaries/Tesco.Com.Rewards.Services.RBS.UnitTest.DLL" adapterTypeName="Microsoft.VisualStudio.TestTools.TestTypes.Unit.UnitTestAdapter, Microsoft.VisualStudio.QualityTools.Tips.UnitTest.Adapter, Version=10.0.0.0, Culture=neutral, PublicKeyToken=b03f5f7f11d50a3a" className="Tesco.Com.Rewards.Services.RBS.UnitTest.RBSProviderTest, Tesco.Com.Rewards.Services.RBS.UnitTest, Version=1.0.0.0, Culture=neutral, PublicKeyToken=null" name="GetVariantsExceptionTest" />
    </UnitTest>
    <UnitTest name="GetRemindersAllTest" storage="d:\buildoutput\rbs\binaries\tesco.com.rewards.services.rbs.unittest.dll" id="16a6330c-bde7-1dab-8e20-642f691d3aec">
      <DeploymentItems>
        <DeploymentItem filename="Tesco.Com.Rewards.Services.RBS.unity.config" />
        <DeploymentItem filename="App.Config" />
        <DeploymentItem filename="Tesco.Com.Rewards.Services.RBS.Provider.dll.config" />
      </DeploymentItems>
      <Execution id="523b2933-d161-4c63-9735-0cb031c31d02" />
      <TestMethod codeBase="D:/Buildoutput/RBS/Binaries/Tesco.Com.Rewards.Services.RBS.UnitTest.DLL" adapterTypeName="Microsoft.VisualStudio.TestTools.TestTypes.Unit.UnitTestAdapter, Microsoft.VisualStudio.QualityTools.Tips.UnitTest.Adapter, Version=10.0.0.0, Culture=neutral, PublicKeyToken=b03f5f7f11d50a3a" className="Tesco.Com.Rewards.Services.RBS.UnitTest.RBSRepositoryTest, Tesco.Com.Rewards.Services.RBS.UnitTest, Version=1.0.0.0, Culture=neutral, PublicKeyToken=null" name="GetRemindersAllTest" />
    </UnitTest>
    <UnitTest name="GetRemindersTest" storage="d:\buildoutput\rbs\binaries\tesco.com.rewards.services.rbs.unittest.dll" id="4fdd2fc0-ed05-b6f8-6b44-dcea28f27763">
      <DeploymentItems>
        <DeploymentItem filename="Tesco.Com.Rewards.Services.RBS.unity.config" />
        <DeploymentItem filename="App.Config" />
        <DeploymentItem filename="Tesco.Com.Rewards.Services.RBS.Provider.dll.config" />
      </DeploymentItems>
      <Execution id="767c6da5-7630-421a-8273-66352d9525a1" />
      <TestMethod codeBase="D:/Buildoutput/RBS/Binaries/Tesco.Com.Rewards.Services.RBS.UnitTest.DLL" adapterTypeName="Microsoft.VisualStudio.TestTools.TestTypes.Unit.UnitTestAdapter, Microsoft.VisualStudio.QualityTools.Tips.UnitTest.Adapter, Version=10.0.0.0, Culture=neutral, PublicKeyToken=b03f5f7f11d50a3a" className="Tesco.Com.Rewards.Services.RBS.UnitTest.RBSProviderTest, Tesco.Com.Rewards.Services.RBS.UnitTest, Version=1.0.0.0, Culture=neutral, PublicKeyToken=null" name="GetRemindersTest" />
    </UnitTest>
    <UnitTest name="UpdateNotificationDuplicateTemplateNameTest" storage="d:\buildoutput\rbs\binaries\tesco.com.rewards.services.rbs.unittest.dll" id="a3a7f06f-080c-4803-5ea1-7bc11d561c7d">
      <DeploymentItems>
        <DeploymentItem filename="Tesco.Com.Rewards.Services.RBS.unity.config" />
        <DeploymentItem filename="App.Config" />
        <DeploymentItem filename="Tesco.Com.Rewards.Services.RBS.Provider.dll.config" />
      </DeploymentItems>
      <Execution id="74a50277-b0ef-431f-b864-9d987c44c1b2" />
      <TestMethod codeBase="D:/Buildoutput/RBS/Binaries/Tesco.Com.Rewards.Services.RBS.UnitTest.DLL" adapterTypeName="Microsoft.VisualStudio.TestTools.TestTypes.Unit.UnitTestAdapter, Microsoft.VisualStudio.QualityTools.Tips.UnitTest.Adapter, Version=10.0.0.0, Culture=neutral, PublicKeyToken=b03f5f7f11d50a3a" className="Tesco.Com.Rewards.Services.RBS.UnitTest.RBSRepositoryTest, Tesco.Com.Rewards.Services.RBS.UnitTest, Version=1.0.0.0, Culture=neutral, PublicKeyToken=null" name="UpdateNotificationDuplicateTemplateNameTest" />
    </UnitTest>
    <UnitTest name="SaveVariantType_AddDBExceptionTest" storage="d:\buildoutput\rbs\binaries\tesco.com.rewards.services.rbs.unittest.dll" id="5a32e9bd-20ab-b200-2b40-330dfd2ec4a1">
      <DeploymentItems>
        <DeploymentItem filename="Tesco.Com.Rewards.Services.RBS.unity.config" />
        <DeploymentItem filename="App.Config" />
        <DeploymentItem filename="Tesco.Com.Rewards.Services.RBS.Provider.dll.config" />
      </DeploymentItems>
      <Execution id="15835e41-7718-41d2-8a30-d0e66ace3fd9" />
      <TestMethod codeBase="D:/Buildoutput/RBS/Binaries/Tesco.Com.Rewards.Services.RBS.UnitTest.DLL" adapterTypeName="Microsoft.VisualStudio.TestTools.TestTypes.Unit.UnitTestAdapter, Microsoft.VisualStudio.QualityTools.Tips.UnitTest.Adapter, Version=10.0.0.0, Culture=neutral, PublicKeyToken=b03f5f7f11d50a3a" className="Tesco.Com.Rewards.Services.RBS.UnitTest.RBSRepositoryTest, Tesco.Com.Rewards.Services.RBS.UnitTest, Version=1.0.0.0, Culture=neutral, PublicKeyToken=null" name="SaveVariantType_AddDBExceptionTest" />
    </UnitTest>
    <UnitTest name="SaveVariantType_UpdateTest" storage="d:\buildoutput\rbs\binaries\tesco.com.rewards.services.rbs.unittest.dll" id="5f1855d9-9567-4eb2-37d2-256ba534a6c0">
      <DeploymentItems>
        <DeploymentItem filename="Tesco.Com.Rewards.Services.RBS.unity.config" />
        <DeploymentItem filename="App.Config" />
        <DeploymentItem filename="Tesco.Com.Rewards.Services.RBS.Provider.dll.config" />
      </DeploymentItems>
      <Execution id="d9342e69-09a2-4c44-b2bd-d284e4b52086" />
      <TestMethod codeBase="D:/Buildoutput/RBS/Binaries/Tesco.Com.Rewards.Services.RBS.UnitTest.DLL" adapterTypeName="Microsoft.VisualStudio.TestTools.TestTypes.Unit.UnitTestAdapter, Microsoft.VisualStudio.QualityTools.Tips.UnitTest.Adapter, Version=10.0.0.0, Culture=neutral, PublicKeyToken=b03f5f7f11d50a3a" className="Tesco.Com.Rewards.Services.RBS.UnitTest.RBSRepositoryTest, Tesco.Com.Rewards.Services.RBS.UnitTest, Version=1.0.0.0, Culture=neutral, PublicKeyToken=null" name="SaveVariantType_UpdateTest" />
    </UnitTest>
    <UnitTest name="UpdateContentGroupApprovedTest" storage="d:\buildoutput\rbs\binaries\tesco.com.rewards.services.rbs.unittest.dll" id="547c4cf5-8758-f03b-1230-35ba93a01a21">
      <DeploymentItems>
        <DeploymentItem filename="Tesco.Com.Rewards.Services.RBS.unity.config" />
        <DeploymentItem filename="App.Config" />
        <DeploymentItem filename="Tesco.Com.Rewards.Services.RBS.Provider.dll.config" />
      </DeploymentItems>
      <Execution id="17937d30-3bf3-4e75-8c65-b34009619bfb" />
      <TestMethod codeBase="D:/Buildoutput/RBS/Binaries/Tesco.Com.Rewards.Services.RBS.UnitTest.DLL" adapterTypeName="Microsoft.VisualStudio.TestTools.TestTypes.Unit.UnitTestAdapter, Microsoft.VisualStudio.QualityTools.Tips.UnitTest.Adapter, Version=10.0.0.0, Culture=neutral, PublicKeyToken=b03f5f7f11d50a3a" className="Tesco.Com.Rewards.Services.RBS.UnitTest.RBSRepositoryTest, Tesco.Com.Rewards.Services.RBS.UnitTest, Version=1.0.0.0, Culture=neutral, PublicKeyToken=null" name="UpdateContentGroupApprovedTest" />
    </UnitTest>
    <UnitTest name="CreateReminderDetailTest" storage="d:\buildoutput\rbs\binaries\tesco.com.rewards.services.rbs.unittest.dll" id="43ecbcb0-8cb9-3fbd-fa65-0a7f501da426">
      <DeploymentItems>
        <DeploymentItem filename="Tesco.Com.Rewards.Services.RBS.unity.config" />
        <DeploymentItem filename="App.Config" />
        <DeploymentItem filename="Tesco.Com.Rewards.Services.RBS.Provider.dll.config" />
      </DeploymentItems>
      <Execution id="e6dee499-4a7e-47ed-a377-6f8ba911ccc3" />
      <TestMethod codeBase="D:/Buildoutput/RBS/Binaries/Tesco.Com.Rewards.Services.RBS.UnitTest.DLL" adapterTypeName="Microsoft.VisualStudio.TestTools.TestTypes.Unit.UnitTestAdapter, Microsoft.VisualStudio.QualityTools.Tips.UnitTest.Adapter, Version=10.0.0.0, Culture=neutral, PublicKeyToken=b03f5f7f11d50a3a" className="Tesco.Com.Rewards.Services.RBS.UnitTest.RBSRepositoryTest, Tesco.Com.Rewards.Services.RBS.UnitTest, Version=1.0.0.0, Culture=neutral, PublicKeyToken=null" name="CreateReminderDetailTest" />
    </UnitTest>
    <UnitTest name="GetLanguagesValidTest" storage="d:\buildoutput\rbs\binaries\tesco.com.rewards.services.rbs.unittest.dll" id="16c868f0-17e7-0d55-6edf-8857721f7029">
      <DeploymentItems>
        <DeploymentItem filename="Tesco.Com.Rewards.Services.RBS.unity.config" />
        <DeploymentItem filename="App.Config" />
        <DeploymentItem filename="Tesco.Com.Rewards.Services.RBS.Provider.dll.config" />
      </DeploymentItems>
      <Execution id="aff760f4-3883-4437-8ec2-aaa1d4820405" />
      <TestMethod codeBase="D:/Buildoutput/RBS/Binaries/Tesco.Com.Rewards.Services.RBS.UnitTest.DLL" adapterTypeName="Microsoft.VisualStudio.TestTools.TestTypes.Unit.UnitTestAdapter, Microsoft.VisualStudio.QualityTools.Tips.UnitTest.Adapter, Version=10.0.0.0, Culture=neutral, PublicKeyToken=b03f5f7f11d50a3a" className="Tesco.Com.Rewards.Services.RBS.UnitTest.RBSProviderTest, Tesco.Com.Rewards.Services.RBS.UnitTest, Version=1.0.0.0, Culture=neutral, PublicKeyToken=null" name="GetLanguagesValidTest" />
    </UnitTest>
    <UnitTest name="CreatePromotionalNotificationTest" storage="d:\buildoutput\rbs\binaries\tesco.com.rewards.services.rbs.unittest.dll" id="8307d6b8-f673-367b-75e0-f8f51a1f8161">
      <DeploymentItems>
        <DeploymentItem filename="Tesco.Com.Rewards.Services.RBS.unity.config" />
        <DeploymentItem filename="App.Config" />
        <DeploymentItem filename="Tesco.Com.Rewards.Services.RBS.Provider.dll.config" />
      </DeploymentItems>
      <Execution id="d60ebd56-ca6b-476b-a170-ab32f256a78a" />
      <TestMethod codeBase="D:/Buildoutput/RBS/Binaries/Tesco.Com.Rewards.Services.RBS.UnitTest.DLL" adapterTypeName="Microsoft.VisualStudio.TestTools.TestTypes.Unit.UnitTestAdapter, Microsoft.VisualStudio.QualityTools.Tips.UnitTest.Adapter, Version=10.0.0.0, Culture=neutral, PublicKeyToken=b03f5f7f11d50a3a" className="Tesco.Com.Rewards.Services.RBS.UnitTest.RBSProviderTest, Tesco.Com.Rewards.Services.RBS.UnitTest, Version=1.0.0.0, Culture=neutral, PublicKeyToken=null" name="CreatePromotionalNotificationTest" />
    </UnitTest>
    <UnitTest name="CreateNotificationTemplateDuplicateNameTest" storage="d:\buildoutput\rbs\binaries\tesco.com.rewards.services.rbs.unittest.dll" id="b9ad1a32-4fe5-510a-d2b2-5f6d3b5e4775">
      <DeploymentItems>
        <DeploymentItem filename="Tesco.Com.Rewards.Services.RBS.unity.config" />
        <DeploymentItem filename="App.Config" />
        <DeploymentItem filename="Tesco.Com.Rewards.Services.RBS.Provider.dll.config" />
      </DeploymentItems>
      <Execution id="b7015a52-e08c-4962-9ed3-1cbeedd1d08d" />
      <TestMethod codeBase="D:/Buildoutput/RBS/Binaries/Tesco.Com.Rewards.Services.RBS.UnitTest.DLL" adapterTypeName="Microsoft.VisualStudio.TestTools.TestTypes.Unit.UnitTestAdapter, Microsoft.VisualStudio.QualityTools.Tips.UnitTest.Adapter, Version=10.0.0.0, Culture=neutral, PublicKeyToken=b03f5f7f11d50a3a" className="Tesco.Com.Rewards.Services.RBS.UnitTest.RBSRepositoryTest, Tesco.Com.Rewards.Services.RBS.UnitTest, Version=1.0.0.0, Culture=neutral, PublicKeyToken=null" name="CreateNotificationTemplateDuplicateNameTest" />
    </UnitTest>
    <UnitTest name="GetContentGroupDetailWithoutIdTest" storage="d:\buildoutput\rbs\binaries\tesco.com.rewards.services.rbs.unittest.dll" id="70876ca6-7fca-f1aa-6f39-d4c9368d6bbb">
      <DeploymentItems>
        <DeploymentItem filename="Tesco.Com.Rewards.Services.RBS.unity.config" />
        <DeploymentItem filename="App.Config" />
        <DeploymentItem filename="Tesco.Com.Rewards.Services.RBS.Provider.dll.config" />
      </DeploymentItems>
      <Execution id="766ecbff-fc74-4ba4-bca0-e31d3af50e18" />
      <TestMethod codeBase="D:/Buildoutput/RBS/Binaries/Tesco.Com.Rewards.Services.RBS.UnitTest.DLL" adapterTypeName="Microsoft.VisualStudio.TestTools.TestTypes.Unit.UnitTestAdapter, Microsoft.VisualStudio.QualityTools.Tips.UnitTest.Adapter, Version=10.0.0.0, Culture=neutral, PublicKeyToken=b03f5f7f11d50a3a" className="Tesco.Com.Rewards.Services.RBS.UnitTest.RBSRepositoryTest, Tesco.Com.Rewards.Services.RBS.UnitTest, Version=1.0.0.0, Culture=neutral, PublicKeyToken=null" name="GetContentGroupDetailWithoutIdTest" />
    </UnitTest>
    <UnitTest name="GetStandingDataWithCallContextNullExceptionTest" storage="d:\buildoutput\rbs\binaries\tesco.com.rewards.services.rbs.unittest.dll" id="4068bd5e-cc45-f9d5-46d7-042c35b4fde3">
      <DeploymentItems>
        <DeploymentItem filename="Tesco.Com.Rewards.Services.RBS.unity.config" />
        <DeploymentItem filename="App.Config" />
        <DeploymentItem filename="Tesco.Com.Rewards.Services.RBS.Provider.dll.config" />
      </DeploymentItems>
      <Execution id="78b5c824-826a-4d3d-bdbd-9039e7f9b6e2" />
      <TestMethod codeBase="D:/Buildoutput/RBS/Binaries/Tesco.Com.Rewards.Services.RBS.UnitTest.DLL" adapterTypeName="Microsoft.VisualStudio.TestTools.TestTypes.Unit.UnitTestAdapter, Microsoft.VisualStudio.QualityTools.Tips.UnitTest.Adapter, Version=10.0.0.0, Culture=neutral, PublicKeyToken=b03f5f7f11d50a3a" className="Tesco.Com.Rewards.Services.RBS.UnitTest.RBSProviderTest, Tesco.Com.Rewards.Services.RBS.UnitTest, Version=1.0.0.0, Culture=neutral, PublicKeyToken=null" name="GetStandingDataWithCallContextNullExceptionTest" />
    </UnitTest>
    <UnitTest name="GetLanguagesBaseExceptionTest" storage="d:\buildoutput\rbs\binaries\tesco.com.rewards.services.rbs.unittest.dll" id="17452b36-ca5f-2fc9-76e5-5438c07f1ee7">
      <DeploymentItems>
        <DeploymentItem filename="Tesco.Com.Rewards.Services.RBS.unity.config" />
        <DeploymentItem filename="App.Config" />
        <DeploymentItem filename="Tesco.Com.Rewards.Services.RBS.Provider.dll.config" />
      </DeploymentItems>
      <Execution id="35a8a064-ca14-494c-885e-63224f100173" />
      <TestMethod codeBase="D:/Buildoutput/RBS/Binaries/Tesco.Com.Rewards.Services.RBS.UnitTest.DLL" adapterTypeName="Microsoft.VisualStudio.TestTools.TestTypes.Unit.UnitTestAdapter, Microsoft.VisualStudio.QualityTools.Tips.UnitTest.Adapter, Version=10.0.0.0, Culture=neutral, PublicKeyToken=b03f5f7f11d50a3a" className="Tesco.Com.Rewards.Services.RBS.UnitTest.RBSProviderTest, Tesco.Com.Rewards.Services.RBS.UnitTest, Version=1.0.0.0, Culture=neutral, PublicKeyToken=null" name="GetLanguagesBaseExceptionTest" />
    </UnitTest>
    <UnitTest name="GetStandingDataTypeWithCallContextNullExceptionTest" storage="d:\buildoutput\rbs\binaries\tesco.com.rewards.services.rbs.unittest.dll" id="77682fe2-7e04-b80c-2d0d-909478ed39c9">
      <DeploymentItems>
        <DeploymentItem filename="Tesco.Com.Rewards.Services.RBS.unity.config" />
        <DeploymentItem filename="App.Config" />
        <DeploymentItem filename="Tesco.Com.Rewards.Services.RBS.Provider.dll.config" />
      </DeploymentItems>
      <Execution id="430e3007-f81c-45c8-af9a-195f52e09bbf" />
      <TestMethod codeBase="D:/Buildoutput/RBS/Binaries/Tesco.Com.Rewards.Services.RBS.UnitTest.DLL" adapterTypeName="Microsoft.VisualStudio.TestTools.TestTypes.Unit.UnitTestAdapter, Microsoft.VisualStudio.QualityTools.Tips.UnitTest.Adapter, Version=10.0.0.0, Culture=neutral, PublicKeyToken=b03f5f7f11d50a3a" className="Tesco.Com.Rewards.Services.RBS.UnitTest.RBSProviderTest, Tesco.Com.Rewards.Services.RBS.UnitTest, Version=1.0.0.0, Culture=neutral, PublicKeyToken=null" name="GetStandingDataTypeWithCallContextNullExceptionTest" />
    </UnitTest>
    <UnitTest name="UpdateUserBusinessValidationTest" storage="d:\buildoutput\rbs\binaries\tesco.com.rewards.services.rbs.unittest.dll" id="90c0a767-000a-2fc2-0e73-8367939b57da">
      <DeploymentItems>
        <DeploymentItem filename="Tesco.Com.Rewards.Services.RBS.unity.config" />
        <DeploymentItem filename="App.Config" />
        <DeploymentItem filename="Tesco.Com.Rewards.Services.RBS.Provider.dll.config" />
      </DeploymentItems>
      <Execution id="7355eac6-d608-49b6-bbc1-7016b55e1a88" />
      <TestMethod codeBase="D:/Buildoutput/RBS/Binaries/Tesco.Com.Rewards.Services.RBS.UnitTest.DLL" adapterTypeName="Microsoft.VisualStudio.TestTools.TestTypes.Unit.UnitTestAdapter, Microsoft.VisualStudio.QualityTools.Tips.UnitTest.Adapter, Version=10.0.0.0, Culture=neutral, PublicKeyToken=b03f5f7f11d50a3a" className="Tesco.Com.Rewards.Services.RBS.UnitTest.RBSProviderTest, Tesco.Com.Rewards.Services.RBS.UnitTest, Version=1.0.0.0, Culture=neutral, PublicKeyToken=null" name="UpdateUserBusinessValidationTest" />
    </UnitTest>
    <UnitTest name="SaveVariantType_AddExceptionTest" storage="d:\buildoutput\rbs\binaries\tesco.com.rewards.services.rbs.unittest.dll" id="025d09fa-600f-23ce-6e9f-eb1cd9a10dae">
      <DeploymentItems>
        <DeploymentItem filename="Tesco.Com.Rewards.Services.RBS.unity.config" />
        <DeploymentItem filename="App.Config" />
        <DeploymentItem filename="Tesco.Com.Rewards.Services.RBS.Provider.dll.config" />
      </DeploymentItems>
      <Execution id="303f2172-76ad-4884-8bb0-f490a2c6949d" />
      <TestMethod codeBase="D:/Buildoutput/RBS/Binaries/Tesco.Com.Rewards.Services.RBS.UnitTest.DLL" adapterTypeName="Microsoft.VisualStudio.TestTools.TestTypes.Unit.UnitTestAdapter, Microsoft.VisualStudio.QualityTools.Tips.UnitTest.Adapter, Version=10.0.0.0, Culture=neutral, PublicKeyToken=b03f5f7f11d50a3a" className="Tesco.Com.Rewards.Services.RBS.UnitTest.RBSRepositoryTest, Tesco.Com.Rewards.Services.RBS.UnitTest, Version=1.0.0.0, Culture=neutral, PublicKeyToken=null" name="SaveVariantType_AddExceptionTest" />
    </UnitTest>
    <UnitTest name="GetNotificationTemplateTest" storage="d:\buildoutput\rbs\binaries\tesco.com.rewards.services.rbs.unittest.dll" id="7e03c99b-2602-4d46-94cd-9de385b96df5">
      <DeploymentItems>
        <DeploymentItem filename="Tesco.Com.Rewards.Services.RBS.unity.config" />
        <DeploymentItem filename="App.Config" />
        <DeploymentItem filename="Tesco.Com.Rewards.Services.RBS.Provider.dll.config" />
      </DeploymentItems>
      <Execution id="ba55313d-4d63-4e27-b04b-f7c73b1a4339" />
      <TestMethod codeBase="D:/Buildoutput/RBS/Binaries/Tesco.Com.Rewards.Services.RBS.UnitTest.DLL" adapterTypeName="Microsoft.VisualStudio.TestTools.TestTypes.Unit.UnitTestAdapter, Microsoft.VisualStudio.QualityTools.Tips.UnitTest.Adapter, Version=10.0.0.0, Culture=neutral, PublicKeyToken=b03f5f7f11d50a3a" className="Tesco.Com.Rewards.Services.RBS.UnitTest.RBSRepositoryTest, Tesco.Com.Rewards.Services.RBS.UnitTest, Version=1.0.0.0, Culture=neutral, PublicKeyToken=null" name="GetNotificationTemplateTest" />
    </UnitTest>
    <UnitTest name="GetUser_BasedOnUserName" storage="d:\buildoutput\rbs\binaries\tesco.com.rewards.services.rbs.unittest.dll" id="fb895889-b325-208b-8d75-b5cb6d4dd4aa">
      <DeploymentItems>
        <DeploymentItem filename="Tesco.Com.Rewards.Services.RBS.unity.config" />
        <DeploymentItem filename="App.Config" />
        <DeploymentItem filename="Tesco.Com.Rewards.Services.RBS.Provider.dll.config" />
      </DeploymentItems>
      <Execution id="13e9c9c8-43d2-4873-bf03-29e2d0cf81c7" />
      <TestMethod codeBase="D:/Buildoutput/RBS/Binaries/Tesco.Com.Rewards.Services.RBS.UnitTest.DLL" adapterTypeName="Microsoft.VisualStudio.TestTools.TestTypes.Unit.UnitTestAdapter, Microsoft.VisualStudio.QualityTools.Tips.UnitTest.Adapter, Version=10.0.0.0, Culture=neutral, PublicKeyToken=b03f5f7f11d50a3a" className="Tesco.Com.Rewards.Services.RBS.UnitTest.RBSRepositoryTest, Tesco.Com.Rewards.Services.RBS.UnitTest, Version=1.0.0.0, Culture=neutral, PublicKeyToken=null" name="GetUser_BasedOnUserName" />
    </UnitTest>
    <UnitTest name="GetConfigItemWithCallContextNullExceptionTest" storage="d:\buildoutput\rbs\binaries\tesco.com.rewards.services.rbs.unittest.dll" id="3178545c-a1b5-21b1-60db-a3b3323e8bb7">
      <DeploymentItems>
        <DeploymentItem filename="Tesco.Com.Rewards.Services.RBS.unity.config" />
        <DeploymentItem filename="App.Config" />
        <DeploymentItem filename="Tesco.Com.Rewards.Services.RBS.Provider.dll.config" />
      </DeploymentItems>
      <Execution id="6e2643b4-c8b9-4f33-b16d-9ff72358e2ea" />
      <TestMethod codeBase="D:/Buildoutput/RBS/Binaries/Tesco.Com.Rewards.Services.RBS.UnitTest.DLL" adapterTypeName="Microsoft.VisualStudio.TestTools.TestTypes.Unit.UnitTestAdapter, Microsoft.VisualStudio.QualityTools.Tips.UnitTest.Adapter, Version=10.0.0.0, Culture=neutral, PublicKeyToken=b03f5f7f11d50a3a" className="Tesco.Com.Rewards.Services.RBS.UnitTest.RBSProviderTest, Tesco.Com.Rewards.Services.RBS.UnitTest, Version=1.0.0.0, Culture=neutral, PublicKeyToken=null" name="GetConfigItemWithCallContextNullExceptionTest" />
    </UnitTest>
    <UnitTest name="CreateUpdateRegionDetailsExceptionTest" storage="d:\buildoutput\rbs\binaries\tesco.com.rewards.services.rbs.unittest.dll" id="ae81853d-af22-2958-a4e7-7a6571e435b2">
      <DeploymentItems>
        <DeploymentItem filename="Tesco.Com.Rewards.Services.RBS.unity.config" />
        <DeploymentItem filename="App.Config" />
        <DeploymentItem filename="Tesco.Com.Rewards.Services.RBS.Provider.dll.config" />
      </DeploymentItems>
      <Execution id="ea058e78-fd87-42cb-ab40-8cf1a382ac54" />
      <TestMethod codeBase="D:/Buildoutput/RBS/Binaries/Tesco.Com.Rewards.Services.RBS.UnitTest.DLL" adapterTypeName="Microsoft.VisualStudio.TestTools.TestTypes.Unit.UnitTestAdapter, Microsoft.VisualStudio.QualityTools.Tips.UnitTest.Adapter, Version=10.0.0.0, Culture=neutral, PublicKeyToken=b03f5f7f11d50a3a" className="Tesco.Com.Rewards.Services.RBS.UnitTest.RBSProviderTest, Tesco.Com.Rewards.Services.RBS.UnitTest, Version=1.0.0.0, Culture=neutral, PublicKeyToken=null" name="CreateUpdateRegionDetailsExceptionTest" />
    </UnitTest>
    <UnitTest name="UpdateUser_UpdateWrongPasswordAttempt" storage="d:\buildoutput\rbs\binaries\tesco.com.rewards.services.rbs.unittest.dll" id="7fc3faf5-27ca-9afe-fd0b-b94b726f6b8b">
      <DeploymentItems>
        <DeploymentItem filename="Tesco.Com.Rewards.Services.RBS.unity.config" />
        <DeploymentItem filename="App.Config" />
        <DeploymentItem filename="Tesco.Com.Rewards.Services.RBS.Provider.dll.config" />
      </DeploymentItems>
      <Execution id="adbc1e3f-a006-45df-b712-a842c9257e13" />
      <TestMethod codeBase="D:/Buildoutput/RBS/Binaries/Tesco.Com.Rewards.Services.RBS.UnitTest.DLL" adapterTypeName="Microsoft.VisualStudio.TestTools.TestTypes.Unit.UnitTestAdapter, Microsoft.VisualStudio.QualityTools.Tips.UnitTest.Adapter, Version=10.0.0.0, Culture=neutral, PublicKeyToken=b03f5f7f11d50a3a" className="Tesco.Com.Rewards.Services.RBS.UnitTest.RBSRepositoryTest, Tesco.Com.Rewards.Services.RBS.UnitTest, Version=1.0.0.0, Culture=neutral, PublicKeyToken=null" name="UpdateUser_UpdateWrongPasswordAttempt" />
    </UnitTest>
    <UnitTest name="GetUserTest" storage="d:\buildoutput\rbs\binaries\tesco.com.rewards.services.rbs.unittest.dll" id="8ad2df73-f1b4-b09d-8d30-df52decc336c">
      <DeploymentItems>
        <DeploymentItem filename="Tesco.Com.Rewards.Services.RBS.unity.config" />
        <DeploymentItem filename="App.Config" />
        <DeploymentItem filename="Tesco.Com.Rewards.Services.RBS.Provider.dll.config" />
      </DeploymentItems>
      <Execution id="f90aa0a2-bd2f-4e18-a486-f4f134240637" />
      <TestMethod codeBase="D:/Buildoutput/RBS/Binaries/Tesco.Com.Rewards.Services.RBS.UnitTest.DLL" adapterTypeName="Microsoft.VisualStudio.TestTools.TestTypes.Unit.UnitTestAdapter, Microsoft.VisualStudio.QualityTools.Tips.UnitTest.Adapter, Version=10.0.0.0, Culture=neutral, PublicKeyToken=b03f5f7f11d50a3a" className="Tesco.Com.Rewards.Services.RBS.UnitTest.RBSProviderTest, Tesco.Com.Rewards.Services.RBS.UnitTest, Version=1.0.0.0, Culture=neutral, PublicKeyToken=null" name="GetUserTest" />
    </UnitTest>
    <UnitTest name="UpdateNotificationDBExceptionTest" storage="d:\buildoutput\rbs\binaries\tesco.com.rewards.services.rbs.unittest.dll" id="6f8ece04-77ab-1958-dbdd-22f9b10296b9">
      <DeploymentItems>
        <DeploymentItem filename="Tesco.Com.Rewards.Services.RBS.unity.config" />
        <DeploymentItem filename="App.Config" />
        <DeploymentItem filename="Tesco.Com.Rewards.Services.RBS.Provider.dll.config" />
      </DeploymentItems>
      <Execution id="e17b4e8e-fe24-467a-a629-d6c2318de527" />
      <TestMethod codeBase="D:/Buildoutput/RBS/Binaries/Tesco.Com.Rewards.Services.RBS.UnitTest.DLL" adapterTypeName="Microsoft.VisualStudio.TestTools.TestTypes.Unit.UnitTestAdapter, Microsoft.VisualStudio.QualityTools.Tips.UnitTest.Adapter, Version=10.0.0.0, Culture=neutral, PublicKeyToken=b03f5f7f11d50a3a" className="Tesco.Com.Rewards.Services.RBS.UnitTest.RBSRepositoryTest, Tesco.Com.Rewards.Services.RBS.UnitTest, Version=1.0.0.0, Culture=neutral, PublicKeyToken=null" name="UpdateNotificationDBExceptionTest" />
    </UnitTest>
    <UnitTest name="GetRolesTest" storage="d:\buildoutput\rbs\binaries\tesco.com.rewards.services.rbs.unittest.dll" id="562aa3b4-2c1a-53af-75d4-ab785a5dcb48">
      <DeploymentItems>
        <DeploymentItem filename="Tesco.Com.Rewards.Services.RBS.unity.config" />
        <DeploymentItem filename="App.Config" />
        <DeploymentItem filename="Tesco.Com.Rewards.Services.RBS.Provider.dll.config" />
      </DeploymentItems>
      <Execution id="781743f5-fc00-4734-88bf-87403d6f888c" />
      <TestMethod codeBase="D:/Buildoutput/RBS/Binaries/Tesco.Com.Rewards.Services.RBS.UnitTest.DLL" adapterTypeName="Microsoft.VisualStudio.TestTools.TestTypes.Unit.UnitTestAdapter, Microsoft.VisualStudio.QualityTools.Tips.UnitTest.Adapter, Version=10.0.0.0, Culture=neutral, PublicKeyToken=b03f5f7f11d50a3a" className="Tesco.Com.Rewards.Services.RBS.UnitTest.RBSRepositoryTest, Tesco.Com.Rewards.Services.RBS.UnitTest, Version=1.0.0.0, Culture=neutral, PublicKeyToken=null" name="GetRolesTest" />
    </UnitTest>
    <UnitTest name="CreateNotificationTemplateDetailInvalidTest" storage="d:\buildoutput\rbs\binaries\tesco.com.rewards.services.rbs.unittest.dll" id="97675a4b-a8a0-d175-0b2e-e57f9be8cdf3">
      <DeploymentItems>
        <DeploymentItem filename="Tesco.Com.Rewards.Services.RBS.unity.config" />
        <DeploymentItem filename="App.Config" />
        <DeploymentItem filename="Tesco.Com.Rewards.Services.RBS.Provider.dll.config" />
      </DeploymentItems>
      <Execution id="eb40c03d-43dd-403b-8742-0174671833e1" />
      <TestMethod codeBase="D:/Buildoutput/RBS/Binaries/Tesco.Com.Rewards.Services.RBS.UnitTest.DLL" adapterTypeName="Microsoft.VisualStudio.TestTools.TestTypes.Unit.UnitTestAdapter, Microsoft.VisualStudio.QualityTools.Tips.UnitTest.Adapter, Version=10.0.0.0, Culture=neutral, PublicKeyToken=b03f5f7f11d50a3a" className="Tesco.Com.Rewards.Services.RBS.UnitTest.RBSProviderTest, Tesco.Com.Rewards.Services.RBS.UnitTest, Version=1.0.0.0, Culture=neutral, PublicKeyToken=null" name="CreateNotificationTemplateDetailInvalidTest" />
    </UnitTest>
    <UnitTest name="GetRegionDetailsTest" storage="d:\buildoutput\rbs\binaries\tesco.com.rewards.services.rbs.unittest.dll" id="14cb32ab-4b3a-b0d9-c199-4bc019225ee7">
      <DeploymentItems>
        <DeploymentItem filename="Tesco.Com.Rewards.Services.RBS.unity.config" />
        <DeploymentItem filename="App.Config" />
        <DeploymentItem filename="Tesco.Com.Rewards.Services.RBS.Provider.dll.config" />
      </DeploymentItems>
      <Execution id="b488d4f8-baee-4a89-b1ad-b336ddeb25c7" />
      <TestMethod codeBase="D:/Buildoutput/RBS/Binaries/Tesco.Com.Rewards.Services.RBS.UnitTest.DLL" adapterTypeName="Microsoft.VisualStudio.TestTools.TestTypes.Unit.UnitTestAdapter, Microsoft.VisualStudio.QualityTools.Tips.UnitTest.Adapter, Version=10.0.0.0, Culture=neutral, PublicKeyToken=b03f5f7f11d50a3a" className="Tesco.Com.Rewards.Services.RBS.UnitTest.RBSProviderTest, Tesco.Com.Rewards.Services.RBS.UnitTest, Version=1.0.0.0, Culture=neutral, PublicKeyToken=null" name="GetRegionDetailsTest" />
    </UnitTest>
    <UnitTest name="GetEntitlementTest" storage="d:\buildoutput\rbs\binaries\tesco.com.rewards.services.rbs.unittest.dll" id="8cd0563b-93cd-6f46-fa41-3795d906b9d1">
      <DeploymentItems>
        <DeploymentItem filename="Tesco.Com.Rewards.Services.RBS.unity.config" />
        <DeploymentItem filename="App.Config" />
        <DeploymentItem filename="Tesco.Com.Rewards.Services.RBS.Provider.dll.config" />
      </DeploymentItems>
      <Execution id="49b1d126-9ccc-4425-ab41-1939edfd222e" />
      <TestMethod codeBase="D:/Buildoutput/RBS/Binaries/Tesco.Com.Rewards.Services.RBS.UnitTest.DLL" adapterTypeName="Microsoft.VisualStudio.TestTools.TestTypes.Unit.UnitTestAdapter, Microsoft.VisualStudio.QualityTools.Tips.UnitTest.Adapter, Version=10.0.0.0, Culture=neutral, PublicKeyToken=b03f5f7f11d50a3a" className="Tesco.Com.Rewards.Services.RBS.UnitTest.RBSProviderTest, Tesco.Com.Rewards.Services.RBS.UnitTest, Version=1.0.0.0, Culture=neutral, PublicKeyToken=null" name="GetEntitlementTest" />
    </UnitTest>
    <UnitTest name="CreateRolesTest" storage="d:\buildoutput\rbs\binaries\tesco.com.rewards.services.rbs.unittest.dll" id="67bb9407-1ebd-eab6-5b48-6c2f9fc01b58">
      <DeploymentItems>
        <DeploymentItem filename="Tesco.Com.Rewards.Services.RBS.unity.config" />
        <DeploymentItem filename="App.Config" />
        <DeploymentItem filename="Tesco.Com.Rewards.Services.RBS.Provider.dll.config" />
      </DeploymentItems>
      <Execution id="283e9fd9-5e26-42a0-9428-595195143e59" />
      <TestMethod codeBase="D:/Buildoutput/RBS/Binaries/Tesco.Com.Rewards.Services.RBS.UnitTest.DLL" adapterTypeName="Microsoft.VisualStudio.TestTools.TestTypes.Unit.UnitTestAdapter, Microsoft.VisualStudio.QualityTools.Tips.UnitTest.Adapter, Version=10.0.0.0, Culture=neutral, PublicKeyToken=b03f5f7f11d50a3a" className="Tesco.Com.Rewards.Services.RBS.UnitTest.RBSRepositoryTest, Tesco.Com.Rewards.Services.RBS.UnitTest, Version=1.0.0.0, Culture=neutral, PublicKeyToken=null" name="CreateRolesTest" />
    </UnitTest>
    <UnitTest name="GetRegionDetailsInValidTest" storage="d:\buildoutput\rbs\binaries\tesco.com.rewards.services.rbs.unittest.dll" id="1b24bd01-6c2a-5ec5-2bdc-ec625d46f332">
      <DeploymentItems>
        <DeploymentItem filename="Tesco.Com.Rewards.Services.RBS.unity.config" />
        <DeploymentItem filename="App.Config" />
        <DeploymentItem filename="Tesco.Com.Rewards.Services.RBS.Provider.dll.config" />
      </DeploymentItems>
      <Execution id="dd424837-fb4f-4e1b-bffe-534affcd73e9" />
      <TestMethod codeBase="D:/Buildoutput/RBS/Binaries/Tesco.Com.Rewards.Services.RBS.UnitTest.DLL" adapterTypeName="Microsoft.VisualStudio.TestTools.TestTypes.Unit.UnitTestAdapter, Microsoft.VisualStudio.QualityTools.Tips.UnitTest.Adapter, Version=10.0.0.0, Culture=neutral, PublicKeyToken=b03f5f7f11d50a3a" className="Tesco.Com.Rewards.Services.RBS.UnitTest.RBSProviderTest, Tesco.Com.Rewards.Services.RBS.UnitTest, Version=1.0.0.0, Culture=neutral, PublicKeyToken=null" name="GetRegionDetailsInValidTest" />
    </UnitTest>
    <UnitTest name="GetAllRegionsTest" storage="d:\buildoutput\rbs\binaries\tesco.com.rewards.services.rbs.unittest.dll" id="d880e24a-e095-2985-8b19-d502f5b7b201">
      <DeploymentItems>
        <DeploymentItem filename="Tesco.Com.Rewards.Services.RBS.unity.config" />
        <DeploymentItem filename="App.Config" />
        <DeploymentItem filename="Tesco.Com.Rewards.Services.RBS.Provider.dll.config" />
      </DeploymentItems>
      <Execution id="08f7e0f6-f5be-4e7a-a2d7-cad42f829638" />
      <TestMethod codeBase="D:/Buildoutput/RBS/Binaries/Tesco.Com.Rewards.Services.RBS.UnitTest.DLL" adapterTypeName="Microsoft.VisualStudio.TestTools.TestTypes.Unit.UnitTestAdapter, Microsoft.VisualStudio.QualityTools.Tips.UnitTest.Adapter, Version=10.0.0.0, Culture=neutral, PublicKeyToken=b03f5f7f11d50a3a" className="Tesco.Com.Rewards.Services.RBS.UnitTest.RBSProviderTest, Tesco.Com.Rewards.Services.RBS.UnitTest, Version=1.0.0.0, Culture=neutral, PublicKeyToken=null" name="GetAllRegionsTest" />
    </UnitTest>
    <UnitTest name="UpdateContentGroupRedraftTest" storage="d:\buildoutput\rbs\binaries\tesco.com.rewards.services.rbs.unittest.dll" id="63fe0ec4-65bb-9b45-56a8-2cd1cc1705dc">
      <DeploymentItems>
        <DeploymentItem filename="Tesco.Com.Rewards.Services.RBS.unity.config" />
        <DeploymentItem filename="App.Config" />
        <DeploymentItem filename="Tesco.Com.Rewards.Services.RBS.Provider.dll.config" />
      </DeploymentItems>
      <Execution id="5a1c3ff6-aad7-4b7a-af9c-3dc7ff6aea4a" />
      <TestMethod codeBase="D:/Buildoutput/RBS/Binaries/Tesco.Com.Rewards.Services.RBS.UnitTest.DLL" adapterTypeName="Microsoft.VisualStudio.TestTools.TestTypes.Unit.UnitTestAdapter, Microsoft.VisualStudio.QualityTools.Tips.UnitTest.Adapter, Version=10.0.0.0, Culture=neutral, PublicKeyToken=b03f5f7f11d50a3a" className="Tesco.Com.Rewards.Services.RBS.UnitTest.RBSRepositoryTest, Tesco.Com.Rewards.Services.RBS.UnitTest, Version=1.0.0.0, Culture=neutral, PublicKeyToken=null" name="UpdateContentGroupRedraftTest" />
    </UnitTest>
    <UnitTest name="UpdateReminderDetailTest" storage="d:\buildoutput\rbs\binaries\tesco.com.rewards.services.rbs.unittest.dll" id="8569f969-9709-f510-a473-7287cbce516e">
      <DeploymentItems>
        <DeploymentItem filename="Tesco.Com.Rewards.Services.RBS.unity.config" />
        <DeploymentItem filename="App.Config" />
        <DeploymentItem filename="Tesco.Com.Rewards.Services.RBS.Provider.dll.config" />
      </DeploymentItems>
      <Execution id="cc3e43c1-5490-4aa3-8e8a-4a5b48de67f3" />
      <TestMethod codeBase="D:/Buildoutput/RBS/Binaries/Tesco.Com.Rewards.Services.RBS.UnitTest.DLL" adapterTypeName="Microsoft.VisualStudio.TestTools.TestTypes.Unit.UnitTestAdapter, Microsoft.VisualStudio.QualityTools.Tips.UnitTest.Adapter, Version=10.0.0.0, Culture=neutral, PublicKeyToken=b03f5f7f11d50a3a" className="Tesco.Com.Rewards.Services.RBS.UnitTest.RBSProviderTest, Tesco.Com.Rewards.Services.RBS.UnitTest, Version=1.0.0.0, Culture=neutral, PublicKeyToken=null" name="UpdateReminderDetailTest" />
    </UnitTest>
    <UnitTest name="GetUserTest" storage="d:\buildoutput\rbs\binaries\tesco.com.rewards.services.rbs.unittest.dll" id="04179684-2d6c-7615-6d96-b1716e350991">
      <DeploymentItems>
        <DeploymentItem filename="Tesco.Com.Rewards.Services.RBS.unity.config" />
        <DeploymentItem filename="App.Config" />
        <DeploymentItem filename="Tesco.Com.Rewards.Services.RBS.Provider.dll.config" />
      </DeploymentItems>
      <Execution id="4e07be24-d4c5-4563-9c90-bc04506eb415" />
      <TestMethod codeBase="D:/Buildoutput/RBS/Binaries/Tesco.Com.Rewards.Services.RBS.UnitTest.DLL" adapterTypeName="Microsoft.VisualStudio.TestTools.TestTypes.Unit.UnitTestAdapter, Microsoft.VisualStudio.QualityTools.Tips.UnitTest.Adapter, Version=10.0.0.0, Culture=neutral, PublicKeyToken=b03f5f7f11d50a3a" className="Tesco.Com.Rewards.Services.RBS.UnitTest.RBSRepositoryTest, Tesco.Com.Rewards.Services.RBS.UnitTest, Version=1.0.0.0, Culture=neutral, PublicKeyToken=null" name="GetUserTest" />
    </UnitTest>
    <UnitTest name="GetVariantsNullExceptionTest" storage="d:\buildoutput\rbs\binaries\tesco.com.rewards.services.rbs.unittest.dll" id="219298fe-68f4-2010-57ea-ffef129cbb9a">
      <DeploymentItems>
        <DeploymentItem filename="Tesco.Com.Rewards.Services.RBS.unity.config" />
        <DeploymentItem filename="App.Config" />
        <DeploymentItem filename="Tesco.Com.Rewards.Services.RBS.Provider.dll.config" />
      </DeploymentItems>
      <Execution id="1fa37742-cb03-47c9-b174-7ff30137c918" />
      <TestMethod codeBase="D:/Buildoutput/RBS/Binaries/Tesco.Com.Rewards.Services.RBS.UnitTest.DLL" adapterTypeName="Microsoft.VisualStudio.TestTools.TestTypes.Unit.UnitTestAdapter, Microsoft.VisualStudio.QualityTools.Tips.UnitTest.Adapter, Version=10.0.0.0, Culture=neutral, PublicKeyToken=b03f5f7f11d50a3a" className="Tesco.Com.Rewards.Services.RBS.UnitTest.RBSProviderTest, Tesco.Com.Rewards.Services.RBS.UnitTest, Version=1.0.0.0, Culture=neutral, PublicKeyToken=null" name="GetVariantsNullExceptionTest" />
    </UnitTest>
    <UnitTest name="SaveVariantValues_UpdateTest" storage="d:\buildoutput\rbs\binaries\tesco.com.rewards.services.rbs.unittest.dll" id="569a8dc3-0faf-bbd2-1a31-d68a4d4fc455">
      <DeploymentItems>
        <DeploymentItem filename="Tesco.Com.Rewards.Services.RBS.unity.config" />
        <DeploymentItem filename="App.Config" />
        <DeploymentItem filename="Tesco.Com.Rewards.Services.RBS.Provider.dll.config" />
      </DeploymentItems>
      <Execution id="61f5607c-d740-4c22-8a3b-202b80eda9db" />
      <TestMethod codeBase="D:/Buildoutput/RBS/Binaries/Tesco.Com.Rewards.Services.RBS.UnitTest.DLL" adapterTypeName="Microsoft.VisualStudio.TestTools.TestTypes.Unit.UnitTestAdapter, Microsoft.VisualStudio.QualityTools.Tips.UnitTest.Adapter, Version=10.0.0.0, Culture=neutral, PublicKeyToken=b03f5f7f11d50a3a" className="Tesco.Com.Rewards.Services.RBS.UnitTest.RBSRepositoryTest, Tesco.Com.Rewards.Services.RBS.UnitTest, Version=1.0.0.0, Culture=neutral, PublicKeyToken=null" name="SaveVariantValues_UpdateTest" />
    </UnitTest>
  </TestDefinitions>
  <TestLists>
    <TestList name="Results Not in a List" id="8c84fa94-04c1-424b-9868-57a2d4851a1d" />
    <TestList name="All Loaded Results" id="19431567-8539-422a-85d7-44ee4e166bda" />
  </TestLists>
  <TestEntries>
    <TestEntry testId="1e4bd745-cfd1-51fd-329f-36bfcbdc9421" executionId="fc7999a7-b539-41e5-af0c-cce9d556380e" testListId="8c84fa94-04c1-424b-9868-57a2d4851a1d" />
    <TestEntry testId="fdd6a2bd-b087-f435-8759-3c75bba25a4d" executionId="30fc07d6-85e8-4994-b870-646f73dfcd13" testListId="8c84fa94-04c1-424b-9868-57a2d4851a1d" />
    <TestEntry testId="97675a4b-a8a0-d175-0b2e-e57f9be8cdf3" executionId="eb40c03d-43dd-403b-8742-0174671833e1" testListId="8c84fa94-04c1-424b-9868-57a2d4851a1d" />
    <TestEntry testId="7e8ec043-eba3-add6-e1c0-a2a0e6b3ebd6" executionId="bc749842-68be-4a7b-ae72-5959c31ba367" testListId="8c84fa94-04c1-424b-9868-57a2d4851a1d" />
    <TestEntry testId="8307d6b8-f673-367b-75e0-f8f51a1f8161" executionId="d60ebd56-ca6b-476b-a170-ab32f256a78a" testListId="8c84fa94-04c1-424b-9868-57a2d4851a1d" />
    <TestEntry testId="32a5b315-b790-eabd-01ea-27a85ca151ba" executionId="d11eee45-da57-453c-b308-4d6a64316707" testListId="8c84fa94-04c1-424b-9868-57a2d4851a1d" />
    <TestEntry testId="f6afd971-96da-ce2b-00e2-eaab08ffe7f7" executionId="9fd6978e-4dd0-4034-8c43-2953051576a9" testListId="8c84fa94-04c1-424b-9868-57a2d4851a1d" />
    <TestEntry testId="58b7dc99-f711-2905-df1a-691a5d14e02d" executionId="5b357207-8e6b-4510-9dbc-d95deaceee96" testListId="8c84fa94-04c1-424b-9868-57a2d4851a1d" />
    <TestEntry testId="e00cf12d-5ba9-12a1-4009-8b66ddf5767c" executionId="07a1ad08-16d7-4c57-9c24-b4e321d70ad5" testListId="8c84fa94-04c1-424b-9868-57a2d4851a1d" />
    <TestEntry testId="b6c5096c-b5fe-2ad0-6754-2f61fe280e91" executionId="c9124338-dce6-4110-9296-e44aeb0aadbc" testListId="8c84fa94-04c1-424b-9868-57a2d4851a1d" />
    <TestEntry testId="ae81853d-af22-2958-a4e7-7a6571e435b2" executionId="ea058e78-fd87-42cb-ab40-8cf1a382ac54" testListId="8c84fa94-04c1-424b-9868-57a2d4851a1d" />
    <TestEntry testId="0a402ddd-7eda-deba-f39e-c2717cf1b920" executionId="a48485f2-ef9c-44bb-99c8-7aeb0f14c341" testListId="8c84fa94-04c1-424b-9868-57a2d4851a1d" />
    <TestEntry testId="b08d3468-998f-0352-d958-5216578f7405" executionId="0309f036-ddb0-416a-818d-140ab03905a8" testListId="8c84fa94-04c1-424b-9868-57a2d4851a1d" />
    <TestEntry testId="7223a1e8-dd07-753e-86e6-cde6728659ed" executionId="de793b5d-193d-40f7-a445-420362cbcb4c" testListId="8c84fa94-04c1-424b-9868-57a2d4851a1d" />
    <TestEntry testId="23a02786-4f80-e7fc-0f93-9de7b3c76954" executionId="227f42b3-a3cf-4a53-bddb-2e4e9e703672" testListId="8c84fa94-04c1-424b-9868-57a2d4851a1d" />
    <TestEntry testId="23047ca5-8236-6645-3ffe-e26bd04b9948" executionId="6a7641e1-e598-470a-a3a6-bd9d0ff3ca69" testListId="8c84fa94-04c1-424b-9868-57a2d4851a1d" />
    <TestEntry testId="d880e24a-e095-2985-8b19-d502f5b7b201" executionId="08f7e0f6-f5be-4e7a-a2d7-cad42f829638" testListId="8c84fa94-04c1-424b-9868-57a2d4851a1d" />
    <TestEntry testId="eb9d6e46-6374-0fb1-ea86-b95709f42965" executionId="f013fbcc-e8e4-423f-9a74-efc7bba3ab91" testListId="8c84fa94-04c1-424b-9868-57a2d4851a1d" />
    <TestEntry testId="9803778d-a24a-3b80-8933-fc79d572ce79" executionId="5cc46dbd-2480-4ee0-992a-2cfa079b7b55" testListId="8c84fa94-04c1-424b-9868-57a2d4851a1d" />
    <TestEntry testId="3178545c-a1b5-21b1-60db-a3b3323e8bb7" executionId="6e2643b4-c8b9-4f33-b16d-9ff72358e2ea" testListId="8c84fa94-04c1-424b-9868-57a2d4851a1d" />
    <TestEntry testId="d45a0a77-b0f2-84c9-7c63-e803b008f9df" executionId="c2c44a11-5b12-4f22-8973-aff94f11b9d9" testListId="8c84fa94-04c1-424b-9868-57a2d4851a1d" />
    <TestEntry testId="918987c2-bbe8-22f1-86ee-a7e68f0f851e" executionId="06915c55-34d3-49cb-96fb-e0323f2c8458" testListId="8c84fa94-04c1-424b-9868-57a2d4851a1d" />
    <TestEntry testId="7bfa9a20-a3d1-a8db-7b6d-719ec6736d6b" executionId="0536b2d8-7451-41d0-ba3c-c8ae4fe1814f" testListId="8c84fa94-04c1-424b-9868-57a2d4851a1d" />
    <TestEntry testId="8cd0563b-93cd-6f46-fa41-3795d906b9d1" executionId="49b1d126-9ccc-4425-ab41-1939edfd222e" testListId="8c84fa94-04c1-424b-9868-57a2d4851a1d" />
    <TestEntry testId="7649f395-aa12-5b26-6082-3d456c95f399" executionId="12aa3330-bfa9-4b98-903b-1022e4542eb2" testListId="8c84fa94-04c1-424b-9868-57a2d4851a1d" />
    <TestEntry testId="17452b36-ca5f-2fc9-76e5-5438c07f1ee7" executionId="35a8a064-ca14-494c-885e-63224f100173" testListId="8c84fa94-04c1-424b-9868-57a2d4851a1d" />
    <TestEntry testId="16c868f0-17e7-0d55-6edf-8857721f7029" executionId="aff760f4-3883-4437-8ec2-aaa1d4820405" testListId="8c84fa94-04c1-424b-9868-57a2d4851a1d" />
    <TestEntry testId="f07d5c3e-89b4-bf43-3494-5d9f21e96bbe" executionId="30c22c3a-5a24-4281-8b0a-b4fafac62fb4" testListId="8c84fa94-04c1-424b-9868-57a2d4851a1d" />
    <TestEntry testId="de9cd659-3511-7e6f-386c-e23d9297c1e5" executionId="6ee9191a-553f-4922-857a-6c69a7cd6d79" testListId="8c84fa94-04c1-424b-9868-57a2d4851a1d" />
    <TestEntry testId="d60a0867-7f08-8f90-5840-861f739b957a" executionId="f30cddf3-adf6-46ad-a573-ad37f9982211" testListId="8c84fa94-04c1-424b-9868-57a2d4851a1d" />
    <TestEntry testId="1b24bd01-6c2a-5ec5-2bdc-ec625d46f332" executionId="dd424837-fb4f-4e1b-bffe-534affcd73e9" testListId="8c84fa94-04c1-424b-9868-57a2d4851a1d" />
    <TestEntry testId="14cb32ab-4b3a-b0d9-c199-4bc019225ee7" executionId="b488d4f8-baee-4a89-b1ad-b336ddeb25c7" testListId="8c84fa94-04c1-424b-9868-57a2d4851a1d" />
    <TestEntry testId="22ac27bc-681a-a975-2541-9897f5d967c0" executionId="30f9d9e4-14c7-46a9-8349-dec5d1309f4a" testListId="8c84fa94-04c1-424b-9868-57a2d4851a1d" />
    <TestEntry testId="ba89b6f6-7b14-b41a-e761-fc2f3b98fa38" executionId="d66db738-635e-4d5b-9027-05979a6f937b" testListId="8c84fa94-04c1-424b-9868-57a2d4851a1d" />
    <TestEntry testId="4fdd2fc0-ed05-b6f8-6b44-dcea28f27763" executionId="767c6da5-7630-421a-8273-66352d9525a1" testListId="8c84fa94-04c1-424b-9868-57a2d4851a1d" />
    <TestEntry testId="a0f7abb9-61d7-30cf-01a5-fd909ee73ccd" executionId="d2d1c99a-80d4-4ec7-98ba-1cd9bb3a7063" testListId="8c84fa94-04c1-424b-9868-57a2d4851a1d" />
    <TestEntry testId="3c82bb9e-0e7f-9982-e2e6-fed0e912a637" executionId="5f2a9b34-5359-4cea-8f2a-b84d14a1b092" testListId="8c84fa94-04c1-424b-9868-57a2d4851a1d" />
    <TestEntry testId="097bf186-30fe-2b39-171f-46c9833b6643" executionId="cfcca0c0-eae5-4fd0-9910-94e9307e8a19" testListId="8c84fa94-04c1-424b-9868-57a2d4851a1d" />
    <TestEntry testId="77891b94-e144-2d64-b364-05b7bb65d065" executionId="6bb52a5b-df62-4086-9f6e-84a207016b5e" testListId="8c84fa94-04c1-424b-9868-57a2d4851a1d" />
    <TestEntry testId="772122b0-f2b6-21c4-1fa1-61338ad600b0" executionId="bfbff001-f8c5-46b6-aa7e-ee4dde22fccc" testListId="8c84fa94-04c1-424b-9868-57a2d4851a1d" />
    <TestEntry testId="4bef76f2-7479-33a7-2598-9f85c02bf0f4" executionId="22167090-7639-42f7-b2f1-03ed155c8e08" testListId="8c84fa94-04c1-424b-9868-57a2d4851a1d" />
    <TestEntry testId="77682fe2-7e04-b80c-2d0d-909478ed39c9" executionId="430e3007-f81c-45c8-af9a-195f52e09bbf" testListId="8c84fa94-04c1-424b-9868-57a2d4851a1d" />
    <TestEntry testId="dac0e0a1-fe86-0534-413b-5a412d6b127b" executionId="7a616c75-ba0f-476f-a742-0f1045fcfbef" testListId="8c84fa94-04c1-424b-9868-57a2d4851a1d" />
    <TestEntry testId="846ea746-828b-c0b0-59a4-6cea1f666f32" executionId="d5615b3d-9622-41d0-a690-15cc756fd5c3" testListId="8c84fa94-04c1-424b-9868-57a2d4851a1d" />
    <TestEntry testId="f4a900c7-d47a-7aab-d35e-6d9868b75a28" executionId="ccb55a4f-ba38-4b44-a18f-d326944a7cbe" testListId="8c84fa94-04c1-424b-9868-57a2d4851a1d" />
    <TestEntry testId="d16f2316-f8b0-2ff2-ca63-19da1a26520b" executionId="67964292-9c93-4f80-bf93-98d4cf820e29" testListId="8c84fa94-04c1-424b-9868-57a2d4851a1d" />
    <TestEntry testId="96db3675-fd66-e53a-70f4-4e65470117c4" executionId="5cc4fcff-d21d-4678-a860-b6a469caa677" testListId="8c84fa94-04c1-424b-9868-57a2d4851a1d" />
    <TestEntry testId="1d4fb90e-78fb-0c6b-8b9d-69a2d137630d" executionId="8006fef9-fb19-432e-8b57-414985106de8" testListId="8c84fa94-04c1-424b-9868-57a2d4851a1d" />
    <TestEntry testId="e0b1d61c-b5d3-161f-836e-166c0793ad9c" executionId="440f95ec-6414-48a5-a692-07ffe828cd93" testListId="8c84fa94-04c1-424b-9868-57a2d4851a1d" />
    <TestEntry testId="6e6b0b3d-71a5-04f8-674f-4968e69ec1fa" executionId="328d4fac-1fcd-44be-8593-b330c416f17b" testListId="8c84fa94-04c1-424b-9868-57a2d4851a1d" />
    <TestEntry testId="354c3612-c693-edd3-99e6-fc93d7bbdac1" executionId="b242bf54-17b2-445f-8ce7-acb18309c175" testListId="8c84fa94-04c1-424b-9868-57a2d4851a1d" />
    <TestEntry testId="1ff15fb4-9444-0c71-b915-63f54737e08c" executionId="c53591fa-b2b2-42e3-b0ef-2c9c45151fee" testListId="8c84fa94-04c1-424b-9868-57a2d4851a1d" />
    <TestEntry testId="4068bd5e-cc45-f9d5-46d7-042c35b4fde3" executionId="78b5c824-826a-4d3d-bdbd-9039e7f9b6e2" testListId="8c84fa94-04c1-424b-9868-57a2d4851a1d" />
    <TestEntry testId="9733b250-a20c-da11-9878-fbcb5a5d31a9" executionId="c1cb40f3-e943-410e-a3d9-52b8eeb2cbb8" testListId="8c84fa94-04c1-424b-9868-57a2d4851a1d" />
    <TestEntry testId="8ad2df73-f1b4-b09d-8d30-df52decc336c" executionId="f90aa0a2-bd2f-4e18-a486-f4f134240637" testListId="8c84fa94-04c1-424b-9868-57a2d4851a1d" />
    <TestEntry testId="beb62a84-ef1d-a2bf-fd1b-34fd3b7d356c" executionId="58d929b3-5938-4e12-83af-7db2a7d37a6a" testListId="8c84fa94-04c1-424b-9868-57a2d4851a1d" />
    <TestEntry testId="219298fe-68f4-2010-57ea-ffef129cbb9a" executionId="1fa37742-cb03-47c9-b174-7ff30137c918" testListId="8c84fa94-04c1-424b-9868-57a2d4851a1d" />
    <TestEntry testId="c87c9eaa-83bc-f98c-45fb-0b3780a94194" executionId="988ecd46-e83a-459d-b11b-d8815329de97" testListId="8c84fa94-04c1-424b-9868-57a2d4851a1d" />
    <TestEntry testId="3f57a210-2c20-5f5a-1893-aac742c4cb9d" executionId="ad1bf05a-1757-47d3-b922-181fc886c4de" testListId="8c84fa94-04c1-424b-9868-57a2d4851a1d" />
    <TestEntry testId="63b05f62-ade9-b8dd-7bf9-6ef490ee9db0" executionId="ae3d2294-2a15-4936-9342-0be7103119bc" testListId="8c84fa94-04c1-424b-9868-57a2d4851a1d" />
    <TestEntry testId="96c12807-605f-abf0-a0a9-50c6e8318c1e" executionId="2cf7ee2c-328c-429a-9997-64692ba537f4" testListId="8c84fa94-04c1-424b-9868-57a2d4851a1d" />
    <TestEntry testId="a95f9d3f-1d6a-b958-b0cf-6369ba9cf960" executionId="b1ef6f6f-601e-478f-b075-352ff5a8b700" testListId="8c84fa94-04c1-424b-9868-57a2d4851a1d" />
    <TestEntry testId="fe09175e-a2a3-b5fb-e464-f507d428d228" executionId="845547c6-d31e-463f-b84f-39bd9df70deb" testListId="8c84fa94-04c1-424b-9868-57a2d4851a1d" />
    <TestEntry testId="f91de834-12e8-aab3-64f9-316a03000655" executionId="cfbcc31c-aa00-4455-9c63-2e19d508915c" testListId="8c84fa94-04c1-424b-9868-57a2d4851a1d" />
    <TestEntry testId="b1a9ecfb-cfbb-5b4f-d589-a50b9f51e1a8" executionId="e53eeed4-f926-4997-9a5a-28a63be63f5d" testListId="8c84fa94-04c1-424b-9868-57a2d4851a1d" />
    <TestEntry testId="7cc20874-b023-825c-8262-162fddef25cd" executionId="785ee472-05f4-4439-bbfc-bc987e72595f" testListId="8c84fa94-04c1-424b-9868-57a2d4851a1d" />
    <TestEntry testId="ca300c55-12d3-bfc9-77cf-3094c63d901b" executionId="a970127e-4a0a-4092-bf39-9ddb2cb5420a" testListId="8c84fa94-04c1-424b-9868-57a2d4851a1d" />
    <TestEntry testId="cf90ab8f-c818-db82-3c44-ff8ce04f200f" executionId="c6eeea45-9a87-4991-9030-9d5907515bf4" testListId="8c84fa94-04c1-424b-9868-57a2d4851a1d" />
    <TestEntry testId="3c77227a-ee2e-5a8f-c76c-181206f4a6af" executionId="0ff3047d-7814-46b8-a825-672eeb896b74" testListId="8c84fa94-04c1-424b-9868-57a2d4851a1d" />
    <TestEntry testId="9f26dde3-d1e7-9a44-00f8-1af5570ebe20" executionId="022852f8-e721-4402-9770-be31ca01ca38" testListId="8c84fa94-04c1-424b-9868-57a2d4851a1d" />
    <TestEntry testId="8569f969-9709-f510-a473-7287cbce516e" executionId="cc3e43c1-5490-4aa3-8e8a-4a5b48de67f3" testListId="8c84fa94-04c1-424b-9868-57a2d4851a1d" />
    <TestEntry testId="90c0a767-000a-2fc2-0e73-8367939b57da" executionId="7355eac6-d608-49b6-bbc1-7016b55e1a88" testListId="8c84fa94-04c1-424b-9868-57a2d4851a1d" />
    <TestEntry testId="a9c629cd-107f-f26e-5738-5f623456e801" executionId="a053f799-9ee4-408f-ae35-45f67ea79217" testListId="8c84fa94-04c1-424b-9868-57a2d4851a1d" />
    <TestEntry testId="9a2e6db0-acbf-c877-7524-0e84c78719a3" executionId="22fb40e1-e0fa-4791-ac46-87d74f0c5a86" testListId="8c84fa94-04c1-424b-9868-57a2d4851a1d" />
    <TestEntry testId="e3a280e5-b50f-c39b-9533-286708fb1de1" executionId="a00cfaf0-7d0f-47e8-8987-cd0b1bf6188b" testListId="8c84fa94-04c1-424b-9868-57a2d4851a1d" />
    <TestEntry testId="f6389799-0f4c-2597-db6f-e74f868584bf" executionId="f6f24e12-2948-40c0-9a5d-75d15691d459" testListId="8c84fa94-04c1-424b-9868-57a2d4851a1d" />
    <TestEntry testId="26f4c849-a2f2-9bef-4bec-2212344ff75a" executionId="9966fc7d-7fc6-407f-a807-7b15fbe58535" testListId="8c84fa94-04c1-424b-9868-57a2d4851a1d" />
    <TestEntry testId="b9ad1a32-4fe5-510a-d2b2-5f6d3b5e4775" executionId="b7015a52-e08c-4962-9ed3-1cbeedd1d08d" testListId="8c84fa94-04c1-424b-9868-57a2d4851a1d" />
    <TestEntry testId="4e96e227-5ad0-80d9-5eef-90374a7c2a42" executionId="4cade2e1-3c16-4a5c-891c-c93d8b6f22bf" testListId="8c84fa94-04c1-424b-9868-57a2d4851a1d" />
    <TestEntry testId="43ecbcb0-8cb9-3fbd-fa65-0a7f501da426" executionId="e6dee499-4a7e-47ed-a377-6f8ba911ccc3" testListId="8c84fa94-04c1-424b-9868-57a2d4851a1d" />
    <TestEntry testId="67bb9407-1ebd-eab6-5b48-6c2f9fc01b58" executionId="283e9fd9-5e26-42a0-9428-595195143e59" testListId="8c84fa94-04c1-424b-9868-57a2d4851a1d" />
    <TestEntry testId="f4da7313-3faa-e1a1-d7c3-b44851c4fa3c" executionId="3d764bed-c7a9-4e33-afd6-fe089ada95e0" testListId="8c84fa94-04c1-424b-9868-57a2d4851a1d" />
    <TestEntry testId="570a61aa-151f-8301-134e-f1c019023510" executionId="503dd9c4-e8de-461a-b008-b7edde4fe7e6" testListId="8c84fa94-04c1-424b-9868-57a2d4851a1d" />
    <TestEntry testId="74902e82-4569-04b2-df61-a3dd5e15b2aa" executionId="da9155e0-c07c-49ba-bfd4-f110d5eae2fb" testListId="8c84fa94-04c1-424b-9868-57a2d4851a1d" />
    <TestEntry testId="d01ef75b-7d94-3249-acde-e422bb6db3e3" executionId="254c1c4a-3091-47a9-8cdc-c2d3d3fc8601" testListId="8c84fa94-04c1-424b-9868-57a2d4851a1d" />
    <TestEntry testId="8b316335-53d8-7e3b-c332-6bdc0c3ca890" executionId="a778b787-8e6a-419b-a45f-7549dcb1832d" testListId="8c84fa94-04c1-424b-9868-57a2d4851a1d" />
    <TestEntry testId="ec282ad7-663f-2e43-1083-5f801d0bdd72" executionId="6498af5d-a738-4e81-b13e-667f257b59a3" testListId="8c84fa94-04c1-424b-9868-57a2d4851a1d" />
    <TestEntry testId="03257761-8964-1833-7045-7606058fc3ad" executionId="2c3d8341-d0cf-4bfb-a7bb-fa65ee742d1b" testListId="8c84fa94-04c1-424b-9868-57a2d4851a1d" />
    <TestEntry testId="08e2153b-b626-7394-c5a1-0abde608d7fb" executionId="807cddd0-d6b7-484f-9277-2f9fe2906737" testListId="8c84fa94-04c1-424b-9868-57a2d4851a1d" />
    <TestEntry testId="70876ca6-7fca-f1aa-6f39-d4c9368d6bbb" executionId="766ecbff-fc74-4ba4-bca0-e31d3af50e18" testListId="8c84fa94-04c1-424b-9868-57a2d4851a1d" />
    <TestEntry testId="a77a19db-9bf1-d5d6-28fe-95a7e6cb779d" executionId="3eadbb9b-e1e3-4a53-89a7-cc144dad5f73" testListId="8c84fa94-04c1-424b-9868-57a2d4851a1d" />
    <TestEntry testId="9399a8bf-243b-c27a-a8b8-8eb6dd2ba3f4" executionId="de4ffd93-ac55-4148-b0d4-81210b176200" testListId="8c84fa94-04c1-424b-9868-57a2d4851a1d" />
    <TestEntry testId="03a8daaf-f3f8-04e3-fd31-2a099620e2e7" executionId="f3004e4e-15cd-4bd4-83ac-9f679b876b76" testListId="8c84fa94-04c1-424b-9868-57a2d4851a1d" />
    <TestEntry testId="1cd80781-097b-70b5-cf7e-3db29fac9684" executionId="74ed85c1-ffb4-4163-b97a-aedf5a69332d" testListId="8c84fa94-04c1-424b-9868-57a2d4851a1d" />
    <TestEntry testId="71df9a08-d351-7add-13a6-62ec3e44b6fe" executionId="427543ef-d2a2-41f8-b69d-df343094ae11" testListId="8c84fa94-04c1-424b-9868-57a2d4851a1d" />
    <TestEntry testId="2f480ca1-def1-8439-526d-133c5cdea65f" executionId="2059f6e0-cd9f-4929-b3a6-4a8060e46c15" testListId="8c84fa94-04c1-424b-9868-57a2d4851a1d" />
    <TestEntry testId="7e03c99b-2602-4d46-94cd-9de385b96df5" executionId="ba55313d-4d63-4e27-b04b-f7c73b1a4339" testListId="8c84fa94-04c1-424b-9868-57a2d4851a1d" />
    <TestEntry testId="32c5a955-0ca3-3a34-9545-a0d08d589242" executionId="25c43d17-3d1f-4ba2-bb0c-fe42d84c605f" testListId="8c84fa94-04c1-424b-9868-57a2d4851a1d" />
    <TestEntry testId="09487928-b927-8027-c2bc-d2b508f1f6b2" executionId="5aece247-a9bb-42bd-987c-f31acef1cc8e" testListId="8c84fa94-04c1-424b-9868-57a2d4851a1d" />
    <TestEntry testId="61775daa-4038-d53d-8fc5-ab9e23034188" executionId="3037070e-c237-4569-9e8f-c5554c81e58c" testListId="8c84fa94-04c1-424b-9868-57a2d4851a1d" />
    <TestEntry testId="16a6330c-bde7-1dab-8e20-642f691d3aec" executionId="523b2933-d161-4c63-9735-0cb031c31d02" testListId="8c84fa94-04c1-424b-9868-57a2d4851a1d" />
    <TestEntry testId="80392374-d775-2993-8af1-d144582252e6" executionId="00c34d95-6741-45d6-8a7d-917be6efed87" testListId="8c84fa94-04c1-424b-9868-57a2d4851a1d" />
    <TestEntry testId="562aa3b4-2c1a-53af-75d4-ab785a5dcb48" executionId="781743f5-fc00-4734-88bf-87403d6f888c" testListId="8c84fa94-04c1-424b-9868-57a2d4851a1d" />
    <TestEntry testId="111a7ef6-286e-2ce0-d7cf-b40fa9568c18" executionId="0ce7230c-e5a2-4c0c-a6e1-8b9193966a9a" testListId="8c84fa94-04c1-424b-9868-57a2d4851a1d" />
    <TestEntry testId="d1102c3f-fa10-4478-2abd-ee5f54705b4b" executionId="b173b615-29f7-4d6b-9835-f84a78a035ba" testListId="8c84fa94-04c1-424b-9868-57a2d4851a1d" />
    <TestEntry testId="bcd904d0-0fc6-47a5-062f-1d000b6785ba" executionId="2dfb8550-302f-4c2d-90d8-6e926d62cf58" testListId="8c84fa94-04c1-424b-9868-57a2d4851a1d" />
    <TestEntry testId="d6fa2ac4-0ed7-fe05-9d42-0d8a0b2d15a6" executionId="be11cd75-ea27-49a8-94b8-cf411b614867" testListId="8c84fa94-04c1-424b-9868-57a2d4851a1d" />
    <TestEntry testId="d46ee61a-b7d0-4493-1d2b-c3a45e761034" executionId="4c8031fc-1380-4b3e-9e07-fa0354ae4cdc" testListId="8c84fa94-04c1-424b-9868-57a2d4851a1d" />
    <TestEntry testId="fb895889-b325-208b-8d75-b5cb6d4dd4aa" executionId="13e9c9c8-43d2-4873-bf03-29e2d0cf81c7" testListId="8c84fa94-04c1-424b-9868-57a2d4851a1d" />
    <TestEntry testId="04179684-2d6c-7615-6d96-b1716e350991" executionId="4e07be24-d4c5-4563-9c90-bc04506eb415" testListId="8c84fa94-04c1-424b-9868-57a2d4851a1d" />
    <TestEntry testId="13ebfc4d-751f-6ba3-ecda-8d5328fbf3d3" executionId="d2485ec1-b90d-43cb-b3c5-36cb61323581" testListId="8c84fa94-04c1-424b-9868-57a2d4851a1d" />
    <TestEntry testId="89bf8703-af6e-2351-7c1a-1206ef5bb74d" executionId="85770baf-6792-4e92-9407-69824402ac5c" testListId="8c84fa94-04c1-424b-9868-57a2d4851a1d" />
    <TestEntry testId="2e30d1a4-f531-27e4-9878-1c0560736c2a" executionId="a9ad8e3c-1b35-4e50-9563-e02e76dbd0be" testListId="8c84fa94-04c1-424b-9868-57a2d4851a1d" />
    <TestEntry testId="9a7fda46-438e-41f3-5e98-7959c71d474c" executionId="6a0cb3ef-044e-4bd4-b7d5-b3e672ba5069" testListId="8c84fa94-04c1-424b-9868-57a2d4851a1d" />
    <TestEntry testId="5a32e9bd-20ab-b200-2b40-330dfd2ec4a1" executionId="15835e41-7718-41d2-8a30-d0e66ace3fd9" testListId="8c84fa94-04c1-424b-9868-57a2d4851a1d" />
    <TestEntry testId="025d09fa-600f-23ce-6e9f-eb1cd9a10dae" executionId="303f2172-76ad-4884-8bb0-f490a2c6949d" testListId="8c84fa94-04c1-424b-9868-57a2d4851a1d" />
    <TestEntry testId="29e53ac0-519a-da58-a3b1-48c0199c51da" executionId="ea48ca34-f479-4731-a47c-7ce241d554f5" testListId="8c84fa94-04c1-424b-9868-57a2d4851a1d" />
    <TestEntry testId="62b688ae-fcf8-9c0d-7ccd-75d6cba24ba6" executionId="c945eef2-74cf-4906-b868-d2b80c3b5113" testListId="8c84fa94-04c1-424b-9868-57a2d4851a1d" />
    <TestEntry testId="b2d1b920-6e9a-6eb7-585d-0f230028fe4a" executionId="332f86c5-c277-4f0e-9bfc-87d0fb1d8369" testListId="8c84fa94-04c1-424b-9868-57a2d4851a1d" />
    <TestEntry testId="efe0ce90-5328-c99c-1421-6704602fc7a3" executionId="546ff036-0132-46cd-8c65-0ec8572f76ff" testListId="8c84fa94-04c1-424b-9868-57a2d4851a1d" />
    <TestEntry testId="5f1855d9-9567-4eb2-37d2-256ba534a6c0" executionId="d9342e69-09a2-4c44-b2bd-d284e4b52086" testListId="8c84fa94-04c1-424b-9868-57a2d4851a1d" />
    <TestEntry testId="310b7b15-60d6-17c8-42cc-e325ce6a46aa" executionId="2cd10195-4c65-44dc-ab6c-219d133d217e" testListId="8c84fa94-04c1-424b-9868-57a2d4851a1d" />
    <TestEntry testId="53313eb6-364b-3d51-edfe-3c1cc527aa02" executionId="22436b80-1db6-42ac-a0c5-65e785578d99" testListId="8c84fa94-04c1-424b-9868-57a2d4851a1d" />
    <TestEntry testId="ff57cbb1-c966-b6e6-deee-1ef64b77ddd8" executionId="e24b5302-d8c5-4e7a-86a0-7fc09d3f5daf" testListId="8c84fa94-04c1-424b-9868-57a2d4851a1d" />
    <TestEntry testId="569a8dc3-0faf-bbd2-1a31-d68a4d4fc455" executionId="61f5607c-d740-4c22-8a3b-202b80eda9db" testListId="8c84fa94-04c1-424b-9868-57a2d4851a1d" />
    <TestEntry testId="4ada6f89-2f4f-feca-c858-4edb9a6fc4bf" executionId="f018603e-751b-4d86-ba49-689804509e68" testListId="8c84fa94-04c1-424b-9868-57a2d4851a1d" />
    <TestEntry testId="048b1af9-d32c-12c5-27bd-81f927eb7006" executionId="d5a7d318-4a51-494e-a7cb-9c36721b264c" testListId="8c84fa94-04c1-424b-9868-57a2d4851a1d" />
    <TestEntry testId="d84c2977-2a4e-0204-cb2a-233374115f16" executionId="95a3d85f-0454-4749-b361-5e9882633027" testListId="8c84fa94-04c1-424b-9868-57a2d4851a1d" />
    <TestEntry testId="96ceb9b2-9bb6-0cca-9402-80aa02d8877c" executionId="bfece0cf-afa9-4d12-80c7-3af292b085de" testListId="8c84fa94-04c1-424b-9868-57a2d4851a1d" />
    <TestEntry testId="547c4cf5-8758-f03b-1230-35ba93a01a21" executionId="17937d30-3bf3-4e75-8c65-b34009619bfb" testListId="8c84fa94-04c1-424b-9868-57a2d4851a1d" />
    <TestEntry testId="63fe0ec4-65bb-9b45-56a8-2cd1cc1705dc" executionId="5a1c3ff6-aad7-4b7a-af9c-3dc7ff6aea4a" testListId="8c84fa94-04c1-424b-9868-57a2d4851a1d" />
    <TestEntry testId="0b537d71-5929-385e-f1b2-ee26cbe040c1" executionId="40188b31-82e7-4aa5-a19d-ecdac115a0b5" testListId="8c84fa94-04c1-424b-9868-57a2d4851a1d" />
    <TestEntry testId="6f8ece04-77ab-1958-dbdd-22f9b10296b9" executionId="e17b4e8e-fe24-467a-a629-d6c2318de527" testListId="8c84fa94-04c1-424b-9868-57a2d4851a1d" />
    <TestEntry testId="a3a7f06f-080c-4803-5ea1-7bc11d561c7d" executionId="74a50277-b0ef-431f-b864-9d987c44c1b2" testListId="8c84fa94-04c1-424b-9868-57a2d4851a1d" />
    <TestEntry testId="19e05672-1369-a11f-0464-402b0c771357" executionId="7dbce1fc-6041-4781-8203-6c494393aefa" testListId="8c84fa94-04c1-424b-9868-57a2d4851a1d" />
    <TestEntry testId="3308cc3c-c0a8-22fb-d30c-92b6d0b49034" executionId="18f90abe-329f-44e6-8154-a1bb79e79fd7" testListId="8c84fa94-04c1-424b-9868-57a2d4851a1d" />
    <TestEntry testId="21d2c53d-f829-e37c-fe13-951faf49a82b" executionId="49d38463-e054-486f-bf75-cd2a39f07fe0" testListId="8c84fa94-04c1-424b-9868-57a2d4851a1d" />
    <TestEntry testId="7fc3faf5-27ca-9afe-fd0b-b94b726f6b8b" executionId="adbc1e3f-a006-45df-b712-a842c9257e13" testListId="8c84fa94-04c1-424b-9868-57a2d4851a1d" />
    <TestEntry testId="213606a8-6de7-62b2-f0cb-5525f41b276f" executionId="bb98bad1-76b4-45f4-aaba-212e9121ab83" testListId="8c84fa94-04c1-424b-9868-57a2d4851a1d" />
  </TestEntries>
  <Results>
    <UnitTestResult executionId="fc7999a7-b539-41e5-af0c-cce9d556380e" testId="1e4bd745-cfd1-51fd-329f-36bfcbdc9421" testName="AuthenticateUserTest" computerName="DVGEOBUILD013UK" duration="00:00:02.7914827" startTime="2016-07-28T11:02:33.6803206+01:00" endTime="2016-07-28T11:02:37.2623206+01:00" testType="13cdc9d9-ddb5-4fa4-a97d-d965ccfc6d4b" outcome="Passed" testListId="8c84fa94-04c1-424b-9868-57a2d4851a1d" relativeResultsDirectory="fc7999a7-b539-41e5-af0c-cce9d556380e">
    </UnitTestResult>
    <UnitTestResult executionId="30fc07d6-85e8-4994-b870-646f73dfcd13" testId="fdd6a2bd-b087-f435-8759-3c75bba25a4d" testName="CreateFeedGenerationRequestTest" computerName="DVGEOBUILD013UK" duration="00:00:00.0133523" startTime="2016-07-28T11:02:37.2733206+01:00" endTime="2016-07-28T11:02:37.2923206+01:00" testType="13cdc9d9-ddb5-4fa4-a97d-d965ccfc6d4b" outcome="Passed" testListId="8c84fa94-04c1-424b-9868-57a2d4851a1d" relativeResultsDirectory="30fc07d6-85e8-4994-b870-646f73dfcd13">
    </UnitTestResult>
    <UnitTestResult executionId="eb40c03d-43dd-403b-8742-0174671833e1" testId="97675a4b-a8a0-d175-0b2e-e57f9be8cdf3" testName="CreateNotificationTemplateDetailInvalidTest" computerName="DVGEOBUILD013UK" duration="00:00:00.3894830" startTime="2016-07-28T11:02:37.3023206+01:00" endTime="2016-07-28T11:02:37.6983206+01:00" testType="13cdc9d9-ddb5-4fa4-a97d-d965ccfc6d4b" outcome="Passed" testListId="8c84fa94-04c1-424b-9868-57a2d4851a1d" relativeResultsDirectory="eb40c03d-43dd-403b-8742-0174671833e1">
    </UnitTestResult>
    <UnitTestResult executionId="bc749842-68be-4a7b-ae72-5959c31ba367" testId="7e8ec043-eba3-add6-e1c0-a2a0e6b3ebd6" testName="CreateNotificationTemplateDetailTest" computerName="DVGEOBUILD013UK" duration="00:00:00.0095246" startTime="2016-07-28T11:02:37.7083206+01:00" endTime="2016-07-28T11:02:37.7233206+01:00" testType="13cdc9d9-ddb5-4fa4-a97d-d965ccfc6d4b" outcome="Passed" testListId="8c84fa94-04c1-424b-9868-57a2d4851a1d" relativeResultsDirectory="bc749842-68be-4a7b-ae72-5959c31ba367">
    </UnitTestResult>
    <UnitTestResult executionId="d60ebd56-ca6b-476b-a170-ab32f256a78a" testId="8307d6b8-f673-367b-75e0-f8f51a1f8161" testName="CreatePromotionalNotificationTest" computerName="DVGEOBUILD013UK" duration="00:00:00.0120819" startTime="2016-07-28T11:02:37.7333206+01:00" endTime="2016-07-28T11:02:37.7513206+01:00" testType="13cdc9d9-ddb5-4fa4-a97d-d965ccfc6d4b" outcome="Passed" testListId="8c84fa94-04c1-424b-9868-57a2d4851a1d" relativeResultsDirectory="d60ebd56-ca6b-476b-a170-ab32f256a78a">
    </UnitTestResult>
    <UnitTestResult executionId="d11eee45-da57-453c-b308-4d6a64316707" testId="32a5b315-b790-eabd-01ea-27a85ca151ba" testName="CreateReminderDetailsTest" computerName="DVGEOBUILD013UK" duration="00:00:00.0140033" startTime="2016-07-28T11:02:37.7603206+01:00" endTime="2016-07-28T11:02:37.7793206+01:00" testType="13cdc9d9-ddb5-4fa4-a97d-d965ccfc6d4b" outcome="Passed" testListId="8c84fa94-04c1-424b-9868-57a2d4851a1d" relativeResultsDirectory="d11eee45-da57-453c-b308-4d6a64316707">
    </UnitTestResult>
    <UnitTestResult executionId="9fd6978e-4dd0-4034-8c43-2953051576a9" testId="f6afd971-96da-ce2b-00e2-eaab08ffe7f7" testName="CreateUpdateConfigItemValidTest" computerName="DVGEOBUILD013UK" duration="00:00:00.0129024" startTime="2016-07-28T11:02:37.7893206+01:00" endTime="2016-07-28T11:02:37.8083206+01:00" testType="13cdc9d9-ddb5-4fa4-a97d-d965ccfc6d4b" outcome="Passed" testListId="8c84fa94-04c1-424b-9868-57a2d4851a1d" relativeResultsDirectory="9fd6978e-4dd0-4034-8c43-2953051576a9">
    </UnitTestResult>
    <UnitTestResult executionId="5b357207-8e6b-4510-9dbc-d95deaceee96" testId="58b7dc99-f711-2905-df1a-691a5d14e02d" testName="CreateUpdateConfigItemWithCallContextNullExceptionTest" computerName="DVGEOBUILD013UK" duration="00:00:00.0117915" startTime="2016-07-28T11:02:37.8173206+01:00" endTime="2016-07-28T11:02:37.8353206+01:00" testType="13cdc9d9-ddb5-4fa4-a97d-d965ccfc6d4b" outcome="Passed" testListId="8c84fa94-04c1-424b-9868-57a2d4851a1d" relativeResultsDirectory="5b357207-8e6b-4510-9dbc-d95deaceee96">
    </UnitTestResult>
    <UnitTestResult executionId="07a1ad08-16d7-4c57-9c24-b4e321d70ad5" testId="e00cf12d-5ba9-12a1-4009-8b66ddf5767c" testName="CreateUpdateContentGroupinValidTest" computerName="DVGEOBUILD013UK" duration="00:00:00.0125373" startTime="2016-07-28T11:02:37.8453206+01:00" endTime="2016-07-28T11:02:37.8633206+01:00" testType="13cdc9d9-ddb5-4fa4-a97d-d965ccfc6d4b" outcome="Passed" testListId="8c84fa94-04c1-424b-9868-57a2d4851a1d" relativeResultsDirectory="07a1ad08-16d7-4c57-9c24-b4e321d70ad5">
    </UnitTestResult>
    <UnitTestResult executionId="c9124338-dce6-4110-9296-e44aeb0aadbc" testId="b6c5096c-b5fe-2ad0-6754-2f61fe280e91" testName="CreateUpdateContentGroupTest" computerName="DVGEOBUILD013UK" duration="00:00:00.0095976" startTime="2016-07-28T11:02:37.8723206+01:00" endTime="2016-07-28T11:02:37.8873206+01:00" testType="13cdc9d9-ddb5-4fa4-a97d-d965ccfc6d4b" outcome="Passed" testListId="8c84fa94-04c1-424b-9868-57a2d4851a1d" relativeResultsDirectory="c9124338-dce6-4110-9296-e44aeb0aadbc">
    </UnitTestResult>
    <UnitTestResult executionId="ea058e78-fd87-42cb-ab40-8cf1a382ac54" testId="ae81853d-af22-2958-a4e7-7a6571e435b2" testName="CreateUpdateRegionDetailsExceptionTest" computerName="DVGEOBUILD013UK" duration="00:00:00.0365663" startTime="2016-07-28T11:02:37.8973206+01:00" endTime="2016-07-28T11:02:37.9403206+01:00" testType="13cdc9d9-ddb5-4fa4-a97d-d965ccfc6d4b" outcome="Passed" testListId="8c84fa94-04c1-424b-9868-57a2d4851a1d" relativeResultsDirectory="ea058e78-fd87-42cb-ab40-8cf1a382ac54">
    </UnitTestResult>
    <UnitTestResult executionId="a48485f2-ef9c-44bb-99c8-7aeb0f14c341" testId="0a402ddd-7eda-deba-f39e-c2717cf1b920" testName="CreateUpdateRegionDetailsValidTest" computerName="DVGEOBUILD013UK" duration="00:00:00.0118743" startTime="2016-07-28T11:02:37.9503206+01:00" endTime="2016-07-28T11:02:37.9693206+01:00" testType="13cdc9d9-ddb5-4fa4-a97d-d965ccfc6d4b" outcome="Passed" testListId="8c84fa94-04c1-424b-9868-57a2d4851a1d" relativeResultsDirectory="a48485f2-ef9c-44bb-99c8-7aeb0f14c341">
    </UnitTestResult>
    <UnitTestResult executionId="0309f036-ddb0-416a-818d-140ab03905a8" testId="b08d3468-998f-0352-d958-5216578f7405" testName="CreateUpdateRegionDetailsWithCallContextNullExceptionTest" computerName="DVGEOBUILD013UK" duration="00:00:00.0095053" startTime="2016-07-28T11:02:37.9783206+01:00" endTime="2016-07-28T11:02:37.9933206+01:00" testType="13cdc9d9-ddb5-4fa4-a97d-d965ccfc6d4b" outcome="Passed" testListId="8c84fa94-04c1-424b-9868-57a2d4851a1d" relativeResultsDirectory="0309f036-ddb0-416a-818d-140ab03905a8">
    </UnitTestResult>
    <UnitTestResult executionId="de793b5d-193d-40f7-a445-420362cbcb4c" testId="7223a1e8-dd07-753e-86e6-cde6728659ed" testName="CreateUserBusinessValidationException" computerName="DVGEOBUILD013UK" duration="00:00:00.0135375" startTime="2016-07-28T11:02:38.0033206+01:00" endTime="2016-07-28T11:02:38.0223206+01:00" testType="13cdc9d9-ddb5-4fa4-a97d-d965ccfc6d4b" outcome="Passed" testListId="8c84fa94-04c1-424b-9868-57a2d4851a1d" relativeResultsDirectory="de793b5d-193d-40f7-a445-420362cbcb4c">
    </UnitTestResult>
    <UnitTestResult executionId="227f42b3-a3cf-4a53-bddb-2e4e9e703672" testId="23a02786-4f80-e7fc-0f93-9de7b3c76954" testName="CreateUserTest" computerName="DVGEOBUILD013UK" duration="00:00:00.0082664" startTime="2016-07-28T11:02:38.0323206+01:00" endTime="2016-07-28T11:02:38.0453206+01:00" testType="13cdc9d9-ddb5-4fa4-a97d-d965ccfc6d4b" outcome="Passed" testListId="8c84fa94-04c1-424b-9868-57a2d4851a1d" relativeResultsDirectory="227f42b3-a3cf-4a53-bddb-2e4e9e703672">
    </UnitTestResult>
    <UnitTestResult executionId="6a7641e1-e598-470a-a3a6-bd9d0ff3ca69" testId="23047ca5-8236-6645-3ffe-e26bd04b9948" testName="GetAllRegionsInValidTest" computerName="DVGEOBUILD013UK" duration="00:00:00.0132862" startTime="2016-07-28T11:02:38.0543206+01:00" endTime="2016-07-28T11:02:38.0733206+01:00" testType="13cdc9d9-ddb5-4fa4-a97d-d965ccfc6d4b" outcome="Passed" testListId="8c84fa94-04c1-424b-9868-57a2d4851a1d" relativeResultsDirectory="6a7641e1-e598-470a-a3a6-bd9d0ff3ca69">
    </UnitTestResult>
    <UnitTestResult executionId="08f7e0f6-f5be-4e7a-a2d7-cad42f829638" testId="d880e24a-e095-2985-8b19-d502f5b7b201" testName="GetAllRegionsTest" computerName="DVGEOBUILD013UK" duration="00:00:00.0082340" startTime="2016-07-28T11:02:38.0813206+01:00" endTime="2016-07-28T11:02:38.0953206+01:00" testType="13cdc9d9-ddb5-4fa4-a97d-d965ccfc6d4b" outcome="Passed" testListId="8c84fa94-04c1-424b-9868-57a2d4851a1d" relativeResultsDirectory="08f7e0f6-f5be-4e7a-a2d7-cad42f829638">
    </UnitTestResult>
    <UnitTestResult executionId="f013fbcc-e8e4-423f-9a74-efc7bba3ab91" testId="eb9d6e46-6374-0fb1-ea86-b95709f42965" testName="GetApplicationsTest" computerName="DVGEOBUILD013UK" duration="00:00:00.0121368" startTime="2016-07-28T11:02:38.1043206+01:00" endTime="2016-07-28T11:02:38.1213206+01:00" testType="13cdc9d9-ddb5-4fa4-a97d-d965ccfc6d4b" outcome="Passed" testListId="8c84fa94-04c1-424b-9868-57a2d4851a1d" relativeResultsDirectory="f013fbcc-e8e4-423f-9a74-efc7bba3ab91">
    </UnitTestResult>
    <UnitTestResult executionId="5cc46dbd-2480-4ee0-992a-2cfa079b7b55" testId="9803778d-a24a-3b80-8933-fc79d572ce79" testName="GetConfigItemValidTest" computerName="DVGEOBUILD013UK" duration="00:00:00.0109153" startTime="2016-07-28T11:02:38.1303206+01:00" endTime="2016-07-28T11:02:38.1463206+01:00" testType="13cdc9d9-ddb5-4fa4-a97d-d965ccfc6d4b" outcome="Passed" testListId="8c84fa94-04c1-424b-9868-57a2d4851a1d" relativeResultsDirectory="5cc46dbd-2480-4ee0-992a-2cfa079b7b55">
    </UnitTestResult>
    <UnitTestResult executionId="6e2643b4-c8b9-4f33-b16d-9ff72358e2ea" testId="3178545c-a1b5-21b1-60db-a3b3323e8bb7" testName="GetConfigItemWithCallContextNullExceptionTest" computerName="DVGEOBUILD013UK" duration="00:00:00.0090222" startTime="2016-07-28T11:02:38.1563206+01:00" endTime="2016-07-28T11:02:38.1703206+01:00" testType="13cdc9d9-ddb5-4fa4-a97d-d965ccfc6d4b" outcome="Passed" testListId="8c84fa94-04c1-424b-9868-57a2d4851a1d" relativeResultsDirectory="6e2643b4-c8b9-4f33-b16d-9ff72358e2ea">
    </UnitTestResult>
    <UnitTestResult executionId="c2c44a11-5b12-4f22-8973-aff94f11b9d9" testId="d45a0a77-b0f2-84c9-7c63-e803b008f9df" testName="GetContentGroupTest" computerName="DVGEOBUILD013UK" duration="00:00:00.0166268" startTime="2016-07-28T11:02:38.1793206+01:00" endTime="2016-07-28T11:02:38.2013206+01:00" testType="13cdc9d9-ddb5-4fa4-a97d-d965ccfc6d4b" outcome="Passed" testListId="8c84fa94-04c1-424b-9868-57a2d4851a1d" relativeResultsDirectory="c2c44a11-5b12-4f22-8973-aff94f11b9d9">
    </UnitTestResult>
    <UnitTestResult executionId="06915c55-34d3-49cb-96fb-e0323f2c8458" testId="918987c2-bbe8-22f1-86ee-a7e68f0f851e" testName="GetDenominationInvalidTest" computerName="DVGEOBUILD013UK" duration="00:00:00.0132172" startTime="2016-07-28T11:02:38.2103206+01:00" endTime="2016-07-28T11:02:38.2283206+01:00" testType="13cdc9d9-ddb5-4fa4-a97d-d965ccfc6d4b" outcome="Passed" testListId="8c84fa94-04c1-424b-9868-57a2d4851a1d" relativeResultsDirectory="06915c55-34d3-49cb-96fb-e0323f2c8458">
    </UnitTestResult>
    <UnitTestResult executionId="0536b2d8-7451-41d0-ba3c-c8ae4fe1814f" testId="7bfa9a20-a3d1-a8db-7b6d-719ec6736d6b" testName="GetDenominationsTest" computerName="DVGEOBUILD013UK" duration="00:00:00.0079991" startTime="2016-07-28T11:02:38.2383206+01:00" endTime="2016-07-28T11:02:38.2513206+01:00" testType="13cdc9d9-ddb5-4fa4-a97d-d965ccfc6d4b" outcome="Passed" testListId="8c84fa94-04c1-424b-9868-57a2d4851a1d" relativeResultsDirectory="0536b2d8-7451-41d0-ba3c-c8ae4fe1814f">
    </UnitTestResult>
    <UnitTestResult executionId="49b1d126-9ccc-4425-ab41-1939edfd222e" testId="8cd0563b-93cd-6f46-fa41-3795d906b9d1" testName="GetEntitlementTest" computerName="DVGEOBUILD013UK" duration="00:00:00.0139870" startTime="2016-07-28T11:02:38.2603206+01:00" endTime="2016-07-28T11:02:38.2793206+01:00" testType="13cdc9d9-ddb5-4fa4-a97d-d965ccfc6d4b" outcome="Passed" testListId="8c84fa94-04c1-424b-9868-57a2d4851a1d" relativeResultsDirectory="49b1d126-9ccc-4425-ab41-1939edfd222e">
    </UnitTestResult>
    <UnitTestResult executionId="12aa3330-bfa9-4b98-903b-1022e4542eb2" testId="7649f395-aa12-5b26-6082-3d456c95f399" testName="GetEntitlementTestBusinessValidationTest" computerName="DVGEOBUILD013UK" duration="00:00:00.0094644" startTime="2016-07-28T11:02:38.2893206+01:00" endTime="2016-07-28T11:02:38.3033206+01:00" testType="13cdc9d9-ddb5-4fa4-a97d-d965ccfc6d4b" outcome="Passed" testListId="8c84fa94-04c1-424b-9868-57a2d4851a1d" relativeResultsDirectory="12aa3330-bfa9-4b98-903b-1022e4542eb2">
    </UnitTestResult>
    <UnitTestResult executionId="35a8a064-ca14-494c-885e-63224f100173" testId="17452b36-ca5f-2fc9-76e5-5438c07f1ee7" testName="GetLanguagesBaseExceptionTest" computerName="DVGEOBUILD013UK" duration="00:00:00.0143678" startTime="2016-07-28T11:02:38.3123206+01:00" endTime="2016-07-28T11:02:38.3323206+01:00" testType="13cdc9d9-ddb5-4fa4-a97d-d965ccfc6d4b" outcome="Passed" testListId="8c84fa94-04c1-424b-9868-57a2d4851a1d" relativeResultsDirectory="35a8a064-ca14-494c-885e-63224f100173">
    </UnitTestResult>
    <UnitTestResult executionId="aff760f4-3883-4437-8ec2-aaa1d4820405" testId="16c868f0-17e7-0d55-6edf-8857721f7029" testName="GetLanguagesValidTest" computerName="DVGEOBUILD013UK" duration="00:00:00.0095529" startTime="2016-07-28T11:02:38.3413206+01:00" endTime="2016-07-28T11:02:38.3553206+01:00" testType="13cdc9d9-ddb5-4fa4-a97d-d965ccfc6d4b" outcome="Passed" testListId="8c84fa94-04c1-424b-9868-57a2d4851a1d" relativeResultsDirectory="aff760f4-3883-4437-8ec2-aaa1d4820405">
    </UnitTestResult>
    <UnitTestResult executionId="30c22c3a-5a24-4281-8b0a-b4fafac62fb4" testId="f07d5c3e-89b4-bf43-3494-5d9f21e96bbe" testName="GetLanguagesWithCallContextNullExceptionTest" computerName="DVGEOBUILD013UK" duration="00:00:00.0089074" startTime="2016-07-28T11:02:38.3653206+01:00" endTime="2016-07-28T11:02:38.3793206+01:00" testType="13cdc9d9-ddb5-4fa4-a97d-d965ccfc6d4b" outcome="Passed" testListId="8c84fa94-04c1-424b-9868-57a2d4851a1d" relativeResultsDirectory="30c22c3a-5a24-4281-8b0a-b4fafac62fb4">
    </UnitTestResult>
    <UnitTestResult executionId="6ee9191a-553f-4922-857a-6c69a7cd6d79" testId="de9cd659-3511-7e6f-386c-e23d9297c1e5" testName="GetNotificationTemplateDetailsTest" computerName="DVGEOBUILD013UK" duration="00:00:00.0169709" startTime="2016-07-28T11:02:38.3883206+01:00" endTime="2016-07-28T11:02:38.4103206+01:00" testType="13cdc9d9-ddb5-4fa4-a97d-d965ccfc6d4b" outcome="Passed" testListId="8c84fa94-04c1-424b-9868-57a2d4851a1d" relativeResultsDirectory="6ee9191a-553f-4922-857a-6c69a7cd6d79">
    </UnitTestResult>
    <UnitTestResult executionId="f30cddf3-adf6-46ad-a573-ad37f9982211" testId="d60a0867-7f08-8f90-5840-861f739b957a" testName="GetProductVariantValidTest" computerName="DVGEOBUILD013UK" duration="00:00:00.0163532" startTime="2016-07-28T11:02:38.4203206+01:00" endTime="2016-07-28T11:02:38.4423206+01:00" testType="13cdc9d9-ddb5-4fa4-a97d-d965ccfc6d4b" outcome="Passed" testListId="8c84fa94-04c1-424b-9868-57a2d4851a1d" relativeResultsDirectory="f30cddf3-adf6-46ad-a573-ad37f9982211">
    </UnitTestResult>
    <UnitTestResult executionId="dd424837-fb4f-4e1b-bffe-534affcd73e9" testId="1b24bd01-6c2a-5ec5-2bdc-ec625d46f332" testName="GetRegionDetailsInValidTest" computerName="DVGEOBUILD013UK" duration="00:00:00.0152844" startTime="2016-07-28T11:02:38.4513206+01:00" endTime="2016-07-28T11:02:38.4723206+01:00" testType="13cdc9d9-ddb5-4fa4-a97d-d965ccfc6d4b" outcome="Passed" testListId="8c84fa94-04c1-424b-9868-57a2d4851a1d" relativeResultsDirectory="dd424837-fb4f-4e1b-bffe-534affcd73e9">
    </UnitTestResult>
    <UnitTestResult executionId="b488d4f8-baee-4a89-b1ad-b336ddeb25c7" testId="14cb32ab-4b3a-b0d9-c199-4bc019225ee7" testName="GetRegionDetailsTest" computerName="DVGEOBUILD013UK" duration="00:00:00.0090201" startTime="2016-07-28T11:02:38.4823206+01:00" endTime="2016-07-28T11:02:38.4963206+01:00" testType="13cdc9d9-ddb5-4fa4-a97d-d965ccfc6d4b" outcome="Passed" testListId="8c84fa94-04c1-424b-9868-57a2d4851a1d" relativeResultsDirectory="b488d4f8-baee-4a89-b1ad-b336ddeb25c7">
    </UnitTestResult>
    <UnitTestResult executionId="30f9d9e4-14c7-46a9-8349-dec5d1309f4a" testId="22ac27bc-681a-a975-2541-9897f5d967c0" testName="GetRegionHierarchyTest" computerName="DVGEOBUILD013UK" duration="00:00:00.0156250" startTime="2016-07-28T11:02:38.5053206+01:00" endTime="2016-07-28T11:02:38.5263206+01:00" testType="13cdc9d9-ddb5-4fa4-a97d-d965ccfc6d4b" outcome="Passed" testListId="8c84fa94-04c1-424b-9868-57a2d4851a1d" relativeResultsDirectory="30f9d9e4-14c7-46a9-8349-dec5d1309f4a">
    </UnitTestResult>
    <UnitTestResult executionId="d66db738-635e-4d5b-9027-05979a6f937b" testId="ba89b6f6-7b14-b41a-e761-fc2f3b98fa38" testName="GetRemindersByStyleIdTest" computerName="DVGEOBUILD013UK" duration="00:00:00.0188983" startTime="2016-07-28T11:02:38.5353206+01:00" endTime="2016-07-28T11:02:38.5593206+01:00" testType="13cdc9d9-ddb5-4fa4-a97d-d965ccfc6d4b" outcome="Passed" testListId="8c84fa94-04c1-424b-9868-57a2d4851a1d" relativeResultsDirectory="d66db738-635e-4d5b-9027-05979a6f937b">
    </UnitTestResult>
    <UnitTestResult executionId="767c6da5-7630-421a-8273-66352d9525a1" testId="4fdd2fc0-ed05-b6f8-6b44-dcea28f27763" testName="GetRemindersTest" computerName="DVGEOBUILD013UK" duration="00:00:00.0102266" startTime="2016-07-28T11:02:38.5683206+01:00" endTime="2016-07-28T11:02:38.5843206+01:00" testType="13cdc9d9-ddb5-4fa4-a97d-d965ccfc6d4b" outcome="Passed" testListId="8c84fa94-04c1-424b-9868-57a2d4851a1d" relativeResultsDirectory="767c6da5-7630-421a-8273-66352d9525a1">
    </UnitTestResult>
    <UnitTestResult executionId="d2d1c99a-80d4-4ec7-98ba-1cd9bb3a7063" testId="a0f7abb9-61d7-30cf-01a5-fd909ee73ccd" testName="GetRolesTest" computerName="DVGEOBUILD013UK" duration="00:00:00.0212381" startTime="2016-07-28T11:02:38.5933206+01:00" endTime="2016-07-28T11:02:38.6193206+01:00" testType="13cdc9d9-ddb5-4fa4-a97d-d965ccfc6d4b" outcome="Passed" testListId="8c84fa94-04c1-424b-9868-57a2d4851a1d" relativeResultsDirectory="d2d1c99a-80d4-4ec7-98ba-1cd9bb3a7063">
    </UnitTestResult>
    <UnitTestResult executionId="5f2a9b34-5359-4cea-8f2a-b84d14a1b092" testId="3c82bb9e-0e7f-9982-e2e6-fed0e912a637" testName="GetStandingDataArgumentEmptyExceptionTest" computerName="DVGEOBUILD013UK" duration="00:00:00.0138497" startTime="2016-07-28T11:02:38.6293206+01:00" endTime="2016-07-28T11:02:38.6483206+01:00" testType="13cdc9d9-ddb5-4fa4-a97d-d965ccfc6d4b" outcome="Passed" testListId="8c84fa94-04c1-424b-9868-57a2d4851a1d" relativeResultsDirectory="5f2a9b34-5359-4cea-8f2a-b84d14a1b092">
    </UnitTestResult>
    <UnitTestResult executionId="cfcca0c0-eae5-4fd0-9910-94e9307e8a19" testId="097bf186-30fe-2b39-171f-46c9833b6643" testName="GetStandingDataBaseExceptionTest" computerName="DVGEOBUILD013UK" duration="00:00:00.0112393" startTime="2016-07-28T11:02:38.6573206+01:00" endTime="2016-07-28T11:02:38.6743206+01:00" testType="13cdc9d9-ddb5-4fa4-a97d-d965ccfc6d4b" outcome="Passed" testListId="8c84fa94-04c1-424b-9868-57a2d4851a1d" relativeResultsDirectory="cfcca0c0-eae5-4fd0-9910-94e9307e8a19">
    </UnitTestResult>
    <UnitTestResult executionId="6bb52a5b-df62-4086-9f6e-84a207016b5e" testId="77891b94-e144-2d64-b364-05b7bb65d065" testName="GetStandingDataInValidTest" computerName="DVGEOBUILD013UK" duration="00:00:00.0085874" startTime="2016-07-28T11:02:38.6833206+01:00" endTime="2016-07-28T11:02:38.6973206+01:00" testType="13cdc9d9-ddb5-4fa4-a97d-d965ccfc6d4b" outcome="Passed" testListId="8c84fa94-04c1-424b-9868-57a2d4851a1d" relativeResultsDirectory="6bb52a5b-df62-4086-9f6e-84a207016b5e">
    </UnitTestResult>
    <UnitTestResult executionId="bfbff001-f8c5-46b6-aa7e-ee4dde22fccc" testId="772122b0-f2b6-21c4-1fa1-61338ad600b0" testName="GetStandingDataTypeBaseExceptionTest" computerName="DVGEOBUILD013UK" duration="00:00:00.0136325" startTime="2016-07-28T11:02:38.7063206+01:00" endTime="2016-07-28T11:02:38.7263206+01:00" testType="13cdc9d9-ddb5-4fa4-a97d-d965ccfc6d4b" outcome="Passed" testListId="8c84fa94-04c1-424b-9868-57a2d4851a1d" relativeResultsDirectory="bfbff001-f8c5-46b6-aa7e-ee4dde22fccc">
    </UnitTestResult>
    <UnitTestResult executionId="22167090-7639-42f7-b2f1-03ed155c8e08" testId="4bef76f2-7479-33a7-2598-9f85c02bf0f4" testName="GetStandingDataTypeValidTest" computerName="DVGEOBUILD013UK" duration="00:00:00.0088646" startTime="2016-07-28T11:02:38.7353206+01:00" endTime="2016-07-28T11:02:38.7493206+01:00" testType="13cdc9d9-ddb5-4fa4-a97d-d965ccfc6d4b" outcome="Passed" testListId="8c84fa94-04c1-424b-9868-57a2d4851a1d" relativeResultsDirectory="22167090-7639-42f7-b2f1-03ed155c8e08">
    </UnitTestResult>
    <UnitTestResult executionId="430e3007-f81c-45c8-af9a-195f52e09bbf" testId="77682fe2-7e04-b80c-2d0d-909478ed39c9" testName="GetStandingDataTypeWithCallContextNullExceptionTest" computerName="DVGEOBUILD013UK" duration="00:00:00.0086830" startTime="2016-07-28T11:02:38.7583206+01:00" endTime="2016-07-28T11:02:38.7723206+01:00" testType="13cdc9d9-ddb5-4fa4-a97d-d965ccfc6d4b" outcome="Passed" testListId="8c84fa94-04c1-424b-9868-57a2d4851a1d" relativeResultsDirectory="430e3007-f81c-45c8-af9a-195f52e09bbf">
    </UnitTestResult>
    <UnitTestResult executionId="7a616c75-ba0f-476f-a742-0f1045fcfbef" testId="dac0e0a1-fe86-0534-413b-5a412d6b127b" testName="GetStandingDataValidTest" computerName="DVGEOBUILD013UK" duration="00:00:00.0098837" startTime="2016-07-28T11:02:38.7803206+01:00" endTime="2016-07-28T11:02:38.7953206+01:00" testType="13cdc9d9-ddb5-4fa4-a97d-d965ccfc6d4b" outcome="Passed" testListId="8c84fa94-04c1-424b-9868-57a2d4851a1d" relativeResultsDirectory="7a616c75-ba0f-476f-a742-0f1045fcfbef">
    </UnitTestResult>
    <UnitTestResult executionId="d5615b3d-9622-41d0-a690-15cc756fd5c3" testId="846ea746-828b-c0b0-59a4-6cea1f666f32" testName="GetStandingDataValueArgumentEmptyExceptionTest" computerName="DVGEOBUILD013UK" duration="00:00:00.0125114" startTime="2016-07-28T11:02:38.8033206+01:00" endTime="2016-07-28T11:02:38.8213206+01:00" testType="13cdc9d9-ddb5-4fa4-a97d-d965ccfc6d4b" outcome="Passed" testListId="8c84fa94-04c1-424b-9868-57a2d4851a1d" relativeResultsDirectory="d5615b3d-9622-41d0-a690-15cc756fd5c3">
    </UnitTestResult>
    <UnitTestResult executionId="ccb55a4f-ba38-4b44-a18f-d326944a7cbe" testId="f4a900c7-d47a-7aab-d35e-6d9868b75a28" testName="GetStandingDataValueBaseExceptionTest" computerName="DVGEOBUILD013UK" duration="00:00:00.0109081" startTime="2016-07-28T11:02:38.8313206+01:00" endTime="2016-07-28T11:02:38.8473206+01:00" testType="13cdc9d9-ddb5-4fa4-a97d-d965ccfc6d4b" outcome="Passed" testListId="8c84fa94-04c1-424b-9868-57a2d4851a1d" relativeResultsDirectory="ccb55a4f-ba38-4b44-a18f-d326944a7cbe">
    </UnitTestResult>
    <UnitTestResult executionId="67964292-9c93-4f80-bf93-98d4cf820e29" testId="d16f2316-f8b0-2ff2-ca63-19da1a26520b" testName="GetStandingDataValueDetailsInvalidTest" computerName="DVGEOBUILD013UK" duration="00:00:00.0113428" startTime="2016-07-28T11:02:38.8563206+01:00" endTime="2016-07-28T11:02:38.8733206+01:00" testType="13cdc9d9-ddb5-4fa4-a97d-d965ccfc6d4b" outcome="Passed" testListId="8c84fa94-04c1-424b-9868-57a2d4851a1d" relativeResultsDirectory="67964292-9c93-4f80-bf93-98d4cf820e29">
    </UnitTestResult>
    <UnitTestResult executionId="5cc4fcff-d21d-4678-a860-b6a469caa677" testId="96db3675-fd66-e53a-70f4-4e65470117c4" testName="GetStandingDataValueDetailsTest" computerName="DVGEOBUILD013UK" duration="00:00:00.0090478" startTime="2016-07-28T11:02:38.8813206+01:00" endTime="2016-07-28T11:02:38.8963206+01:00" testType="13cdc9d9-ddb5-4fa4-a97d-d965ccfc6d4b" outcome="Passed" testListId="8c84fa94-04c1-424b-9868-57a2d4851a1d" relativeResultsDirectory="5cc4fcff-d21d-4678-a860-b6a469caa677">
    </UnitTestResult>
    <UnitTestResult executionId="8006fef9-fb19-432e-8b57-414985106de8" testId="1d4fb90e-78fb-0c6b-8b9d-69a2d137630d" testName="GetStandingDataValueInValidTest" computerName="DVGEOBUILD013UK" duration="00:00:00.0082833" startTime="2016-07-28T11:02:38.9043206+01:00" endTime="2016-07-28T11:02:38.9183206+01:00" testType="13cdc9d9-ddb5-4fa4-a97d-d965ccfc6d4b" outcome="Passed" testListId="8c84fa94-04c1-424b-9868-57a2d4851a1d" relativeResultsDirectory="8006fef9-fb19-432e-8b57-414985106de8">
    </UnitTestResult>
    <UnitTestResult executionId="440f95ec-6414-48a5-a692-07ffe828cd93" testId="e0b1d61c-b5d3-161f-836e-166c0793ad9c" testName="GetStandingDataValueValidTest" computerName="DVGEOBUILD013UK" duration="00:00:00.0086942" startTime="2016-07-28T11:02:38.9273206+01:00" endTime="2016-07-28T11:02:38.9413206+01:00" testType="13cdc9d9-ddb5-4fa4-a97d-d965ccfc6d4b" outcome="Passed" testListId="8c84fa94-04c1-424b-9868-57a2d4851a1d" relativeResultsDirectory="440f95ec-6414-48a5-a692-07ffe828cd93">
    </UnitTestResult>
    <UnitTestResult executionId="328d4fac-1fcd-44be-8593-b330c416f17b" testId="6e6b0b3d-71a5-04f8-674f-4968e69ec1fa" testName="GetStandingDataValueWithArgumentNullExceptionTest" computerName="DVGEOBUILD013UK" duration="00:00:00.0099517" startTime="2016-07-28T11:02:38.9503206+01:00" endTime="2016-07-28T11:02:38.9663206+01:00" testType="13cdc9d9-ddb5-4fa4-a97d-d965ccfc6d4b" outcome="Passed" testListId="8c84fa94-04c1-424b-9868-57a2d4851a1d" relativeResultsDirectory="328d4fac-1fcd-44be-8593-b330c416f17b">
    </UnitTestResult>
    <UnitTestResult executionId="b242bf54-17b2-445f-8ce7-acb18309c175" testId="354c3612-c693-edd3-99e6-fc93d7bbdac1" testName="GetStandingDataValueWithCallContextNullExceptionTest" computerName="DVGEOBUILD013UK" duration="00:00:00.0093330" startTime="2016-07-28T11:02:38.9763206+01:00" endTime="2016-07-28T11:02:38.9913206+01:00" testType="13cdc9d9-ddb5-4fa4-a97d-d965ccfc6d4b" outcome="Passed" testListId="8c84fa94-04c1-424b-9868-57a2d4851a1d" relativeResultsDirectory="b242bf54-17b2-445f-8ce7-acb18309c175">
    </UnitTestResult>
    <UnitTestResult executionId="c53591fa-b2b2-42e3-b0ef-2c9c45151fee" testId="1ff15fb4-9444-0c71-b915-63f54737e08c" testName="GetStandingDataWithArgumentNullExceptionTest" computerName="DVGEOBUILD013UK" duration="00:00:00.0099917" startTime="2016-07-28T11:02:39.0003206+01:00" endTime="2016-07-28T11:02:39.0153206+01:00" testType="13cdc9d9-ddb5-4fa4-a97d-d965ccfc6d4b" outcome="Passed" testListId="8c84fa94-04c1-424b-9868-57a2d4851a1d" relativeResultsDirectory="c53591fa-b2b2-42e3-b0ef-2c9c45151fee">
    </UnitTestResult>
    <UnitTestResult executionId="78b5c824-826a-4d3d-bdbd-9039e7f9b6e2" testId="4068bd5e-cc45-f9d5-46d7-042c35b4fde3" testName="GetStandingDataWithCallContextNullExceptionTest" computerName="DVGEOBUILD013UK" duration="00:00:00.0091007" startTime="2016-07-28T11:02:39.0243206+01:00" endTime="2016-07-28T11:02:39.0383206+01:00" testType="13cdc9d9-ddb5-4fa4-a97d-d965ccfc6d4b" outcome="Passed" testListId="8c84fa94-04c1-424b-9868-57a2d4851a1d" relativeResultsDirectory="78b5c824-826a-4d3d-bdbd-9039e7f9b6e2">
    </UnitTestResult>
    <UnitTestResult executionId="c1cb40f3-e943-410e-a3d9-52b8eeb2cbb8" testId="9733b250-a20c-da11-9878-fbcb5a5d31a9" testName="GetUserBusinessValidationException" computerName="DVGEOBUILD013UK" duration="00:00:00.0151325" startTime="2016-07-28T11:02:39.0483206+01:00" endTime="2016-07-28T11:02:39.0693206+01:00" testType="13cdc9d9-ddb5-4fa4-a97d-d965ccfc6d4b" outcome="Passed" testListId="8c84fa94-04c1-424b-9868-57a2d4851a1d" relativeResultsDirectory="c1cb40f3-e943-410e-a3d9-52b8eeb2cbb8">
    </UnitTestResult>
    <UnitTestResult executionId="f90aa0a2-bd2f-4e18-a486-f4f134240637" testId="8ad2df73-f1b4-b09d-8d30-df52decc336c" testName="GetUserTest" computerName="DVGEOBUILD013UK" duration="00:00:00.0099340" startTime="2016-07-28T11:02:39.0783206+01:00" endTime="2016-07-28T11:02:39.0933206+01:00" testType="13cdc9d9-ddb5-4fa4-a97d-d965ccfc6d4b" outcome="Passed" testListId="8c84fa94-04c1-424b-9868-57a2d4851a1d" relativeResultsDirectory="f90aa0a2-bd2f-4e18-a486-f4f134240637">
    </UnitTestResult>
    <UnitTestResult executionId="58d929b3-5938-4e12-83af-7db2a7d37a6a" testId="beb62a84-ef1d-a2bf-fd1b-34fd3b7d356c" testName="GetVariantsExceptionTest" computerName="DVGEOBUILD013UK" duration="00:00:00.0117747" startTime="2016-07-28T11:02:39.1023206+01:00" endTime="2016-07-28T11:02:39.1193206+01:00" testType="13cdc9d9-ddb5-4fa4-a97d-d965ccfc6d4b" outcome="Passed" testListId="8c84fa94-04c1-424b-9868-57a2d4851a1d" relativeResultsDirectory="58d929b3-5938-4e12-83af-7db2a7d37a6a">
    </UnitTestResult>
    <UnitTestResult executionId="1fa37742-cb03-47c9-b174-7ff30137c918" testId="219298fe-68f4-2010-57ea-ffef129cbb9a" testName="GetVariantsNullExceptionTest" computerName="DVGEOBUILD013UK" duration="00:00:00.0082288" startTime="2016-07-28T11:02:39.1283206+01:00" endTime="2016-07-28T11:02:39.1423206+01:00" testType="13cdc9d9-ddb5-4fa4-a97d-d965ccfc6d4b" outcome="Passed" testListId="8c84fa94-04c1-424b-9868-57a2d4851a1d" relativeResultsDirectory="1fa37742-cb03-47c9-b174-7ff30137c918">
    </UnitTestResult>
    <UnitTestResult executionId="988ecd46-e83a-459d-b11b-d8815329de97" testId="c87c9eaa-83bc-f98c-45fb-0b3780a94194" testName="GetVariantsValidTest" computerName="DVGEOBUILD013UK" duration="00:00:00.0074185" startTime="2016-07-28T11:02:39.1513206+01:00" endTime="2016-07-28T11:02:39.1643206+01:00" testType="13cdc9d9-ddb5-4fa4-a97d-d965ccfc6d4b" outcome="Passed" testListId="8c84fa94-04c1-424b-9868-57a2d4851a1d" relativeResultsDirectory="988ecd46-e83a-459d-b11b-d8815329de97">
    </UnitTestResult>
    <UnitTestResult executionId="ad1bf05a-1757-47d3-b922-181fc886c4de" testId="3f57a210-2c20-5f5a-1893-aac742c4cb9d" testName="SaveEntitlementTest" computerName="DVGEOBUILD013UK" duration="00:00:00.0108855" startTime="2016-07-28T11:02:39.1733206+01:00" endTime="2016-07-28T11:02:39.1893206+01:00" testType="13cdc9d9-ddb5-4fa4-a97d-d965ccfc6d4b" outcome="Passed" testListId="8c84fa94-04c1-424b-9868-57a2d4851a1d" relativeResultsDirectory="ad1bf05a-1757-47d3-b922-181fc886c4de">
    </UnitTestResult>
    <UnitTestResult executionId="ae3d2294-2a15-4936-9342-0be7103119bc" testId="63b05f62-ade9-b8dd-7bf9-6ef490ee9db0" testName="SaveEntitlementTestForBusinessValidation" computerName="DVGEOBUILD013UK" duration="00:00:00.0106450" startTime="2016-07-28T11:02:39.1993206+01:00" endTime="2016-07-28T11:02:39.2153206+01:00" testType="13cdc9d9-ddb5-4fa4-a97d-d965ccfc6d4b" outcome="Passed" testListId="8c84fa94-04c1-424b-9868-57a2d4851a1d" relativeResultsDirectory="ae3d2294-2a15-4936-9342-0be7103119bc">
    </UnitTestResult>
    <UnitTestResult executionId="2cf7ee2c-328c-429a-9997-64692ba537f4" testId="96c12807-605f-abf0-a0a9-50c6e8318c1e" testName="SaveVariantTypeBusinessExceptionTest" computerName="DVGEOBUILD013UK" duration="00:00:00.0132770" startTime="2016-07-28T11:02:39.2253206+01:00" endTime="2016-07-28T11:02:39.2433206+01:00" testType="13cdc9d9-ddb5-4fa4-a97d-d965ccfc6d4b" outcome="Passed" testListId="8c84fa94-04c1-424b-9868-57a2d4851a1d" relativeResultsDirectory="2cf7ee2c-328c-429a-9997-64692ba537f4">
    </UnitTestResult>
    <UnitTestResult executionId="b1ef6f6f-601e-478f-b075-352ff5a8b700" testId="a95f9d3f-1d6a-b958-b0cf-6369ba9cf960" testName="SaveVariantTypeExceptionTest" computerName="DVGEOBUILD013UK" duration="00:00:00.0108738" startTime="2016-07-28T11:02:39.2533206+01:00" endTime="2016-07-28T11:02:39.2703206+01:00" testType="13cdc9d9-ddb5-4fa4-a97d-d965ccfc6d4b" outcome="Passed" testListId="8c84fa94-04c1-424b-9868-57a2d4851a1d" relativeResultsDirectory="b1ef6f6f-601e-478f-b075-352ff5a8b700">
    </UnitTestResult>
    <UnitTestResult executionId="845547c6-d31e-463f-b84f-39bd9df70deb" testId="fe09175e-a2a3-b5fb-e464-f507d428d228" testName="SaveVariantTypeValidTest" computerName="DVGEOBUILD013UK" duration="00:00:00.0094368" startTime="2016-07-28T11:02:39.2803206+01:00" endTime="2016-07-28T11:02:39.2943206+01:00" testType="13cdc9d9-ddb5-4fa4-a97d-d965ccfc6d4b" outcome="Passed" testListId="8c84fa94-04c1-424b-9868-57a2d4851a1d" relativeResultsDirectory="845547c6-d31e-463f-b84f-39bd9df70deb">
    </UnitTestResult>
    <UnitTestResult executionId="cfbcc31c-aa00-4455-9c63-2e19d508915c" testId="f91de834-12e8-aab3-64f9-316a03000655" testName="SaveVariantValuesBusinessExceptionTest" computerName="DVGEOBUILD013UK" duration="00:00:00.0156665" startTime="2016-07-28T11:02:39.3043206+01:00" endTime="2016-07-28T11:02:39.3253206+01:00" testType="13cdc9d9-ddb5-4fa4-a97d-d965ccfc6d4b" outcome="Passed" testListId="8c84fa94-04c1-424b-9868-57a2d4851a1d" relativeResultsDirectory="cfbcc31c-aa00-4455-9c63-2e19d508915c">
    </UnitTestResult>
    <UnitTestResult executionId="e53eeed4-f926-4997-9a5a-28a63be63f5d" testId="b1a9ecfb-cfbb-5b4f-d589-a50b9f51e1a8" testName="SaveVariantValuesValidTest" computerName="DVGEOBUILD013UK" duration="00:00:00.0115466" startTime="2016-07-28T11:02:39.3353206+01:00" endTime="2016-07-28T11:02:39.3533206+01:00" testType="13cdc9d9-ddb5-4fa4-a97d-d965ccfc6d4b" outcome="Passed" testListId="8c84fa94-04c1-424b-9868-57a2d4851a1d" relativeResultsDirectory="e53eeed4-f926-4997-9a5a-28a63be63f5d">
    </UnitTestResult>
    <UnitTestResult executionId="785ee472-05f4-4439-bbfc-bc987e72595f" testId="7cc20874-b023-825c-8262-162fddef25cd" testName="SearchContentGroupTest" computerName="DVGEOBUILD013UK" duration="00:00:00.0166628" startTime="2016-07-28T11:02:39.3633206+01:00" endTime="2016-07-28T11:02:39.3853206+01:00" testType="13cdc9d9-ddb5-4fa4-a97d-d965ccfc6d4b" outcome="Passed" testListId="8c84fa94-04c1-424b-9868-57a2d4851a1d" relativeResultsDirectory="785ee472-05f4-4439-bbfc-bc987e72595f">
    </UnitTestResult>
    <UnitTestResult executionId="a970127e-4a0a-4092-bf39-9ddb2cb5420a" testId="ca300c55-12d3-bfc9-77cf-3094c63d901b" testName="SearchUserBusinessValidationException" computerName="DVGEOBUILD013UK" duration="00:00:00.0176868" startTime="2016-07-28T11:02:39.3953206+01:00" endTime="2016-07-28T11:02:39.4183206+01:00" testType="13cdc9d9-ddb5-4fa4-a97d-d965ccfc6d4b" outcome="Passed" testListId="8c84fa94-04c1-424b-9868-57a2d4851a1d" relativeResultsDirectory="a970127e-4a0a-4092-bf39-9ddb2cb5420a">
    </UnitTestResult>
    <UnitTestResult executionId="c6eeea45-9a87-4991-9030-9d5907515bf4" testId="cf90ab8f-c818-db82-3c44-ff8ce04f200f" testName="SearchUserTest" computerName="DVGEOBUILD013UK" duration="00:00:00.0137658" startTime="2016-07-28T11:02:39.4283206+01:00" endTime="2016-07-28T11:02:39.4473206+01:00" testType="13cdc9d9-ddb5-4fa4-a97d-d965ccfc6d4b" outcome="Passed" testListId="8c84fa94-04c1-424b-9868-57a2d4851a1d" relativeResultsDirectory="c6eeea45-9a87-4991-9030-9d5907515bf4">
    </UnitTestResult>
    <UnitTestResult executionId="0ff3047d-7814-46b8-a825-672eeb896b74" testId="3c77227a-ee2e-5a8f-c76c-181206f4a6af" testName="ThrowArgumentNullExceptionIfFeedGenerationRequestIsNull" computerName="DVGEOBUILD013UK" duration="00:00:00.0100579" startTime="2016-07-28T11:02:39.4563206+01:00" endTime="2016-07-28T11:02:39.4723206+01:00" testType="13cdc9d9-ddb5-4fa4-a97d-d965ccfc6d4b" outcome="Passed" testListId="8c84fa94-04c1-424b-9868-57a2d4851a1d" relativeResultsDirectory="0ff3047d-7814-46b8-a825-672eeb896b74">
    </UnitTestResult>
    <UnitTestResult executionId="022852f8-e721-4402-9770-be31ca01ca38" testId="9f26dde3-d1e7-9a44-00f8-1af5570ebe20" testName="UpdateNotificationTemplateDetailTest" computerName="DVGEOBUILD013UK" duration="00:00:00.0112866" startTime="2016-07-28T11:02:39.4813206+01:00" endTime="2016-07-28T11:02:39.4973206+01:00" testType="13cdc9d9-ddb5-4fa4-a97d-d965ccfc6d4b" outcome="Passed" testListId="8c84fa94-04c1-424b-9868-57a2d4851a1d" relativeResultsDirectory="022852f8-e721-4402-9770-be31ca01ca38">
    </UnitTestResult>
    <UnitTestResult executionId="cc3e43c1-5490-4aa3-8e8a-4a5b48de67f3" testId="8569f969-9709-f510-a473-7287cbce516e" testName="UpdateReminderDetailTest" computerName="DVGEOBUILD013UK" duration="00:00:00.0109881" startTime="2016-07-28T11:02:39.5063206+01:00" endTime="2016-07-28T11:02:39.5233206+01:00" testType="13cdc9d9-ddb5-4fa4-a97d-d965ccfc6d4b" outcome="Passed" testListId="8c84fa94-04c1-424b-9868-57a2d4851a1d" relativeResultsDirectory="cc3e43c1-5490-4aa3-8e8a-4a5b48de67f3">
    </UnitTestResult>
    <UnitTestResult executionId="7355eac6-d608-49b6-bbc1-7016b55e1a88" testId="90c0a767-000a-2fc2-0e73-8367939b57da" testName="UpdateUserBusinessValidationTest" computerName="DVGEOBUILD013UK" duration="00:00:00.0164091" startTime="2016-07-28T11:02:39.5323206+01:00" endTime="2016-07-28T11:02:39.5543206+01:00" testType="13cdc9d9-ddb5-4fa4-a97d-d965ccfc6d4b" outcome="Passed" testListId="8c84fa94-04c1-424b-9868-57a2d4851a1d" relativeResultsDirectory="7355eac6-d608-49b6-bbc1-7016b55e1a88">
    </UnitTestResult>
    <UnitTestResult executionId="a053f799-9ee4-408f-ae35-45f67ea79217" testId="a9c629cd-107f-f26e-5738-5f623456e801" testName="UpdateUserTest" computerName="DVGEOBUILD013UK" duration="00:00:00.0088555" startTime="2016-07-28T11:02:39.5633206+01:00" endTime="2016-07-28T11:02:39.5773206+01:00" testType="13cdc9d9-ddb5-4fa4-a97d-d965ccfc6d4b" outcome="Passed" testListId="8c84fa94-04c1-424b-9868-57a2d4851a1d" relativeResultsDirectory="a053f799-9ee4-408f-ae35-45f67ea79217">
    </UnitTestResult>
    <UnitTestResult executionId="22fb40e1-e0fa-4791-ac46-87d74f0c5a86" testId="9a2e6db0-acbf-c877-7524-0e84c78719a3" testName="CreateContentGroupDocumentValidTest" computerName="DVGEOBUILD013UK" duration="00:00:04.8308737" startTime="2016-07-28T11:02:39.5863206+01:00" endTime="2016-07-28T11:02:44.4233206+01:00" testType="13cdc9d9-ddb5-4fa4-a97d-d965ccfc6d4b" outcome="Failed" testListId="8c84fa94-04c1-424b-9868-57a2d4851a1d" relativeResultsDirectory="22fb40e1-e0fa-4791-ac46-87d74f0c5a86">
      <Output>
        <ErrorInfo>
          <Message>Assert.Fail failed. An error occurred while updating the entries. See the inner exception for details.</Message>
          <StackTrace>   at Tesco.Com.Rewards.Services.RBS.UnitTest.RBSRepositoryTest.CreateContentGroupDocumentValidTest() in d:\JenkinsSlave\workspace\Rewards\R_RBS\UnitTest\RBSRepositoryTest.cs:line 1088
</StackTrace>
        </ErrorInfo>
      </Output>
    </UnitTestResult>
    <UnitTestResult executionId="a00cfaf0-7d0f-47e8-8987-cd0b1bf6188b" testId="e3a280e5-b50f-c39b-9533-286708fb1de1" testName="CreateContentGroupForContentValidTest" computerName="DVGEOBUILD013UK" duration="00:00:00.1280003" startTime="2016-07-28T11:02:44.4333206+01:00" endTime="2016-07-28T11:02:44.5683206+01:00" testType="13cdc9d9-ddb5-4fa4-a97d-d965ccfc6d4b" outcome="Passed" testListId="8c84fa94-04c1-424b-9868-57a2d4851a1d" relativeResultsDirectory="a00cfaf0-7d0f-47e8-8987-cd0b1bf6188b">
    </UnitTestResult>
    <UnitTestResult executionId="f6f24e12-2948-40c0-9a5d-75d15691d459" testId="f6389799-0f4c-2597-db6f-e74f868584bf" testName="CreateContentGroupValidTest" computerName="DVGEOBUILD013UK" duration="00:00:00.2300279" startTime="2016-07-28T11:02:44.5773206+01:00" endTime="2016-07-28T11:02:44.8133206+01:00" testType="13cdc9d9-ddb5-4fa4-a97d-d965ccfc6d4b" outcome="Passed" testListId="8c84fa94-04c1-424b-9868-57a2d4851a1d" relativeResultsDirectory="f6f24e12-2948-40c0-9a5d-75d15691d459">
    </UnitTestResult>
    <UnitTestResult executionId="9966fc7d-7fc6-407f-a807-7b15fbe58535" testId="26f4c849-a2f2-9bef-4bec-2212344ff75a" testName="CreateNotificationTemplateDBExceptionTest" computerName="DVGEOBUILD013UK" duration="00:00:00.0737027" startTime="2016-07-28T11:02:44.8233206+01:00" endTime="2016-07-28T11:02:44.9023206+01:00" testType="13cdc9d9-ddb5-4fa4-a97d-d965ccfc6d4b" outcome="Passed" testListId="8c84fa94-04c1-424b-9868-57a2d4851a1d" relativeResultsDirectory="9966fc7d-7fc6-407f-a807-7b15fbe58535">
    </UnitTestResult>
    <UnitTestResult executionId="b7015a52-e08c-4962-9ed3-1cbeedd1d08d" testId="b9ad1a32-4fe5-510a-d2b2-5f6d3b5e4775" testName="CreateNotificationTemplateDuplicateNameTest" computerName="DVGEOBUILD013UK" duration="00:00:00.0315042" startTime="2016-07-28T11:02:44.9123206+01:00" endTime="2016-07-28T11:02:44.9493206+01:00" testType="13cdc9d9-ddb5-4fa4-a97d-d965ccfc6d4b" outcome="Passed" testListId="8c84fa94-04c1-424b-9868-57a2d4851a1d" relativeResultsDirectory="b7015a52-e08c-4962-9ed3-1cbeedd1d08d">
    </UnitTestResult>
    <UnitTestResult executionId="4cade2e1-3c16-4a5c-891c-c93d8b6f22bf" testId="4e96e227-5ad0-80d9-5eef-90374a7c2a42" testName="CreateNotificationTemplateTest" computerName="DVGEOBUILD013UK" duration="00:00:00.0446392" startTime="2016-07-28T11:02:44.9593206+01:00" endTime="2016-07-28T11:02:45.0093206+01:00" testType="13cdc9d9-ddb5-4fa4-a97d-d965ccfc6d4b" outcome="Passed" testListId="8c84fa94-04c1-424b-9868-57a2d4851a1d" relativeResultsDirectory="4cade2e1-3c16-4a5c-891c-c93d8b6f22bf">
    </UnitTestResult>
    <UnitTestResult executionId="e6dee499-4a7e-47ed-a377-6f8ba911ccc3" testId="43ecbcb0-8cb9-3fbd-fa65-0a7f501da426" testName="CreateReminderDetailTest" computerName="DVGEOBUILD013UK" duration="00:00:00.0498640" startTime="2016-07-28T11:02:45.0193206+01:00" endTime="2016-07-28T11:02:45.0743206+01:00" testType="13cdc9d9-ddb5-4fa4-a97d-d965ccfc6d4b" outcome="Passed" testListId="8c84fa94-04c1-424b-9868-57a2d4851a1d" relativeResultsDirectory="e6dee499-4a7e-47ed-a377-6f8ba911ccc3">
    </UnitTestResult>
    <UnitTestResult executionId="283e9fd9-5e26-42a0-9428-595195143e59" testId="67bb9407-1ebd-eab6-5b48-6c2f9fc01b58" testName="CreateRolesTest" computerName="DVGEOBUILD013UK" duration="00:00:00.1963132" startTime="2016-07-28T11:02:45.0843206+01:00" endTime="2016-07-28T11:02:45.2873206+01:00" testType="13cdc9d9-ddb5-4fa4-a97d-d965ccfc6d4b" outcome="Passed" testListId="8c84fa94-04c1-424b-9868-57a2d4851a1d" relativeResultsDirectory="283e9fd9-5e26-42a0-9428-595195143e59">
    </UnitTestResult>
    <UnitTestResult executionId="3d764bed-c7a9-4e33-afd6-fe089ada95e0" testId="f4da7313-3faa-e1a1-d7c3-b44851c4fa3c" testName="CreateUpdateConfigItem" computerName="DVGEOBUILD013UK" duration="00:00:00.0279256" startTime="2016-07-28T11:02:45.2973206+01:00" endTime="2016-07-28T11:02:45.3313206+01:00" testType="13cdc9d9-ddb5-4fa4-a97d-d965ccfc6d4b" outcome="Passed" testListId="8c84fa94-04c1-424b-9868-57a2d4851a1d" relativeResultsDirectory="3d764bed-c7a9-4e33-afd6-fe089ada95e0">
    </UnitTestResult>
    <UnitTestResult executionId="503dd9c4-e8de-461a-b008-b7edde4fe7e6" testId="570a61aa-151f-8301-134e-f1c019023510" testName="CreateUpdateRegionDetailsValidTest" computerName="DVGEOBUILD013UK" duration="00:00:00.1245171" startTime="2016-07-28T11:02:45.3413206+01:00" endTime="2016-07-28T11:02:45.4713206+01:00" testType="13cdc9d9-ddb5-4fa4-a97d-d965ccfc6d4b" outcome="Passed" testListId="8c84fa94-04c1-424b-9868-57a2d4851a1d" relativeResultsDirectory="503dd9c4-e8de-461a-b008-b7edde4fe7e6">
    </UnitTestResult>
    <UnitTestResult executionId="da9155e0-c07c-49ba-bfd4-f110d5eae2fb" testId="74902e82-4569-04b2-df61-a3dd5e15b2aa" testName="CreateUserTest" computerName="DVGEOBUILD013UK" duration="00:00:00.0909650" startTime="2016-07-28T11:02:45.4813206+01:00" endTime="2016-07-28T11:02:45.5773206+01:00" testType="13cdc9d9-ddb5-4fa4-a97d-d965ccfc6d4b" outcome="Passed" testListId="8c84fa94-04c1-424b-9868-57a2d4851a1d" relativeResultsDirectory="da9155e0-c07c-49ba-bfd4-f110d5eae2fb">
    </UnitTestResult>
    <UnitTestResult executionId="254c1c4a-3091-47a9-8cdc-c2d3d3fc8601" testId="d01ef75b-7d94-3249-acde-e422bb6db3e3" testName="GetAllContentGroupDetailValidTest" computerName="DVGEOBUILD013UK" duration="00:00:00.1532529" startTime="2016-07-28T11:02:45.5863206+01:00" endTime="2016-07-28T11:02:45.7453206+01:00" testType="13cdc9d9-ddb5-4fa4-a97d-d965ccfc6d4b" outcome="Failed" testListId="8c84fa94-04c1-424b-9868-57a2d4851a1d" relativeResultsDirectory="254c1c4a-3091-47a9-8cdc-c2d3d3fc8601">
      <Output>
        <ErrorInfo>
          <Message>Assert.Fail failed. Object reference not set to an instance of an object.</Message>
          <StackTrace>   at Tesco.Com.Rewards.Services.RBS.UnitTest.RBSRepositoryTest.GetAllContentGroupDetailValidTest() in d:\JenkinsSlave\workspace\Rewards\R_RBS\UnitTest\RBSRepositoryTest.cs:line 751
</StackTrace>
        </ErrorInfo>
      </Output>
    </UnitTestResult>
    <UnitTestResult executionId="a778b787-8e6a-419b-a45f-7549dcb1832d" testId="8b316335-53d8-7e3b-c332-6bdc0c3ca890" testName="GetAllRegionsValidTest" computerName="DVGEOBUILD013UK" duration="00:00:00.0739373" startTime="2016-07-28T11:02:45.7543206+01:00" endTime="2016-07-28T11:02:45.8343206+01:00" testType="13cdc9d9-ddb5-4fa4-a97d-d965ccfc6d4b" outcome="Passed" testListId="8c84fa94-04c1-424b-9868-57a2d4851a1d" relativeResultsDirectory="a778b787-8e6a-419b-a45f-7549dcb1832d">
    </UnitTestResult>
    <UnitTestResult executionId="6498af5d-a738-4e81-b13e-667f257b59a3" testId="ec282ad7-663f-2e43-1083-5f801d0bdd72" testName="GetApplicationsTest" computerName="DVGEOBUILD013UK" duration="00:00:00.0590649" startTime="2016-07-28T11:02:45.8443206+01:00" endTime="2016-07-28T11:02:45.9093206+01:00" testType="13cdc9d9-ddb5-4fa4-a97d-d965ccfc6d4b" outcome="Passed" testListId="8c84fa94-04c1-424b-9868-57a2d4851a1d" relativeResultsDirectory="6498af5d-a738-4e81-b13e-667f257b59a3">
    </UnitTestResult>
    <UnitTestResult executionId="2c3d8341-d0cf-4bfb-a7bb-fa65ee742d1b" testId="03257761-8964-1833-7045-7606058fc3ad" testName="GetConfigItem" computerName="DVGEOBUILD013UK" duration="00:00:00.0560863" startTime="2016-07-28T11:02:45.9193206+01:00" endTime="2016-07-28T11:02:45.9803206+01:00" testType="13cdc9d9-ddb5-4fa4-a97d-d965ccfc6d4b" outcome="Passed" testListId="8c84fa94-04c1-424b-9868-57a2d4851a1d" relativeResultsDirectory="2c3d8341-d0cf-4bfb-a7bb-fa65ee742d1b">
    </UnitTestResult>
    <UnitTestResult executionId="807cddd0-d6b7-484f-9277-2f9fe2906737" testId="08e2153b-b626-7394-c5a1-0abde608d7fb" testName="GetContentGroupContentValidTest" computerName="DVGEOBUILD013UK" duration="00:00:00.0949382" startTime="2016-07-28T11:02:45.9903206+01:00" endTime="2016-07-28T11:02:46.0903206+01:00" testType="13cdc9d9-ddb5-4fa4-a97d-d965ccfc6d4b" outcome="Failed" testListId="8c84fa94-04c1-424b-9868-57a2d4851a1d" relativeResultsDirectory="807cddd0-d6b7-484f-9277-2f9fe2906737">
      <Output>
        <ErrorInfo>
          <Message>Assert.Fail failed. Object reference not set to an instance of an object.</Message>
          <StackTrace>   at Tesco.Com.Rewards.Services.RBS.UnitTest.RBSRepositoryTest.GetContentGroupContentValidTest() in d:\JenkinsSlave\workspace\Rewards\R_RBS\UnitTest\RBSRepositoryTest.cs:line 775
</StackTrace>
        </ErrorInfo>
      </Output>
    </UnitTestResult>
    <UnitTestResult executionId="766ecbff-fc74-4ba4-bca0-e31d3af50e18" testId="70876ca6-7fca-f1aa-6f39-d4c9368d6bbb" testName="GetContentGroupDetailWithoutIdTest" computerName="DVGEOBUILD013UK" duration="00:00:00.0559002" startTime="2016-07-28T11:02:46.1003206+01:00" endTime="2016-07-28T11:02:46.1623206+01:00" testType="13cdc9d9-ddb5-4fa4-a97d-d965ccfc6d4b" outcome="Passed" testListId="8c84fa94-04c1-424b-9868-57a2d4851a1d" relativeResultsDirectory="766ecbff-fc74-4ba4-bca0-e31d3af50e18">
    </UnitTestResult>
    <UnitTestResult executionId="3eadbb9b-e1e3-4a53-89a7-cc144dad5f73" testId="a77a19db-9bf1-d5d6-28fe-95a7e6cb779d" testName="GetContentGroupDocumentValidTest" computerName="DVGEOBUILD013UK" duration="00:00:00.0928124" startTime="2016-07-28T11:02:46.1713206+01:00" endTime="2016-07-28T11:02:46.2703206+01:00" testType="13cdc9d9-ddb5-4fa4-a97d-d965ccfc6d4b" outcome="Failed" testListId="8c84fa94-04c1-424b-9868-57a2d4851a1d" relativeResultsDirectory="3eadbb9b-e1e3-4a53-89a7-cc144dad5f73">
      <Output>
        <ErrorInfo>
          <Message>Assert.Fail failed. Object reference not set to an instance of an object.</Message>
          <StackTrace>   at Tesco.Com.Rewards.Services.RBS.UnitTest.RBSRepositoryTest.GetContentGroupDocumentValidTest() in d:\JenkinsSlave\workspace\Rewards\R_RBS\UnitTest\RBSRepositoryTest.cs:line 799
</StackTrace>
        </ErrorInfo>
      </Output>
    </UnitTestResult>
    <UnitTestResult executionId="de4ffd93-ac55-4148-b0d4-81210b176200" testId="9399a8bf-243b-c27a-a8b8-8eb6dd2ba3f4" testName="GetContentGroupForAllValidTest" computerName="DVGEOBUILD013UK" duration="00:00:00.0774340" startTime="2016-07-28T11:02:46.2793206+01:00" endTime="2016-07-28T11:02:46.3623206+01:00" testType="13cdc9d9-ddb5-4fa4-a97d-d965ccfc6d4b" outcome="Passed" testListId="8c84fa94-04c1-424b-9868-57a2d4851a1d" relativeResultsDirectory="de4ffd93-ac55-4148-b0d4-81210b176200">
    </UnitTestResult>
    <UnitTestResult executionId="f3004e4e-15cd-4bd4-83ac-9f679b876b76" testId="03a8daaf-f3f8-04e3-fd31-2a099620e2e7" testName="GetDenominations" computerName="DVGEOBUILD013UK" duration="00:00:00.0963763" startTime="2016-07-28T11:02:46.3713206+01:00" endTime="2016-07-28T11:02:46.4733206+01:00" testType="13cdc9d9-ddb5-4fa4-a97d-d965ccfc6d4b" outcome="Passed" testListId="8c84fa94-04c1-424b-9868-57a2d4851a1d" relativeResultsDirectory="f3004e4e-15cd-4bd4-83ac-9f679b876b76">
    </UnitTestResult>
    <UnitTestResult executionId="74ed85c1-ffb4-4163-b97a-aedf5a69332d" testId="1cd80781-097b-70b5-cf7e-3db29fac9684" testName="GetEntitlementBasedOnRoleId" computerName="DVGEOBUILD013UK" duration="00:00:00.2596161" startTime="2016-07-28T11:02:46.4833206+01:00" endTime="2016-07-28T11:02:46.7483206+01:00" testType="13cdc9d9-ddb5-4fa4-a97d-d965ccfc6d4b" outcome="Passed" testListId="8c84fa94-04c1-424b-9868-57a2d4851a1d" relativeResultsDirectory="74ed85c1-ffb4-4163-b97a-aedf5a69332d">
    </UnitTestResult>
    <UnitTestResult executionId="427543ef-d2a2-41f8-b69d-df343094ae11" testId="71df9a08-d351-7add-13a6-62ec3e44b6fe" testName="GetEntitlementGenericException" computerName="DVGEOBUILD013UK" duration="00:00:00.0424908" startTime="2016-07-28T11:02:46.7583206+01:00" endTime="2016-07-28T11:02:46.8063206+01:00" testType="13cdc9d9-ddb5-4fa4-a97d-d965ccfc6d4b" outcome="Passed" testListId="8c84fa94-04c1-424b-9868-57a2d4851a1d" relativeResultsDirectory="427543ef-d2a2-41f8-b69d-df343094ae11">
    </UnitTestResult>
    <UnitTestResult executionId="2059f6e0-cd9f-4929-b3a6-4a8060e46c15" testId="2f480ca1-def1-8439-526d-133c5cdea65f" testName="GetLanguagesValidTest" computerName="DVGEOBUILD013UK" duration="00:00:00.0555311" startTime="2016-07-28T11:02:46.8163206+01:00" endTime="2016-07-28T11:02:46.8763206+01:00" testType="13cdc9d9-ddb5-4fa4-a97d-d965ccfc6d4b" outcome="Passed" testListId="8c84fa94-04c1-424b-9868-57a2d4851a1d" relativeResultsDirectory="2059f6e0-cd9f-4929-b3a6-4a8060e46c15">
    </UnitTestResult>
    <UnitTestResult executionId="ba55313d-4d63-4e27-b04b-f7c73b1a4339" testId="7e03c99b-2602-4d46-94cd-9de385b96df5" testName="GetNotificationTemplateTest" computerName="DVGEOBUILD013UK" duration="00:00:00.0507961" startTime="2016-07-28T11:02:46.8863206+01:00" endTime="2016-07-28T11:02:46.9423206+01:00" testType="13cdc9d9-ddb5-4fa4-a97d-d965ccfc6d4b" outcome="Passed" testListId="8c84fa94-04c1-424b-9868-57a2d4851a1d" relativeResultsDirectory="ba55313d-4d63-4e27-b04b-f7c73b1a4339">
    </UnitTestResult>
    <UnitTestResult executionId="25c43d17-3d1f-4ba2-bb0c-fe42d84c605f" testId="32c5a955-0ca3-3a34-9545-a0d08d589242" testName="GetProductVariantsTest" computerName="DVGEOBUILD013UK" duration="00:00:00.0841095" startTime="2016-07-28T11:02:46.9523206+01:00" endTime="2016-07-28T11:02:47.0423206+01:00" testType="13cdc9d9-ddb5-4fa4-a97d-d965ccfc6d4b" outcome="Passed" testListId="8c84fa94-04c1-424b-9868-57a2d4851a1d" relativeResultsDirectory="25c43d17-3d1f-4ba2-bb0c-fe42d84c605f">
    </UnitTestResult>
    <UnitTestResult executionId="5aece247-a9bb-42bd-987c-f31acef1cc8e" testId="09487928-b927-8027-c2bc-d2b508f1f6b2" testName="GetRegionDetailsValidTest" computerName="DVGEOBUILD013UK" duration="00:00:00.1012427" startTime="2016-07-28T11:02:47.0513206+01:00" endTime="2016-07-28T11:02:47.1583206+01:00" testType="13cdc9d9-ddb5-4fa4-a97d-d965ccfc6d4b" outcome="Passed" testListId="8c84fa94-04c1-424b-9868-57a2d4851a1d" relativeResultsDirectory="5aece247-a9bb-42bd-987c-f31acef1cc8e">
    </UnitTestResult>
    <UnitTestResult executionId="3037070e-c237-4569-9e8f-c5554c81e58c" testId="61775daa-4038-d53d-8fc5-ab9e23034188" testName="GetRegionHierarchyValidTest" computerName="DVGEOBUILD013UK" duration="00:00:00.0794336" startTime="2016-07-28T11:02:47.1673206+01:00" endTime="2016-07-28T11:02:47.2523206+01:00" testType="13cdc9d9-ddb5-4fa4-a97d-d965ccfc6d4b" outcome="Passed" testListId="8c84fa94-04c1-424b-9868-57a2d4851a1d" relativeResultsDirectory="3037070e-c237-4569-9e8f-c5554c81e58c">
    </UnitTestResult>
    <UnitTestResult executionId="523b2933-d161-4c63-9735-0cb031c31d02" testId="16a6330c-bde7-1dab-8e20-642f691d3aec" testName="GetRemindersAllTest" computerName="DVGEOBUILD013UK" duration="00:00:00.1770641" startTime="2016-07-28T11:02:47.2623206+01:00" endTime="2016-07-28T11:02:47.4443206+01:00" testType="13cdc9d9-ddb5-4fa4-a97d-d965ccfc6d4b" outcome="Passed" testListId="8c84fa94-04c1-424b-9868-57a2d4851a1d" relativeResultsDirectory="523b2933-d161-4c63-9735-0cb031c31d02">
    </UnitTestResult>
    <UnitTestResult executionId="00c34d95-6741-45d6-8a7d-917be6efed87" testId="80392374-d775-2993-8af1-d144582252e6" testName="GetRemindersByStyleIdTest" computerName="DVGEOBUILD013UK" duration="00:00:00.1254458" startTime="2016-07-28T11:02:47.4543206+01:00" endTime="2016-07-28T11:02:47.5843206+01:00" testType="13cdc9d9-ddb5-4fa4-a97d-d965ccfc6d4b" outcome="Passed" testListId="8c84fa94-04c1-424b-9868-57a2d4851a1d" relativeResultsDirectory="00c34d95-6741-45d6-8a7d-917be6efed87">
    </UnitTestResult>
    <UnitTestResult executionId="781743f5-fc00-4734-88bf-87403d6f888c" testId="562aa3b4-2c1a-53af-75d4-ab785a5dcb48" testName="GetRolesTest" computerName="DVGEOBUILD013UK" duration="00:00:00.0828725" startTime="2016-07-28T11:02:47.5943206+01:00" endTime="2016-07-28T11:02:47.6833206+01:00" testType="13cdc9d9-ddb5-4fa4-a97d-d965ccfc6d4b" outcome="Passed" testListId="8c84fa94-04c1-424b-9868-57a2d4851a1d" relativeResultsDirectory="781743f5-fc00-4734-88bf-87403d6f888c">
    </UnitTestResult>
    <UnitTestResult executionId="0ce7230c-e5a2-4c0c-a6e1-8b9193966a9a" testId="111a7ef6-286e-2ce0-d7cf-b40fa9568c18" testName="GetStandingDataInValidTest" computerName="DVGEOBUILD013UK" duration="00:00:00.0483580" startTime="2016-07-28T11:02:47.6933206+01:00" endTime="2016-07-28T11:02:47.7473206+01:00" testType="13cdc9d9-ddb5-4fa4-a97d-d965ccfc6d4b" outcome="Passed" testListId="8c84fa94-04c1-424b-9868-57a2d4851a1d" relativeResultsDirectory="0ce7230c-e5a2-4c0c-a6e1-8b9193966a9a">
    </UnitTestResult>
    <UnitTestResult executionId="b173b615-29f7-4d6b-9835-f84a78a035ba" testId="d1102c3f-fa10-4478-2abd-ee5f54705b4b" testName="GetStandingDataTypeValidTest" computerName="DVGEOBUILD013UK" duration="00:00:00.0771752" startTime="2016-07-28T11:02:47.7573206+01:00" endTime="2016-07-28T11:02:47.8403206+01:00" testType="13cdc9d9-ddb5-4fa4-a97d-d965ccfc6d4b" outcome="Passed" testListId="8c84fa94-04c1-424b-9868-57a2d4851a1d" relativeResultsDirectory="b173b615-29f7-4d6b-9835-f84a78a035ba">
    </UnitTestResult>
    <UnitTestResult executionId="2dfb8550-302f-4c2d-90d8-6e926d62cf58" testId="bcd904d0-0fc6-47a5-062f-1d000b6785ba" testName="GetStandingDataValidTest" computerName="DVGEOBUILD013UK" duration="00:00:00.0791966" startTime="2016-07-28T11:02:47.8503206+01:00" endTime="2016-07-28T11:02:47.9353206+01:00" testType="13cdc9d9-ddb5-4fa4-a97d-d965ccfc6d4b" outcome="Passed" testListId="8c84fa94-04c1-424b-9868-57a2d4851a1d" relativeResultsDirectory="2dfb8550-302f-4c2d-90d8-6e926d62cf58">
    </UnitTestResult>
    <UnitTestResult executionId="be11cd75-ea27-49a8-94b8-cf411b614867" testId="d6fa2ac4-0ed7-fe05-9d42-0d8a0b2d15a6" testName="GetStandingDataValueDetailValidTest" computerName="DVGEOBUILD013UK" duration="00:00:00.0652484" startTime="2016-07-28T11:02:47.9453206+01:00" endTime="2016-07-28T11:02:48.0153206+01:00" testType="13cdc9d9-ddb5-4fa4-a97d-d965ccfc6d4b" outcome="Passed" testListId="8c84fa94-04c1-424b-9868-57a2d4851a1d" relativeResultsDirectory="be11cd75-ea27-49a8-94b8-cf411b614867">
    </UnitTestResult>
    <UnitTestResult executionId="4c8031fc-1380-4b3e-9e07-fa0354ae4cdc" testId="d46ee61a-b7d0-4493-1d2b-c3a45e761034" testName="GetStandingDataValueValidTest" computerName="DVGEOBUILD013UK" duration="00:00:00.0621722" startTime="2016-07-28T11:02:48.0263206+01:00" endTime="2016-07-28T11:02:48.0933206+01:00" testType="13cdc9d9-ddb5-4fa4-a97d-d965ccfc6d4b" outcome="Passed" testListId="8c84fa94-04c1-424b-9868-57a2d4851a1d" relativeResultsDirectory="4c8031fc-1380-4b3e-9e07-fa0354ae4cdc">
    </UnitTestResult>
    <UnitTestResult executionId="13e9c9c8-43d2-4873-bf03-29e2d0cf81c7" testId="fb895889-b325-208b-8d75-b5cb6d4dd4aa" testName="GetUser_BasedOnUserName" computerName="DVGEOBUILD013UK" duration="00:00:00.1928318" startTime="2016-07-28T11:02:48.1043206+01:00" endTime="2016-07-28T11:02:48.3023206+01:00" testType="13cdc9d9-ddb5-4fa4-a97d-d965ccfc6d4b" outcome="Passed" testListId="8c84fa94-04c1-424b-9868-57a2d4851a1d" relativeResultsDirectory="13e9c9c8-43d2-4873-bf03-29e2d0cf81c7">
    </UnitTestResult>
    <UnitTestResult executionId="4e07be24-d4c5-4563-9c90-bc04506eb415" testId="04179684-2d6c-7615-6d96-b1716e350991" testName="GetUserTest" computerName="DVGEOBUILD013UK" duration="00:00:00.0344728" startTime="2016-07-28T11:02:48.3123206+01:00" endTime="2016-07-28T11:02:48.3523206+01:00" testType="13cdc9d9-ddb5-4fa4-a97d-d965ccfc6d4b" outcome="Passed" testListId="8c84fa94-04c1-424b-9868-57a2d4851a1d" relativeResultsDirectory="4e07be24-d4c5-4563-9c90-bc04506eb415">
    </UnitTestResult>
    <UnitTestResult executionId="d2485ec1-b90d-43cb-b3c5-36cb61323581" testId="13ebfc4d-751f-6ba3-ecda-8d5328fbf3d3" testName="GetVariantsTest" computerName="DVGEOBUILD013UK" duration="00:00:00.1037875" startTime="2016-07-28T11:02:48.3623206+01:00" endTime="2016-07-28T11:02:48.4713206+01:00" testType="13cdc9d9-ddb5-4fa4-a97d-d965ccfc6d4b" outcome="Passed" testListId="8c84fa94-04c1-424b-9868-57a2d4851a1d" relativeResultsDirectory="d2485ec1-b90d-43cb-b3c5-36cb61323581">
    </UnitTestResult>
    <UnitTestResult executionId="85770baf-6792-4e92-9407-69824402ac5c" testId="89bf8703-af6e-2351-7c1a-1206ef5bb74d" testName="InsertIntoRbcRequestDetailTestMethod" computerName="DVGEOBUILD013UK" duration="00:00:00.0587275" startTime="2016-07-28T11:02:48.4813206+01:00" endTime="2016-07-28T11:02:48.5453206+01:00" testType="13cdc9d9-ddb5-4fa4-a97d-d965ccfc6d4b" outcome="Failed" testListId="8c84fa94-04c1-424b-9868-57a2d4851a1d" relativeResultsDirectory="85770baf-6792-4e92-9407-69824402ac5c">
      <Output>
        <ErrorInfo>
          <Message>Test method Tesco.Com.Rewards.Services.RBS.UnitTest.RBSRepositoryTest.InsertIntoRbcRequestDetailTestMethod threw exception: 
System.Data.Entity.Infrastructure.DbUpdateException: An error occurred while updating the entries. See the inner exception for details. ---&gt; System.Data.UpdateException: An error occurred while updating the entries. See the inner exception for details. ---&gt; System.Data.SqlClient.SqlException: Invalid object name 'Product.FeedRequestDetail'.</Message>
          <StackTrace>    at System.Data.SqlClient.SqlConnection.OnError(SqlException exception, Boolean breakConnection, Action`1 wrapCloseInAction)
   at System.Data.SqlClient.SqlInternalConnection.OnError(SqlException exception, Boolean breakConnection, Action`1 wrapCloseInAction)
   at System.Data.SqlClient.TdsParser.ThrowExceptionAndWarning(TdsParserStateObject stateObj, Boolean callerHasConnectionLock, Boolean asyncClose)
   at System.Data.SqlClient.TdsParser.TryRun(RunBehavior runBehavior, SqlCommand cmdHandler, SqlDataReader dataStream, BulkCopySimpleResultSet bulkCopyHandler, TdsParserStateObject stateObj, Boolean&amp; dataReady)
   at System.Data.SqlClient.SqlDataReader.TryConsumeMetaData()
   at System.Data.SqlClient.SqlDataReader.get_MetaData()
   at System.Data.SqlClient.SqlCommand.FinishExecuteReader(SqlDataReader ds, RunBehavior runBehavior, String resetOptionsString)
   at System.Data.SqlClient.SqlCommand.RunExecuteReaderTds(CommandBehavior cmdBehavior, RunBehavior runBehavior, Boolean returnStream, Boolean async, Int32 timeout, Task&amp; task, Boolean asyncWrite, SqlDataReader ds)
   at System.Data.SqlClient.SqlCommand.RunExecuteReader(CommandBehavior cmdBehavior, RunBehavior runBehavior, Boolean returnStream, String method, TaskCompletionSource`1 completion, Int32 timeout, Task&amp; task, Boolean asyncWrite)
   at System.Data.SqlClient.SqlCommand.RunExecuteReader(CommandBehavior cmdBehavior, RunBehavior runBehavior, Boolean returnStream, String method)
   at System.Data.SqlClient.SqlCommand.ExecuteReader(CommandBehavior behavior, String method)
   at System.Data.SqlClient.SqlCommand.ExecuteDbDataReader(CommandBehavior behavior)
   at System.Data.Common.DbCommand.ExecuteReader(CommandBehavior behavior)
   at System.Data.Mapping.Update.Internal.DynamicUpdateCommand.Execute(UpdateTranslator translator, EntityConnection connection, Dictionary`2 identifierValues, List`1 generatedValues)
   at System.Data.Mapping.Update.Internal.UpdateTranslator.Update(IEntityStateManager stateManager, IEntityAdapter adapter)
 --- End of inner exception stack trace ---
    at System.Data.Mapping.Update.Internal.UpdateTranslator.Update(IEntityStateManager stateManager, IEntityAdapter adapter)
   at System.Data.EntityClient.EntityAdapter.Update(IEntityStateManager entityCache)
   at System.Data.Objects.ObjectContext.SaveChanges(SaveOptions options)
   at System.Data.Entity.Internal.InternalContext.SaveChanges()
 --- End of inner exception stack trace ---
    at System.Data.Entity.Internal.InternalContext.SaveChanges()
   at System.Data.Entity.Internal.LazyInternalContext.SaveChanges()
   at System.Data.Entity.DbContext.SaveChanges()
   at Tesco.Com.Rewards.Services.RBS.Repositories.RewardsBusinessServiceRepository.CreateFeedGenerationRequest(FeedGenerationRequest FeedRequest, CallContext callContext) in d:\JenkinsSlave\workspace\Rewards\R_RBS\Repositories\EntityFramework\RewardsBusinessServiceRepository.cs:line 533
   at Tesco.Com.Rewards.Services.RBS.UnitTest.RBSRepositoryTest.InsertIntoRbcRequestDetailTestMethod() in d:\JenkinsSlave\workspace\Rewards\R_RBS\UnitTest\RBSRepositoryTest.cs:line 2016
</StackTrace>
        </ErrorInfo>
      </Output>
    </UnitTestResult>
    <UnitTestResult executionId="a9ad8e3c-1b35-4e50-9563-e02e76dbd0be" testId="2e30d1a4-f531-27e4-9878-1c0560736c2a" testName="SaveNewEntitlementTest" computerName="DVGEOBUILD013UK" duration="00:00:00.1349126" startTime="2016-07-28T11:02:48.5563206+01:00" endTime="2016-07-28T11:02:48.6963206+01:00" testType="13cdc9d9-ddb5-4fa4-a97d-d965ccfc6d4b" outcome="Passed" testListId="8c84fa94-04c1-424b-9868-57a2d4851a1d" relativeResultsDirectory="a9ad8e3c-1b35-4e50-9563-e02e76dbd0be">
    </UnitTestResult>
    <UnitTestResult executionId="6a0cb3ef-044e-4bd4-b7d5-b3e672ba5069" testId="9a7fda46-438e-41f3-5e98-7959c71d474c" testName="SaveupdateEntitlementTest" computerName="DVGEOBUILD013UK" duration="00:00:00.3933228" startTime="2016-07-28T11:02:48.7073206+01:00" endTime="2016-07-28T11:02:49.1063206+01:00" testType="13cdc9d9-ddb5-4fa4-a97d-d965ccfc6d4b" outcome="Passed" testListId="8c84fa94-04c1-424b-9868-57a2d4851a1d" relativeResultsDirectory="6a0cb3ef-044e-4bd4-b7d5-b3e672ba5069">
      <Output>
        <StdOut>&lt;?xml version="1.0" encoding="utf-16"?&gt;&lt;RoleEntitlementMapping xmlns:xsi="http://www.w3.org/2001/XMLSchema-instance" xmlns:xsd="http://www.w3.org/2001/XMLSchema"&gt;&lt;RoleId&gt;2&lt;/RoleId&gt;&lt;EntitlementDetails&gt;&lt;EntitlementDetail&gt;&lt;EntitlementId&gt;3&lt;/EntitlementId&gt;&lt;EntitlementValueId&gt;0&lt;/EntitlementValueId&gt;&lt;EntitlementValueText&gt;test&lt;/EntitlementValueText&gt;&lt;/EntitlementDetail&gt;&lt;/EntitlementDetails&gt;&lt;/RoleEntitlementMapping&gt;</StdOut>
      </Output>
    </UnitTestResult>
    <UnitTestResult executionId="15835e41-7718-41d2-8a30-d0e66ace3fd9" testId="5a32e9bd-20ab-b200-2b40-330dfd2ec4a1" testName="SaveVariantType_AddDBExceptionTest" computerName="DVGEOBUILD013UK" duration="00:00:00.1035156" startTime="2016-07-28T11:02:49.1163206+01:00" endTime="2016-07-28T11:02:49.2263206+01:00" testType="13cdc9d9-ddb5-4fa4-a97d-d965ccfc6d4b" outcome="Passed" testListId="8c84fa94-04c1-424b-9868-57a2d4851a1d" relativeResultsDirectory="15835e41-7718-41d2-8a30-d0e66ace3fd9">
    </UnitTestResult>
    <UnitTestResult executionId="303f2172-76ad-4884-8bb0-f490a2c6949d" testId="025d09fa-600f-23ce-6e9f-eb1cd9a10dae" testName="SaveVariantType_AddExceptionTest" computerName="DVGEOBUILD013UK" duration="00:00:00.0386961" startTime="2016-07-28T11:02:49.2353206+01:00" endTime="2016-07-28T11:02:49.2803206+01:00" testType="13cdc9d9-ddb5-4fa4-a97d-d965ccfc6d4b" outcome="Passed" testListId="8c84fa94-04c1-424b-9868-57a2d4851a1d" relativeResultsDirectory="303f2172-76ad-4884-8bb0-f490a2c6949d">
    </UnitTestResult>
    <UnitTestResult executionId="ea48ca34-f479-4731-a47c-7ce241d554f5" testId="29e53ac0-519a-da58-a3b1-48c0199c51da" testName="SaveVariantType_AddexistingTest" computerName="DVGEOBUILD013UK" duration="00:00:00.0668844" startTime="2016-07-28T11:02:49.2893206+01:00" endTime="2016-07-28T11:02:49.3623206+01:00" testType="13cdc9d9-ddb5-4fa4-a97d-d965ccfc6d4b" outcome="Passed" testListId="8c84fa94-04c1-424b-9868-57a2d4851a1d" relativeResultsDirectory="ea48ca34-f479-4731-a47c-7ce241d554f5">
    </UnitTestResult>
    <UnitTestResult executionId="c945eef2-74cf-4906-b868-d2b80c3b5113" testId="62b688ae-fcf8-9c0d-7ccd-75d6cba24ba6" testName="SaveVariantType_AddTest" computerName="DVGEOBUILD013UK" duration="00:00:00.0354197" startTime="2016-07-28T11:02:49.3723206+01:00" endTime="2016-07-28T11:02:49.4143206+01:00" testType="13cdc9d9-ddb5-4fa4-a97d-d965ccfc6d4b" outcome="Passed" testListId="8c84fa94-04c1-424b-9868-57a2d4851a1d" relativeResultsDirectory="c945eef2-74cf-4906-b868-d2b80c3b5113">
    </UnitTestResult>
    <UnitTestResult executionId="332f86c5-c277-4f0e-9bfc-87d0fb1d8369" testId="b2d1b920-6e9a-6eb7-585d-0f230028fe4a" testName="SaveVariantType_ArgExceptionTest" computerName="DVGEOBUILD013UK" duration="00:00:00.0231595" startTime="2016-07-28T11:02:49.4243206+01:00" endTime="2016-07-28T11:02:49.4533206+01:00" testType="13cdc9d9-ddb5-4fa4-a97d-d965ccfc6d4b" outcome="Passed" testListId="8c84fa94-04c1-424b-9868-57a2d4851a1d" relativeResultsDirectory="332f86c5-c277-4f0e-9bfc-87d0fb1d8369">
    </UnitTestResult>
    <UnitTestResult executionId="546ff036-0132-46cd-8c65-0ec8572f76ff" testId="efe0ce90-5328-c99c-1421-6704602fc7a3" testName="SaveVariantType_UpdateSQLExceptionTest" computerName="DVGEOBUILD013UK" duration="00:00:00.0445185" startTime="2016-07-28T11:02:49.4613206+01:00" endTime="2016-07-28T11:02:49.5113206+01:00" testType="13cdc9d9-ddb5-4fa4-a97d-d965ccfc6d4b" outcome="Passed" testListId="8c84fa94-04c1-424b-9868-57a2d4851a1d" relativeResultsDirectory="546ff036-0132-46cd-8c65-0ec8572f76ff">
    </UnitTestResult>
    <UnitTestResult executionId="d9342e69-09a2-4c44-b2bd-d284e4b52086" testId="5f1855d9-9567-4eb2-37d2-256ba534a6c0" testName="SaveVariantType_UpdateTest" computerName="DVGEOBUILD013UK" duration="00:00:00.0337757" startTime="2016-07-28T11:02:49.5203206+01:00" endTime="2016-07-28T11:02:49.5593206+01:00" testType="13cdc9d9-ddb5-4fa4-a97d-d965ccfc6d4b" outcome="Passed" testListId="8c84fa94-04c1-424b-9868-57a2d4851a1d" relativeResultsDirectory="d9342e69-09a2-4c44-b2bd-d284e4b52086">
    </UnitTestResult>
    <UnitTestResult executionId="2cd10195-4c65-44dc-ab6c-219d133d217e" testId="310b7b15-60d6-17c8-42cc-e325ce6a46aa" testName="SaveVariantValue_ArgExceptionTest" computerName="DVGEOBUILD013UK" duration="00:00:00.0300913" startTime="2016-07-28T11:02:49.5693206+01:00" endTime="2016-07-28T11:02:49.6043206+01:00" testType="13cdc9d9-ddb5-4fa4-a97d-d965ccfc6d4b" outcome="Passed" testListId="8c84fa94-04c1-424b-9868-57a2d4851a1d" relativeResultsDirectory="2cd10195-4c65-44dc-ab6c-219d133d217e">
    </UnitTestResult>
    <UnitTestResult executionId="22436b80-1db6-42ac-a0c5-65e785578d99" testId="53313eb6-364b-3d51-edfe-3c1cc527aa02" testName="SaveVariantValues_AddDBExceptionTest" computerName="DVGEOBUILD013UK" duration="00:00:00.0894072" startTime="2016-07-28T11:02:49.6133206+01:00" endTime="2016-07-28T11:02:49.7083206+01:00" testType="13cdc9d9-ddb5-4fa4-a97d-d965ccfc6d4b" outcome="Passed" testListId="8c84fa94-04c1-424b-9868-57a2d4851a1d" relativeResultsDirectory="22436b80-1db6-42ac-a0c5-65e785578d99">
    </UnitTestResult>
    <UnitTestResult executionId="e24b5302-d8c5-4e7a-86a0-7fc09d3f5daf" testId="ff57cbb1-c966-b6e6-deee-1ef64b77ddd8" testName="SaveVariantValues_AddTest" computerName="DVGEOBUILD013UK" duration="00:00:00.0410979" startTime="2016-07-28T11:02:49.7183206+01:00" endTime="2016-07-28T11:02:49.7653206+01:00" testType="13cdc9d9-ddb5-4fa4-a97d-d965ccfc6d4b" outcome="Passed" testListId="8c84fa94-04c1-424b-9868-57a2d4851a1d" relativeResultsDirectory="e24b5302-d8c5-4e7a-86a0-7fc09d3f5daf">
    </UnitTestResult>
    <UnitTestResult executionId="61f5607c-d740-4c22-8a3b-202b80eda9db" testId="569a8dc3-0faf-bbd2-1a31-d68a4d4fc455" testName="SaveVariantValues_UpdateTest" computerName="DVGEOBUILD013UK" duration="00:00:00.0851584" startTime="2016-07-28T11:02:49.7743206+01:00" endTime="2016-07-28T11:02:49.8643206+01:00" testType="13cdc9d9-ddb5-4fa4-a97d-d965ccfc6d4b" outcome="Passed" testListId="8c84fa94-04c1-424b-9868-57a2d4851a1d" relativeResultsDirectory="61f5607c-d740-4c22-8a3b-202b80eda9db">
    </UnitTestResult>
    <UnitTestResult executionId="f018603e-751b-4d86-ba49-689804509e68" testId="4ada6f89-2f4f-feca-c858-4edb9a6fc4bf" testName="SearchContentGroupRepositoryTest" computerName="DVGEOBUILD013UK" duration="00:00:00.0744880" startTime="2016-07-28T11:02:49.8743206+01:00" endTime="2016-07-28T11:02:49.9543206+01:00" testType="13cdc9d9-ddb5-4fa4-a97d-d965ccfc6d4b" outcome="Passed" testListId="8c84fa94-04c1-424b-9868-57a2d4851a1d" relativeResultsDirectory="f018603e-751b-4d86-ba49-689804509e68">
    </UnitTestResult>
    <UnitTestResult executionId="d5a7d318-4a51-494e-a7cb-9c36721b264c" testId="048b1af9-d32c-12c5-27bd-81f927eb7006" testName="SearchUserTest" computerName="DVGEOBUILD013UK" duration="00:00:00.1293804" startTime="2016-07-28T11:02:49.9653206+01:00" endTime="2016-07-28T11:02:50.0993206+01:00" testType="13cdc9d9-ddb5-4fa4-a97d-d965ccfc6d4b" outcome="Passed" testListId="8c84fa94-04c1-424b-9868-57a2d4851a1d" relativeResultsDirectory="d5a7d318-4a51-494e-a7cb-9c36721b264c">
    </UnitTestResult>
    <UnitTestResult executionId="95a3d85f-0454-4749-b361-5e9882633027" testId="d84c2977-2a4e-0204-cb2a-233374115f16" testName="SearchUserTestForEmptyQuery" computerName="DVGEOBUILD013UK" duration="00:00:00.0344408" startTime="2016-07-28T11:02:50.1093206+01:00" endTime="2016-07-28T11:02:50.1483206+01:00" testType="13cdc9d9-ddb5-4fa4-a97d-d965ccfc6d4b" outcome="Passed" testListId="8c84fa94-04c1-424b-9868-57a2d4851a1d" relativeResultsDirectory="95a3d85f-0454-4749-b361-5e9882633027">
    </UnitTestResult>
    <UnitTestResult executionId="bfece0cf-afa9-4d12-80c7-3af292b085de" testId="96ceb9b2-9bb6-0cca-9402-80aa02d8877c" testName="Update_Roletest" computerName="DVGEOBUILD013UK" duration="00:00:00.1777909" startTime="2016-07-28T11:02:50.1593206+01:00" endTime="2016-07-28T11:02:50.3423206+01:00" testType="13cdc9d9-ddb5-4fa4-a97d-d965ccfc6d4b" outcome="Passed" testListId="8c84fa94-04c1-424b-9868-57a2d4851a1d" relativeResultsDirectory="bfece0cf-afa9-4d12-80c7-3af292b085de">
    </UnitTestResult>
    <UnitTestResult executionId="17937d30-3bf3-4e75-8c65-b34009619bfb" testId="547c4cf5-8758-f03b-1230-35ba93a01a21" testName="UpdateContentGroupApprovedTest" computerName="DVGEOBUILD013UK" duration="00:00:00.0687729" startTime="2016-07-28T11:02:50.3523206+01:00" endTime="2016-07-28T11:02:50.4263206+01:00" testType="13cdc9d9-ddb5-4fa4-a97d-d965ccfc6d4b" outcome="Failed" testListId="8c84fa94-04c1-424b-9868-57a2d4851a1d" relativeResultsDirectory="17937d30-3bf3-4e75-8c65-b34009619bfb">
      <Output>
        <ErrorInfo>
          <Message>Assert.Fail failed. An error occurred while updating the entries. See the inner exception for details.</Message>
          <StackTrace>   at Tesco.Com.Rewards.Services.RBS.UnitTest.RBSRepositoryTest.UpdateContentGroupApprovedTest() in d:\JenkinsSlave\workspace\Rewards\R_RBS\UnitTest\RBSRepositoryTest.cs:line 931
</StackTrace>
        </ErrorInfo>
      </Output>
    </UnitTestResult>
    <UnitTestResult executionId="5a1c3ff6-aad7-4b7a-af9c-3dc7ff6aea4a" testId="63fe0ec4-65bb-9b45-56a8-2cd1cc1705dc" testName="UpdateContentGroupRedraftTest" computerName="DVGEOBUILD013UK" duration="00:00:00.0481064" startTime="2016-07-28T11:02:50.4363206+01:00" endTime="2016-07-28T11:02:50.4903206+01:00" testType="13cdc9d9-ddb5-4fa4-a97d-d965ccfc6d4b" outcome="Failed" testListId="8c84fa94-04c1-424b-9868-57a2d4851a1d" relativeResultsDirectory="5a1c3ff6-aad7-4b7a-af9c-3dc7ff6aea4a">
      <Output>
        <ErrorInfo>
          <Message>Assert.Fail failed. Cannot roll back RedraftContentGroup. No transaction or savepoint of that name was found.
[Admin].[CreateReDraftContentGroup]: 1088: Cannot find the object "Admin.ContentGroup" because it does not exist or you do not have permissions.
Transaction count after EXECUTE indicates a mismatching number of BEGIN and COMMIT statements. Previous count = 1, current count = 2.
Transaction count after EXECUTE indicates a mismatching number of BEGIN and COMMIT statements. Previous count = 1, current count = 2.
Uncommittable transaction is detected at the end of the batch. The transaction is rolled back.</Message>
          <StackTrace>   at Tesco.Com.Rewards.Services.RBS.UnitTest.RBSRepositoryTest.UpdateContentGroupRedraftTest() in d:\JenkinsSlave\workspace\Rewards\R_RBS\UnitTest\RBSRepositoryTest.cs:line 967
</StackTrace>
        </ErrorInfo>
      </Output>
    </UnitTestResult>
    <UnitTestResult executionId="40188b31-82e7-4aa5-a19d-ecdac115a0b5" testId="0b537d71-5929-385e-f1b2-ee26cbe040c1" testName="UpdateContentGroupValidTest" computerName="DVGEOBUILD013UK" duration="00:00:00.0213483" startTime="2016-07-28T11:02:50.4993206+01:00" endTime="2016-07-28T11:02:50.5263206+01:00" testType="13cdc9d9-ddb5-4fa4-a97d-d965ccfc6d4b" outcome="Passed" testListId="8c84fa94-04c1-424b-9868-57a2d4851a1d" relativeResultsDirectory="40188b31-82e7-4aa5-a19d-ecdac115a0b5">
    </UnitTestResult>
    <UnitTestResult executionId="e17b4e8e-fe24-467a-a629-d6c2318de527" testId="6f8ece04-77ab-1958-dbdd-22f9b10296b9" testName="UpdateNotificationDBExceptionTest" computerName="DVGEOBUILD013UK" duration="00:00:00.0689666" startTime="2016-07-28T11:02:50.5363206+01:00" endTime="2016-07-28T11:02:50.6103206+01:00" testType="13cdc9d9-ddb5-4fa4-a97d-d965ccfc6d4b" outcome="Passed" testListId="8c84fa94-04c1-424b-9868-57a2d4851a1d" relativeResultsDirectory="e17b4e8e-fe24-467a-a629-d6c2318de527">
    </UnitTestResult>
    <UnitTestResult executionId="74a50277-b0ef-431f-b864-9d987c44c1b2" testId="a3a7f06f-080c-4803-5ea1-7bc11d561c7d" testName="UpdateNotificationDuplicateTemplateNameTest" computerName="DVGEOBUILD013UK" duration="00:00:00.0413106" startTime="2016-07-28T11:02:50.6203206+01:00" endTime="2016-07-28T11:02:50.6673206+01:00" testType="13cdc9d9-ddb5-4fa4-a97d-d965ccfc6d4b" outcome="Passed" testListId="8c84fa94-04c1-424b-9868-57a2d4851a1d" relativeResultsDirectory="74a50277-b0ef-431f-b864-9d987c44c1b2">
    </UnitTestResult>
    <UnitTestResult executionId="7dbce1fc-6041-4781-8203-6c494393aefa" testId="19e05672-1369-a11f-0464-402b0c771357" testName="UpdateReminderDetailDBExceptionTest" computerName="DVGEOBUILD013UK" duration="00:00:00.0604779" startTime="2016-07-28T11:02:50.6763206+01:00" endTime="2016-07-28T11:02:50.7423206+01:00" testType="13cdc9d9-ddb5-4fa4-a97d-d965ccfc6d4b" outcome="Passed" testListId="8c84fa94-04c1-424b-9868-57a2d4851a1d" relativeResultsDirectory="7dbce1fc-6041-4781-8203-6c494393aefa">
    </UnitTestResult>
    <UnitTestResult executionId="18f90abe-329f-44e6-8154-a1bb79e79fd7" testId="3308cc3c-c0a8-22fb-d30c-92b6d0b49034" testName="UpdateUser_AuthTokenTest" computerName="DVGEOBUILD013UK" duration="00:00:00.0961758" startTime="2016-07-28T11:02:50.7523206+01:00" endTime="2016-07-28T11:02:50.8533206+01:00" testType="13cdc9d9-ddb5-4fa4-a97d-d965ccfc6d4b" outcome="Passed" testListId="8c84fa94-04c1-424b-9868-57a2d4851a1d" relativeResultsDirectory="18f90abe-329f-44e6-8154-a1bb79e79fd7">
    </UnitTestResult>
    <UnitTestResult executionId="49d38463-e054-486f-bf75-cd2a39f07fe0" testId="21d2c53d-f829-e37c-fe13-951faf49a82b" testName="UpdateUser_UpdateLastLogin" computerName="DVGEOBUILD013UK" duration="00:00:00.0978833" startTime="2016-07-28T11:02:50.8633206+01:00" endTime="2016-07-28T11:02:50.9663206+01:00" testType="13cdc9d9-ddb5-4fa4-a97d-d965ccfc6d4b" outcome="Passed" testListId="8c84fa94-04c1-424b-9868-57a2d4851a1d" relativeResultsDirectory="49d38463-e054-486f-bf75-cd2a39f07fe0">
    </UnitTestResult>
    <UnitTestResult executionId="adbc1e3f-a006-45df-b712-a842c9257e13" testId="7fc3faf5-27ca-9afe-fd0b-b94b726f6b8b" testName="UpdateUser_UpdateWrongPasswordAttempt" computerName="DVGEOBUILD013UK" duration="00:00:00.0409039" startTime="2016-07-28T11:02:50.9753206+01:00" endTime="2016-07-28T11:02:51.0203206+01:00" testType="13cdc9d9-ddb5-4fa4-a97d-d965ccfc6d4b" outcome="Passed" testListId="8c84fa94-04c1-424b-9868-57a2d4851a1d" relativeResultsDirectory="adbc1e3f-a006-45df-b712-a842c9257e13">
    </UnitTestResult>
    <UnitTestResult executionId="bb98bad1-76b4-45f4-aaba-212e9121ab83" testId="213606a8-6de7-62b2-f0cb-5525f41b276f" testName="UpdateUserTest" computerName="DVGEOBUILD013UK" duration="00:00:00.0604994" startTime="2016-07-28T11:02:51.0293206+01:00" endTime="2016-07-28T11:02:51.0953206+01:00" testType="13cdc9d9-ddb5-4fa4-a97d-d965ccfc6d4b" outcome="Passed" testListId="8c84fa94-04c1-424b-9868-57a2d4851a1d" relativeResultsDirectory="bb98bad1-76b4-45f4-aaba-212e9121ab83">
    </UnitTestResult>
  </Results>
</TestRun>